#
# There is insufficient memory for the Java Runtime Environment to continue.
# Native memory allocation (mmap) failed to map 21072183296 bytes for G1 virtual space
# Possible reasons:
#   The system is out of physical RAM or swap space
# Possible solutions:
#   Reduce memory load on the system
#   Increase physical memory or swap space
#   Check if swap backing store is full
#   Decrease Java heap size (-Xmx/-Xms)
#   Decrease number of Java threads
#   Decrease Java thread stack sizes (-Xss)
#   Set larger code cache with -XX:ReservedCodeCacheSize=
# This output file may be truncated or incomplete.
#
#  Out of Memory Error (os_windows.cpp:3617), pid=21120, tid=19436
#
# JRE version: OpenJDK Runtime Environment Temurin-17.0.8+7 (17.0.8+7) (build 17.0.8+7)
# Java VM: OpenJDK 64-Bit Server VM Temurin-17.0.8+7 (17.0.8+7, mixed mode, tiered, compressed class ptrs, g1 gc, windows-amd64)
# No core dump will be written. Minidumps are not enabled by default on client versions of Windows
#

---------------  S U M M A R Y ------------

Command Line: -Xms256M -Xmx20G -Xms512M -Xmx64000M -Dfile.encoding=UTF-8 -XX:+ShowCodeDetailsInExceptionMessages ia_practica_2.Principal

Host: AMD Ryzen 5 5600G with Radeon Graphics         , 12 cores, 31G,  Windows 11 , 64 bit Build 22621 (10.0.22621.2215)
Time: Thu Sep 14 11:03:32 2023 Central Standard Time (Mexico) elapsed time: 9.262502 seconds (0d 0h 0m 9s)

---------------  T H R E A D  ---------------

Current thread (0x0000029ece8fe5b0):  VMThread "VM Thread" [stack: 0x000000ecc5f00000,0x000000ecc6000000] [id=19436]

Stack: [0x000000ecc5f00000,0x000000ecc6000000]
Native frames: (J=compiled Java code, j=interpreted, Vv=VM code, C=native code)
V  [jvm.dll+0x678b0a]
V  [jvm.dll+0x835e84]
V  [jvm.dll+0x83762e]
V  [jvm.dll+0x837c93]
V  [jvm.dll+0x24746f]
V  [jvm.dll+0x675859]
V  [jvm.dll+0x66a0ea]
V  [jvm.dll+0x306c7b]
V  [jvm.dll+0x30e166]
V  [jvm.dll+0x35dd3e]
V  [jvm.dll+0x35df6f]
V  [jvm.dll+0x2ddb48]
V  [jvm.dll+0x2dbd0c]
V  [jvm.dll+0x2db2dc]
V  [jvm.dll+0x31f18b]
V  [jvm.dll+0x83c15b]
V  [jvm.dll+0x83ce94]
V  [jvm.dll+0x83d3ac]
V  [jvm.dll+0x83d784]
V  [jvm.dll+0x83d850]
V  [jvm.dll+0x7e64ca]
V  [jvm.dll+0x677955]
C  [ucrtbase.dll+0x29363]
C  [KERNEL32.DLL+0x1257d]
C  [ntdll.dll+0x5aa68]

VM_Operation (0x000000ecc6cfed40): G1CollectForAllocation, mode: safepoint, requested by thread 0x0000029ed15d6d00


---------------  P R O C E S S  ---------------

Threads class SMR info:
_java_thread_list=0x0000029ed15ed6d0, length=14, elements={
0x0000028e873e14d0, 0x0000029ed13e3680, 0x0000029ed13e4310, 0x0000029ed141c860,
0x0000029ed141d420, 0x0000029ed141dde0, 0x0000029ed141e7a0, 0x0000029ed14341d0,
0x0000029ed149c7b0, 0x0000029ed149cdc0, 0x0000029ed15a9700, 0x0000029ed15c2010,
0x0000029ed15d6d00, 0x0000029ed15d91f0
}

Java Threads: ( => current thread )
  0x0000028e873e14d0 JavaThread "main" [_thread_blocked, id=16516, stack(0x000000ecc5900000,0x000000ecc5a00000)]
  0x0000029ed13e3680 JavaThread "Reference Handler" daemon [_thread_blocked, id=10592, stack(0x000000ecc6000000,0x000000ecc6100000)]
  0x0000029ed13e4310 JavaThread "Finalizer" daemon [_thread_blocked, id=20492, stack(0x000000ecc6100000,0x000000ecc6200000)]
  0x0000029ed141c860 JavaThread "Signal Dispatcher" daemon [_thread_blocked, id=22404, stack(0x000000ecc6200000,0x000000ecc6300000)]
  0x0000029ed141d420 JavaThread "Attach Listener" daemon [_thread_blocked, id=22484, stack(0x000000ecc6300000,0x000000ecc6400000)]
  0x0000029ed141dde0 JavaThread "Service Thread" daemon [_thread_blocked, id=11420, stack(0x000000ecc6400000,0x000000ecc6500000)]
  0x0000029ed141e7a0 JavaThread "Monitor Deflation Thread" daemon [_thread_blocked, id=20584, stack(0x000000ecc6500000,0x000000ecc6600000)]
  0x0000029ed14341d0 JavaThread "C2 CompilerThread0" daemon [_thread_blocked, id=20220, stack(0x000000ecc6600000,0x000000ecc6700000)]
  0x0000029ed149c7b0 JavaThread "C1 CompilerThread0" daemon [_thread_blocked, id=9640, stack(0x000000ecc6700000,0x000000ecc6800000)]
  0x0000029ed149cdc0 JavaThread "Sweeper thread" daemon [_thread_blocked, id=20176, stack(0x000000ecc6800000,0x000000ecc6900000)]
  0x0000029ed15a9700 JavaThread "Notification Thread" daemon [_thread_blocked, id=1660, stack(0x000000ecc6900000,0x000000ecc6a00000)]
  0x0000029ed15c2010 JavaThread "Common-Cleaner" daemon [_thread_blocked, id=9344, stack(0x000000ecc6b00000,0x000000ecc6c00000)]
  0x0000029ed15d6d00 JavaThread "Thread-0" [_thread_blocked, id=10948, stack(0x000000ecc6c00000,0x000000ecc6d00000)]
  0x0000029ed15d91f0 JavaThread "Thread-1" [_thread_blocked, id=6680, stack(0x000000ecc6d00000,0x000000ecc6e00000)]

Other Threads:
=>0x0000029ece8fe5b0 VMThread "VM Thread" [stack: 0x000000ecc5f00000,0x000000ecc6000000] [id=19436]
  0x0000029ece71ac00 WatcherThread [stack: 0x000000ecc6a00000,0x000000ecc6b00000] [id=21176]
  0x0000028e8749b9f0 GCTaskThread "GC Thread#0" [stack: 0x000000ecc5a00000,0x000000ecc5b00000] [id=5008]
  0x0000029ed17aece0 GCTaskThread "GC Thread#1" [stack: 0x000000ecc6e00000,0x000000ecc6f00000] [id=18616]
  0x0000029ed15abbf0 GCTaskThread "GC Thread#2" [stack: 0x000000ecc6f00000,0x000000ecc7000000] [id=2524]
  0x0000029ed60428b0 GCTaskThread "GC Thread#3" [stack: 0x000000ecc7000000,0x000000ecc7100000] [id=4464]
  0x0000029ed6042b70 GCTaskThread "GC Thread#4" [stack: 0x000000ecc7100000,0x000000ecc7200000] [id=21096]
  0x0000029ed6042e30 GCTaskThread "GC Thread#5" [stack: 0x000000ecc7200000,0x000000ecc7300000] [id=22492]
  0x0000029ed60430f0 GCTaskThread "GC Thread#6" [stack: 0x000000ecc7300000,0x000000ecc7400000] [id=12848]
  0x0000029ed62da370 GCTaskThread "GC Thread#7" [stack: 0x000000ecc7400000,0x000000ecc7500000] [id=22460]
  0x0000029ed62da630 GCTaskThread "GC Thread#8" [stack: 0x000000ecc7500000,0x000000ecc7600000] [id=8588]
  0x0000029ed62da8f0 GCTaskThread "GC Thread#9" [stack: 0x000000ecc7600000,0x000000ecc7700000] [id=18320]
  0x0000029ece714bb0 ConcurrentGCThread "G1 Main Marker" [stack: 0x000000ecc5b00000,0x000000ecc5c00000] [id=20228]
  0x0000028e8749cd20 ConcurrentGCThread "G1 Conc#0" [stack: 0x000000ecc5c00000,0x000000ecc5d00000] [id=8176]
  0x0000029ece780c60 ConcurrentGCThread "G1 Refine#0" [stack: 0x000000ecc5d00000,0x000000ecc5e00000] [id=11800]
  0x0000029ed179d9d0 ConcurrentGCThread "G1 Refine#1" [stack: 0x000000ecc7700000,0x000000ecc7800000] [id=6032]
  0x0000029ed6219e40 ConcurrentGCThread "G1 Refine#2" [stack: 0x000000ecc7800000,0x000000ecc7900000] [id=9488]
  0x0000029ed621a130 ConcurrentGCThread "G1 Refine#3" [stack: 0x000000ecc7900000,0x000000ecc7a00000] [id=6808]
  0x0000029ed621a420 ConcurrentGCThread "G1 Refine#4" [stack: 0x000000ecc7a00000,0x000000ecc7b00000] [id=4596]
  0x0000029ed621ab20 ConcurrentGCThread "G1 Refine#5" [stack: 0x000000ecc7b00000,0x000000ecc7c00000] [id=1244]
  0x0000029ed1797d30 ConcurrentGCThread "G1 Refine#6" [stack: 0x000000ecc7c00000,0x000000ecc7d00000] [id=4880]
  0x0000029ed1798e80 ConcurrentGCThread "G1 Refine#7" [stack: 0x000000ecc7d00000,0x000000ecc7e00000] [id=20748]
  0x0000029ed1799980 ConcurrentGCThread "G1 Refine#8" [stack: 0x000000ecc7e00000,0x000000ecc7f00000] [id=8672]
  0x0000029ed62d8040 ConcurrentGCThread "G1 Refine#9" [stack: 0x000000ecc7f00000,0x000000ecc8000000] [id=20776]
  0x0000029ece781690 ConcurrentGCThread "G1 Service" [stack: 0x000000ecc5e00000,0x000000ecc5f00000] [id=15560]

Threads with active compile tasks:

VM state: at safepoint (normal execution)

VM Mutex/Monitor currently owned by a thread:  ([mutex/lock_event])
[0x0000028e873de030] Threads_lock - owner thread: 0x0000029ece8fe5b0
[0x0000028e873dcf50] Heap_lock - owner thread: 0x0000029ed15d6d00

CDS archive(s) not mapped
Compressed class space mapped at: 0x0000000080000000-0x00000000c0000000, reserved size: 1073741824
Narrow klass base: 0x0000000000000000, Narrow klass shift: 0, Narrow klass range: 0xc0000000

GC Precious Log:
 CPUs: 12 total, 12 available
 Memory: 32562M
 Large Page Support: Disabled
 NUMA Support: Disabled
 Compressed Oops: Disabled
 Heap Region Size: 32M
 Heap Min Capacity: 512M
 Heap Initial Capacity: 512M
 Heap Max Capacity: 64000M
 Pre-touch: Disabled
 Parallel Workers: 10
 Concurrent Workers: 3
 Concurrent Refinement Workers: 10
 Periodic GC: Disabled

Heap:
 garbage-first heap   total 14155776K, used 3693355K [0x0000028e9a000000, 0x0000029e3a000000)
  region size 32768K, 3 young (98304K), 3 survivors (98304K)
 Metaspace       used 4039K, committed 4224K, reserved 1114112K
  class space    used 330K, committed 448K, reserved 1048576K

Heap Regions: E=young(eden), S=young(survivor), O=old, HS=humongous(starts), HC=humongous(continues), CS=collection set, F=free, OA=open archive, CA=closed archive, TAMS=top-at-mark-start (previous, next)
|   0|0x0000028e9a000000, 0x0000028e9c000000, 0x0000028e9c000000|100%| O|  |TAMS 0x0000028e9a000000, 0x0000028e9a000000| Untracked 
|   1|0x0000028e9c000000, 0x0000028e9e000000, 0x0000028e9e000000|100%| O|  |TAMS 0x0000028e9c000000, 0x0000028e9c000000| Untracked 
|   2|0x0000028e9e000000, 0x0000028ea0000000, 0x0000028ea0000000|100%| O|  |TAMS 0x0000028e9e000000, 0x0000028e9e000000| Untracked 
|   3|0x0000028ea0000000, 0x0000028ea2000000, 0x0000028ea2000000|100%| O|  |TAMS 0x0000028ea0000000, 0x0000028ea0000000| Untracked 
|   4|0x0000028ea2000000, 0x0000028ea4000000, 0x0000028ea4000000|100%| O|  |TAMS 0x0000028ea2000000, 0x0000028ea2000000| Untracked 
|   5|0x0000028ea4000000, 0x0000028ea6000000, 0x0000028ea6000000|100%| O|  |TAMS 0x0000028ea4000000, 0x0000028ea4000000| Untracked 
|   6|0x0000028ea6000000, 0x0000028ea8000000, 0x0000028ea8000000|100%| O|  |TAMS 0x0000028ea6000000, 0x0000028ea6000000| Untracked 
|   7|0x0000028ea8000000, 0x0000028eaa000000, 0x0000028eaa000000|100%| O|  |TAMS 0x0000028ea8000000, 0x0000028ea8000000| Untracked 
|   8|0x0000028eaa000000, 0x0000028eac000000, 0x0000028eac000000|100%| O|  |TAMS 0x0000028eaa000000, 0x0000028eaa000000| Untracked 
|   9|0x0000028eac000000, 0x0000028eae000000, 0x0000028eae000000|100%| O|  |TAMS 0x0000028eac000000, 0x0000028eac000000| Untracked 
|  10|0x0000028eae000000, 0x0000028eb0000000, 0x0000028eb0000000|100%| O|  |TAMS 0x0000028eae000000, 0x0000028eae000000| Untracked 
|  11|0x0000028eb0000000, 0x0000028eb2000000, 0x0000028eb2000000|100%| O|  |TAMS 0x0000028eb0000000, 0x0000028eb0000000| Untracked 
|  12|0x0000028eb2000000, 0x0000028eb4000000, 0x0000028eb4000000|100%| O|  |TAMS 0x0000028eb2000000, 0x0000028eb2000000| Untracked 
|  13|0x0000028eb4000000, 0x0000028eb6000000, 0x0000028eb6000000|100%| O|  |TAMS 0x0000028eb4000000, 0x0000028eb4000000| Untracked 
|  14|0x0000028eb6000000, 0x0000028eb8000000, 0x0000028eb8000000|100%| O|  |TAMS 0x0000028eb6000000, 0x0000028eb6000000| Untracked 
|  15|0x0000028eb8000000, 0x0000028eba000000, 0x0000028eba000000|100%| O|  |TAMS 0x0000028eb8000000, 0x0000028eb8000000| Untracked 
|  16|0x0000028eba000000, 0x0000028ebc000000, 0x0000028ebc000000|100%| O|  |TAMS 0x0000028eba000000, 0x0000028eba000000| Untracked 
|  17|0x0000028ebc000000, 0x0000028ebe000000, 0x0000028ebe000000|100%| O|  |TAMS 0x0000028ebc000000, 0x0000028ebc000000| Untracked 
|  18|0x0000028ebe000000, 0x0000028ec0000000, 0x0000028ec0000000|100%| O|  |TAMS 0x0000028ebe000000, 0x0000028ebe000000| Untracked 
|  19|0x0000028ec0000000, 0x0000028ec2000000, 0x0000028ec2000000|100%| O|  |TAMS 0x0000028ec0000000, 0x0000028ec0000000| Untracked 
|  20|0x0000028ec2000000, 0x0000028ec4000000, 0x0000028ec4000000|100%| O|  |TAMS 0x0000028ec2000000, 0x0000028ec2000000| Untracked 
|  21|0x0000028ec4000000, 0x0000028ec6000000, 0x0000028ec6000000|100%| O|  |TAMS 0x0000028ec4000000, 0x0000028ec4000000| Untracked 
|  22|0x0000028ec6000000, 0x0000028ec8000000, 0x0000028ec8000000|100%| O|  |TAMS 0x0000028ec6000000, 0x0000028ec6000000| Untracked 
|  23|0x0000028ec8000000, 0x0000028eca000000, 0x0000028eca000000|100%| O|  |TAMS 0x0000028ec8000000, 0x0000028ec8000000| Untracked 
|  24|0x0000028eca000000, 0x0000028ecc000000, 0x0000028ecc000000|100%| O|  |TAMS 0x0000028eca000000, 0x0000028eca000000| Untracked 
|  25|0x0000028ecc000000, 0x0000028ece000000, 0x0000028ece000000|100%| O|  |TAMS 0x0000028ecc000000, 0x0000028ecc000000| Untracked 
|  26|0x0000028ece000000, 0x0000028ed0000000, 0x0000028ed0000000|100%| O|  |TAMS 0x0000028ece000000, 0x0000028ece000000| Untracked 
|  27|0x0000028ed0000000, 0x0000028ed2000000, 0x0000028ed2000000|100%| O|  |TAMS 0x0000028ed0000000, 0x0000028ed0000000| Untracked 
|  28|0x0000028ed2000000, 0x0000028ed4000000, 0x0000028ed4000000|100%| O|  |TAMS 0x0000028ed2000000, 0x0000028ed2000000| Untracked 
|  29|0x0000028ed4000000, 0x0000028ed6000000, 0x0000028ed6000000|100%| O|  |TAMS 0x0000028ed4000000, 0x0000028ed4000000| Untracked 
|  30|0x0000028ed6000000, 0x0000028ed8000000, 0x0000028ed8000000|100%| O|  |TAMS 0x0000028ed6000000, 0x0000028ed6000000| Untracked 
|  31|0x0000028ed8000000, 0x0000028eda000000, 0x0000028eda000000|100%| O|  |TAMS 0x0000028ed8000000, 0x0000028ed8000000| Untracked 
|  32|0x0000028eda000000, 0x0000028edc000000, 0x0000028edc000000|100%| O|  |TAMS 0x0000028eda000000, 0x0000028eda000000| Untracked 
|  33|0x0000028edc000000, 0x0000028ede000000, 0x0000028ede000000|100%| O|  |TAMS 0x0000028edc000000, 0x0000028edc000000| Untracked 
|  34|0x0000028ede000000, 0x0000028ee0000000, 0x0000028ee0000000|100%| O|  |TAMS 0x0000028ede000000, 0x0000028ede000000| Untracked 
|  35|0x0000028ee0000000, 0x0000028ee2000000, 0x0000028ee2000000|100%| O|  |TAMS 0x0000028ee0000000, 0x0000028ee0000000| Untracked 
|  36|0x0000028ee2000000, 0x0000028ee4000000, 0x0000028ee4000000|100%| O|  |TAMS 0x0000028ee2000000, 0x0000028ee2000000| Untracked 
|  37|0x0000028ee4000000, 0x0000028ee6000000, 0x0000028ee6000000|100%| O|  |TAMS 0x0000028ee4000000, 0x0000028ee4000000| Untracked 
|  38|0x0000028ee6000000, 0x0000028ee8000000, 0x0000028ee8000000|100%| O|  |TAMS 0x0000028ee6000000, 0x0000028ee6000000| Untracked 
|  39|0x0000028ee8000000, 0x0000028eea000000, 0x0000028eea000000|100%| O|  |TAMS 0x0000028ee8000000, 0x0000028ee8000000| Untracked 
|  40|0x0000028eea000000, 0x0000028eec000000, 0x0000028eec000000|100%| O|  |TAMS 0x0000028eea000000, 0x0000028eea000000| Untracked 
|  41|0x0000028eec000000, 0x0000028eee000000, 0x0000028eee000000|100%| O|  |TAMS 0x0000028eec000000, 0x0000028eec000000| Untracked 
|  42|0x0000028eee000000, 0x0000028ef0000000, 0x0000028ef0000000|100%| O|  |TAMS 0x0000028eee000000, 0x0000028eee000000| Untracked 
|  43|0x0000028ef0000000, 0x0000028ef2000000, 0x0000028ef2000000|100%| O|  |TAMS 0x0000028ef0000000, 0x0000028ef0000000| Untracked 
|  44|0x0000028ef2000000, 0x0000028ef4000000, 0x0000028ef4000000|100%| O|  |TAMS 0x0000028ef2000000, 0x0000028ef2000000| Untracked 
|  45|0x0000028ef4000000, 0x0000028ef6000000, 0x0000028ef6000000|100%| O|  |TAMS 0x0000028ef4000000, 0x0000028ef4000000| Untracked 
|  46|0x0000028ef6000000, 0x0000028ef8000000, 0x0000028ef8000000|100%| O|  |TAMS 0x0000028ef6000000, 0x0000028ef6000000| Untracked 
|  47|0x0000028ef8000000, 0x0000028efa000000, 0x0000028efa000000|100%| O|  |TAMS 0x0000028ef8000000, 0x0000028ef8000000| Untracked 
|  48|0x0000028efa000000, 0x0000028efc000000, 0x0000028efc000000|100%| O|  |TAMS 0x0000028efa000000, 0x0000028efa000000| Untracked 
|  49|0x0000028efc000000, 0x0000028efe000000, 0x0000028efe000000|100%| O|  |TAMS 0x0000028efc000000, 0x0000028efc000000| Untracked 
|  50|0x0000028efe000000, 0x0000028f00000000, 0x0000028f00000000|100%| O|  |TAMS 0x0000028efe000000, 0x0000028efe000000| Untracked 
|  51|0x0000028f00000000, 0x0000028f02000000, 0x0000028f02000000|100%| O|  |TAMS 0x0000028f00000000, 0x0000028f00000000| Untracked 
|  52|0x0000028f02000000, 0x0000028f04000000, 0x0000028f04000000|100%| O|  |TAMS 0x0000028f02000000, 0x0000028f02000000| Untracked 
|  53|0x0000028f04000000, 0x0000028f06000000, 0x0000028f06000000|100%| O|  |TAMS 0x0000028f04000000, 0x0000028f04000000| Untracked 
|  54|0x0000028f06000000, 0x0000028f08000000, 0x0000028f08000000|100%| O|  |TAMS 0x0000028f06000000, 0x0000028f06000000| Untracked 
|  55|0x0000028f08000000, 0x0000028f0a000000, 0x0000028f0a000000|100%| O|  |TAMS 0x0000028f08000000, 0x0000028f08000000| Untracked 
|  56|0x0000028f0a000000, 0x0000028f0c000000, 0x0000028f0c000000|100%| O|  |TAMS 0x0000028f0a000000, 0x0000028f0a000000| Untracked 
|  57|0x0000028f0c000000, 0x0000028f0e000000, 0x0000028f0e000000|100%| O|  |TAMS 0x0000028f0c000000, 0x0000028f0c000000| Untracked 
|  58|0x0000028f0e000000, 0x0000028f10000000, 0x0000028f10000000|100%| O|  |TAMS 0x0000028f0e000000, 0x0000028f0e000000| Untracked 
|  59|0x0000028f10000000, 0x0000028f12000000, 0x0000028f12000000|100%| O|  |TAMS 0x0000028f10000000, 0x0000028f10000000| Untracked 
|  60|0x0000028f12000000, 0x0000028f14000000, 0x0000028f14000000|100%| O|  |TAMS 0x0000028f12000000, 0x0000028f12000000| Untracked 
|  61|0x0000028f14000000, 0x0000028f16000000, 0x0000028f16000000|100%| O|  |TAMS 0x0000028f14000000, 0x0000028f14000000| Untracked 
|  62|0x0000028f16000000, 0x0000028f18000000, 0x0000028f18000000|100%| O|  |TAMS 0x0000028f16000000, 0x0000028f16000000| Untracked 
|  63|0x0000028f18000000, 0x0000028f1a000000, 0x0000028f1a000000|100%| O|  |TAMS 0x0000028f18000000, 0x0000028f18000000| Untracked 
|  64|0x0000028f1a000000, 0x0000028f1c000000, 0x0000028f1c000000|100%| O|  |TAMS 0x0000028f1a000000, 0x0000028f1a000000| Untracked 
|  65|0x0000028f1c000000, 0x0000028f1e000000, 0x0000028f1e000000|100%| O|  |TAMS 0x0000028f1c000000, 0x0000028f1c000000| Untracked 
|  66|0x0000028f1e000000, 0x0000028f20000000, 0x0000028f20000000|100%| O|  |TAMS 0x0000028f1e000000, 0x0000028f1e000000| Untracked 
|  67|0x0000028f20000000, 0x0000028f22000000, 0x0000028f22000000|100%| O|  |TAMS 0x0000028f20000000, 0x0000028f20000000| Untracked 
|  68|0x0000028f22000000, 0x0000028f24000000, 0x0000028f24000000|100%| O|  |TAMS 0x0000028f22000000, 0x0000028f22000000| Untracked 
|  69|0x0000028f24000000, 0x0000028f26000000, 0x0000028f26000000|100%| O|  |TAMS 0x0000028f24000000, 0x0000028f24000000| Untracked 
|  70|0x0000028f26000000, 0x0000028f28000000, 0x0000028f28000000|100%| O|  |TAMS 0x0000028f26000000, 0x0000028f26000000| Untracked 
|  71|0x0000028f28000000, 0x0000028f2a000000, 0x0000028f2a000000|100%| O|  |TAMS 0x0000028f28000000, 0x0000028f28000000| Untracked 
|  72|0x0000028f2a000000, 0x0000028f2c000000, 0x0000028f2c000000|100%| O|  |TAMS 0x0000028f2a000000, 0x0000028f2a000000| Untracked 
|  73|0x0000028f2c000000, 0x0000028f2e000000, 0x0000028f2e000000|100%| O|  |TAMS 0x0000028f2c000000, 0x0000028f2c000000| Untracked 
|  74|0x0000028f2e000000, 0x0000028f30000000, 0x0000028f30000000|100%| O|  |TAMS 0x0000028f2e000000, 0x0000028f2e000000| Untracked 
|  75|0x0000028f30000000, 0x0000028f32000000, 0x0000028f32000000|100%| O|  |TAMS 0x0000028f30000000, 0x0000028f30000000| Untracked 
|  76|0x0000028f32000000, 0x0000028f34000000, 0x0000028f34000000|100%| O|  |TAMS 0x0000028f32000000, 0x0000028f32000000| Untracked 
|  77|0x0000028f34000000, 0x0000028f36000000, 0x0000028f36000000|100%| O|  |TAMS 0x0000028f34000000, 0x0000028f34000000| Untracked 
|  78|0x0000028f36000000, 0x0000028f38000000, 0x0000028f38000000|100%| O|  |TAMS 0x0000028f36000000, 0x0000028f36000000| Untracked 
|  79|0x0000028f38000000, 0x0000028f3a000000, 0x0000028f3a000000|100%| O|  |TAMS 0x0000028f38000000, 0x0000028f38000000| Untracked 
|  80|0x0000028f3a000000, 0x0000028f3c000000, 0x0000028f3c000000|100%| O|  |TAMS 0x0000028f3a000000, 0x0000028f3a000000| Untracked 
|  81|0x0000028f3c000000, 0x0000028f3e000000, 0x0000028f3e000000|100%| O|  |TAMS 0x0000028f3c000000, 0x0000028f3c000000| Untracked 
|  82|0x0000028f3e000000, 0x0000028f40000000, 0x0000028f40000000|100%| O|  |TAMS 0x0000028f3e000000, 0x0000028f3e000000| Untracked 
|  83|0x0000028f40000000, 0x0000028f42000000, 0x0000028f42000000|100%| O|  |TAMS 0x0000028f40000000, 0x0000028f40000000| Untracked 
|  84|0x0000028f42000000, 0x0000028f44000000, 0x0000028f44000000|100%| O|  |TAMS 0x0000028f42000000, 0x0000028f42000000| Untracked 
|  85|0x0000028f44000000, 0x0000028f46000000, 0x0000028f46000000|100%| O|  |TAMS 0x0000028f44000000, 0x0000028f44000000| Untracked 
|  86|0x0000028f46000000, 0x0000028f48000000, 0x0000028f48000000|100%| O|  |TAMS 0x0000028f46000000, 0x0000028f46000000| Untracked 
|  87|0x0000028f48000000, 0x0000028f4a000000, 0x0000028f4a000000|100%| O|  |TAMS 0x0000028f48000000, 0x0000028f48000000| Untracked 
|  88|0x0000028f4a000000, 0x0000028f4c000000, 0x0000028f4c000000|100%| O|  |TAMS 0x0000028f4a000000, 0x0000028f4a000000| Untracked 
|  89|0x0000028f4c000000, 0x0000028f4e000000, 0x0000028f4e000000|100%| O|  |TAMS 0x0000028f4c000000, 0x0000028f4c000000| Untracked 
|  90|0x0000028f4e000000, 0x0000028f50000000, 0x0000028f50000000|100%| O|  |TAMS 0x0000028f4e000000, 0x0000028f4e000000| Untracked 
|  91|0x0000028f50000000, 0x0000028f52000000, 0x0000028f52000000|100%| O|  |TAMS 0x0000028f50000000, 0x0000028f50000000| Untracked 
|  92|0x0000028f52000000, 0x0000028f54000000, 0x0000028f54000000|100%| O|  |TAMS 0x0000028f52000000, 0x0000028f52000000| Untracked 
|  93|0x0000028f54000000, 0x0000028f56000000, 0x0000028f56000000|100%| O|  |TAMS 0x0000028f54000000, 0x0000028f54000000| Untracked 
|  94|0x0000028f56000000, 0x0000028f58000000, 0x0000028f58000000|100%| O|  |TAMS 0x0000028f56000000, 0x0000028f56000000| Untracked 
|  95|0x0000028f58000000, 0x0000028f5a000000, 0x0000028f5a000000|100%| O|  |TAMS 0x0000028f58000000, 0x0000028f58000000| Untracked 
|  96|0x0000028f5a000000, 0x0000028f5c000000, 0x0000028f5c000000|100%| O|  |TAMS 0x0000028f5a000000, 0x0000028f5a000000| Untracked 
|  97|0x0000028f5c000000, 0x0000028f5e000000, 0x0000028f5e000000|100%| O|  |TAMS 0x0000028f5c000000, 0x0000028f5c000000| Untracked 
|  98|0x0000028f5e000000, 0x0000028f60000000, 0x0000028f60000000|100%| O|  |TAMS 0x0000028f5e000000, 0x0000028f5e000000| Untracked 
|  99|0x0000028f60000000, 0x0000028f62000000, 0x0000028f62000000|100%| O|  |TAMS 0x0000028f60000000, 0x0000028f60000000| Untracked 
| 100|0x0000028f62000000, 0x0000028f64000000, 0x0000028f64000000|100%| O|  |TAMS 0x0000028f62000000, 0x0000028f62000000| Untracked 
| 101|0x0000028f64000000, 0x0000028f66000000, 0x0000028f66000000|100%| O|  |TAMS 0x0000028f64000000, 0x0000028f64000000| Untracked 
| 102|0x0000028f66000000, 0x0000028f68000000, 0x0000028f68000000|100%| O|  |TAMS 0x0000028f66000000, 0x0000028f66000000| Untracked 
| 103|0x0000028f68000000, 0x0000028f6a000000, 0x0000028f6a000000|100%| O|  |TAMS 0x0000028f68000000, 0x0000028f68000000| Untracked 
| 104|0x0000028f6a000000, 0x0000028f6c000000, 0x0000028f6c000000|100%| O|  |TAMS 0x0000028f6a000000, 0x0000028f6a000000| Untracked 
| 105|0x0000028f6c000000, 0x0000028f6e000000, 0x0000028f6e000000|100%| O|  |TAMS 0x0000028f6c000000, 0x0000028f6c000000| Untracked 
| 106|0x0000028f6e000000, 0x0000028f70000000, 0x0000028f70000000|100%| O|  |TAMS 0x0000028f6e000000, 0x0000028f6e000000| Untracked 
| 107|0x0000028f70000000, 0x0000028f72000000, 0x0000028f72000000|100%| O|  |TAMS 0x0000028f70000000, 0x0000028f70000000| Untracked 
| 108|0x0000028f72000000, 0x0000028f74000000, 0x0000028f74000000|100%| O|  |TAMS 0x0000028f72000000, 0x0000028f72000000| Untracked 
| 109|0x0000028f74000000, 0x0000028f756cac00, 0x0000028f76000000| 71%| O|  |TAMS 0x0000028f74000000, 0x0000028f74000000| Untracked 
| 110|0x0000028f76000000, 0x0000028f76000000, 0x0000028f78000000|  0%| F|  |TAMS 0x0000028f76000000, 0x0000028f76000000| Untracked 
| 111|0x0000028f78000000, 0x0000028f78000000, 0x0000028f7a000000|  0%| F|  |TAMS 0x0000028f78000000, 0x0000028f78000000| Untracked 
| 112|0x0000028f7a000000, 0x0000028f7a000000, 0x0000028f7c000000|  0%| F|  |TAMS 0x0000028f7a000000, 0x0000028f7a000000| Untracked 
| 113|0x0000028f7c000000, 0x0000028f7c000000, 0x0000028f7e000000|  0%| F|  |TAMS 0x0000028f7c000000, 0x0000028f7c000000| Untracked 
| 114|0x0000028f7e000000, 0x0000028f7e000000, 0x0000028f80000000|  0%| F|  |TAMS 0x0000028f7e000000, 0x0000028f7e000000| Untracked 
| 115|0x0000028f80000000, 0x0000028f80000000, 0x0000028f82000000|  0%| F|  |TAMS 0x0000028f80000000, 0x0000028f80000000| Untracked 
| 116|0x0000028f82000000, 0x0000028f82000000, 0x0000028f84000000|  0%| F|  |TAMS 0x0000028f82000000, 0x0000028f82000000| Untracked 
| 117|0x0000028f84000000, 0x0000028f84000000, 0x0000028f86000000|  0%| F|  |TAMS 0x0000028f84000000, 0x0000028f84000000| Untracked 
| 118|0x0000028f86000000, 0x0000028f86000000, 0x0000028f88000000|  0%| F|  |TAMS 0x0000028f86000000, 0x0000028f86000000| Untracked 
| 119|0x0000028f88000000, 0x0000028f88000000, 0x0000028f8a000000|  0%| F|  |TAMS 0x0000028f88000000, 0x0000028f88000000| Untracked 
| 120|0x0000028f8a000000, 0x0000028f8a000000, 0x0000028f8c000000|  0%| F|  |TAMS 0x0000028f8a000000, 0x0000028f8a000000| Untracked 
| 121|0x0000028f8c000000, 0x0000028f8c000000, 0x0000028f8e000000|  0%| F|  |TAMS 0x0000028f8c000000, 0x0000028f8c000000| Untracked 
| 122|0x0000028f8e000000, 0x0000028f8e000000, 0x0000028f90000000|  0%| F|  |TAMS 0x0000028f8e000000, 0x0000028f8e000000| Untracked 
| 123|0x0000028f90000000, 0x0000028f90000000, 0x0000028f92000000|  0%| F|  |TAMS 0x0000028f90000000, 0x0000028f90000000| Untracked 
| 124|0x0000028f92000000, 0x0000028f92000000, 0x0000028f94000000|  0%| F|  |TAMS 0x0000028f92000000, 0x0000028f92000000| Untracked 
| 125|0x0000028f94000000, 0x0000028f94000000, 0x0000028f96000000|  0%| F|  |TAMS 0x0000028f94000000, 0x0000028f94000000| Untracked 
| 126|0x0000028f96000000, 0x0000028f96000000, 0x0000028f98000000|  0%| F|  |TAMS 0x0000028f96000000, 0x0000028f96000000| Untracked 
| 127|0x0000028f98000000, 0x0000028f98000000, 0x0000028f9a000000|  0%| F|  |TAMS 0x0000028f98000000, 0x0000028f98000000| Untracked 
| 128|0x0000028f9a000000, 0x0000028f9a000000, 0x0000028f9c000000|  0%| F|  |TAMS 0x0000028f9a000000, 0x0000028f9a000000| Untracked 
| 129|0x0000028f9c000000, 0x0000028f9c000000, 0x0000028f9e000000|  0%| F|  |TAMS 0x0000028f9c000000, 0x0000028f9c000000| Untracked 
| 130|0x0000028f9e000000, 0x0000028f9e000000, 0x0000028fa0000000|  0%| F|  |TAMS 0x0000028f9e000000, 0x0000028f9e000000| Untracked 
| 131|0x0000028fa0000000, 0x0000028fa0000000, 0x0000028fa2000000|  0%| F|  |TAMS 0x0000028fa0000000, 0x0000028fa0000000| Untracked 
| 132|0x0000028fa2000000, 0x0000028fa2000000, 0x0000028fa4000000|  0%| F|  |TAMS 0x0000028fa2000000, 0x0000028fa2000000| Untracked 
| 133|0x0000028fa4000000, 0x0000028fa4000000, 0x0000028fa6000000|  0%| F|  |TAMS 0x0000028fa4000000, 0x0000028fa4000000| Untracked 
| 134|0x0000028fa6000000, 0x0000028fa6000000, 0x0000028fa8000000|  0%| F|  |TAMS 0x0000028fa6000000, 0x0000028fa6000000| Untracked 
| 135|0x0000028fa8000000, 0x0000028fa8000000, 0x0000028faa000000|  0%| F|  |TAMS 0x0000028fa8000000, 0x0000028fa8000000| Untracked 
| 136|0x0000028faa000000, 0x0000028faa000000, 0x0000028fac000000|  0%| F|  |TAMS 0x0000028faa000000, 0x0000028faa000000| Untracked 
| 137|0x0000028fac000000, 0x0000028fac000000, 0x0000028fae000000|  0%| F|  |TAMS 0x0000028fac000000, 0x0000028fac000000| Untracked 
| 138|0x0000028fae000000, 0x0000028fae000000, 0x0000028fb0000000|  0%| F|  |TAMS 0x0000028fae000000, 0x0000028fae000000| Untracked 
| 139|0x0000028fb0000000, 0x0000028fb0000000, 0x0000028fb2000000|  0%| F|  |TAMS 0x0000028fb0000000, 0x0000028fb0000000| Untracked 
| 140|0x0000028fb2000000, 0x0000028fb2000000, 0x0000028fb4000000|  0%| F|  |TAMS 0x0000028fb2000000, 0x0000028fb2000000| Untracked 
| 141|0x0000028fb4000000, 0x0000028fb4000000, 0x0000028fb6000000|  0%| F|  |TAMS 0x0000028fb4000000, 0x0000028fb4000000| Untracked 
| 142|0x0000028fb6000000, 0x0000028fb6000000, 0x0000028fb8000000|  0%| F|  |TAMS 0x0000028fb6000000, 0x0000028fb6000000| Untracked 
| 143|0x0000028fb8000000, 0x0000028fb8000000, 0x0000028fba000000|  0%| F|  |TAMS 0x0000028fb8000000, 0x0000028fb8000000| Untracked 
| 144|0x0000028fba000000, 0x0000028fba000000, 0x0000028fbc000000|  0%| F|  |TAMS 0x0000028fba000000, 0x0000028fba000000| Untracked 
| 145|0x0000028fbc000000, 0x0000028fbc000000, 0x0000028fbe000000|  0%| F|  |TAMS 0x0000028fbc000000, 0x0000028fbc000000| Untracked 
| 146|0x0000028fbe000000, 0x0000028fbe000000, 0x0000028fc0000000|  0%| F|  |TAMS 0x0000028fbe000000, 0x0000028fbe000000| Untracked 
| 147|0x0000028fc0000000, 0x0000028fc0000000, 0x0000028fc2000000|  0%| F|  |TAMS 0x0000028fc0000000, 0x0000028fc0000000| Untracked 
| 148|0x0000028fc2000000, 0x0000028fc2000000, 0x0000028fc4000000|  0%| F|  |TAMS 0x0000028fc2000000, 0x0000028fc2000000| Untracked 
| 149|0x0000028fc4000000, 0x0000028fc4000000, 0x0000028fc6000000|  0%| F|  |TAMS 0x0000028fc4000000, 0x0000028fc4000000| Untracked 
| 150|0x0000028fc6000000, 0x0000028fc6000000, 0x0000028fc8000000|  0%| F|  |TAMS 0x0000028fc6000000, 0x0000028fc6000000| Untracked 
| 151|0x0000028fc8000000, 0x0000028fc8000000, 0x0000028fca000000|  0%| F|  |TAMS 0x0000028fc8000000, 0x0000028fc8000000| Untracked 
| 152|0x0000028fca000000, 0x0000028fca000000, 0x0000028fcc000000|  0%| F|  |TAMS 0x0000028fca000000, 0x0000028fca000000| Untracked 
| 153|0x0000028fcc000000, 0x0000028fcc000000, 0x0000028fce000000|  0%| F|  |TAMS 0x0000028fcc000000, 0x0000028fcc000000| Untracked 
| 154|0x0000028fce000000, 0x0000028fce000000, 0x0000028fd0000000|  0%| F|  |TAMS 0x0000028fce000000, 0x0000028fce000000| Untracked 
| 155|0x0000028fd0000000, 0x0000028fd0000000, 0x0000028fd2000000|  0%| F|  |TAMS 0x0000028fd0000000, 0x0000028fd0000000| Untracked 
| 156|0x0000028fd2000000, 0x0000028fd2000000, 0x0000028fd4000000|  0%| F|  |TAMS 0x0000028fd2000000, 0x0000028fd2000000| Untracked 
| 157|0x0000028fd4000000, 0x0000028fd4000000, 0x0000028fd6000000|  0%| F|  |TAMS 0x0000028fd4000000, 0x0000028fd4000000| Untracked 
| 158|0x0000028fd6000000, 0x0000028fd6000000, 0x0000028fd8000000|  0%| F|  |TAMS 0x0000028fd6000000, 0x0000028fd6000000| Untracked 
| 159|0x0000028fd8000000, 0x0000028fd8000000, 0x0000028fda000000|  0%| F|  |TAMS 0x0000028fd8000000, 0x0000028fd8000000| Untracked 
| 160|0x0000028fda000000, 0x0000028fda000000, 0x0000028fdc000000|  0%| F|  |TAMS 0x0000028fda000000, 0x0000028fda000000| Untracked 
| 161|0x0000028fdc000000, 0x0000028fdc000000, 0x0000028fde000000|  0%| F|  |TAMS 0x0000028fdc000000, 0x0000028fdc000000| Untracked 
| 162|0x0000028fde000000, 0x0000028fde000000, 0x0000028fe0000000|  0%| F|  |TAMS 0x0000028fde000000, 0x0000028fde000000| Untracked 
| 163|0x0000028fe0000000, 0x0000028fe0000000, 0x0000028fe2000000|  0%| F|  |TAMS 0x0000028fe0000000, 0x0000028fe0000000| Untracked 
| 164|0x0000028fe2000000, 0x0000028fe2000000, 0x0000028fe4000000|  0%| F|  |TAMS 0x0000028fe2000000, 0x0000028fe2000000| Untracked 
| 165|0x0000028fe4000000, 0x0000028fe4000000, 0x0000028fe6000000|  0%| F|  |TAMS 0x0000028fe4000000, 0x0000028fe4000000| Untracked 
| 166|0x0000028fe6000000, 0x0000028fe6000000, 0x0000028fe8000000|  0%| F|  |TAMS 0x0000028fe6000000, 0x0000028fe6000000| Untracked 
| 167|0x0000028fe8000000, 0x0000028fe8000000, 0x0000028fea000000|  0%| F|  |TAMS 0x0000028fe8000000, 0x0000028fe8000000| Untracked 
| 168|0x0000028fea000000, 0x0000028fea000000, 0x0000028fec000000|  0%| F|  |TAMS 0x0000028fea000000, 0x0000028fea000000| Untracked 
| 169|0x0000028fec000000, 0x0000028fec000000, 0x0000028fee000000|  0%| F|  |TAMS 0x0000028fec000000, 0x0000028fec000000| Untracked 
| 170|0x0000028fee000000, 0x0000028fee000000, 0x0000028ff0000000|  0%| F|  |TAMS 0x0000028fee000000, 0x0000028fee000000| Untracked 
| 171|0x0000028ff0000000, 0x0000028ff0000000, 0x0000028ff2000000|  0%| F|  |TAMS 0x0000028ff0000000, 0x0000028ff0000000| Untracked 
| 172|0x0000028ff2000000, 0x0000028ff2000000, 0x0000028ff4000000|  0%| F|  |TAMS 0x0000028ff2000000, 0x0000028ff2000000| Untracked 
| 173|0x0000028ff4000000, 0x0000028ff4000000, 0x0000028ff6000000|  0%| F|  |TAMS 0x0000028ff4000000, 0x0000028ff4000000| Untracked 
| 174|0x0000028ff6000000, 0x0000028ff6000000, 0x0000028ff8000000|  0%| F|  |TAMS 0x0000028ff6000000, 0x0000028ff6000000| Untracked 
| 175|0x0000028ff8000000, 0x0000028ff8000000, 0x0000028ffa000000|  0%| F|  |TAMS 0x0000028ff8000000, 0x0000028ff8000000| Untracked 
| 176|0x0000028ffa000000, 0x0000028ffa000000, 0x0000028ffc000000|  0%| F|  |TAMS 0x0000028ffa000000, 0x0000028ffa000000| Untracked 
| 177|0x0000028ffc000000, 0x0000028ffc000000, 0x0000028ffe000000|  0%| F|  |TAMS 0x0000028ffc000000, 0x0000028ffc000000| Untracked 
| 178|0x0000028ffe000000, 0x0000028ffe000000, 0x0000029000000000|  0%| F|  |TAMS 0x0000028ffe000000, 0x0000028ffe000000| Untracked 
| 179|0x0000029000000000, 0x0000029000000000, 0x0000029002000000|  0%| F|  |TAMS 0x0000029000000000, 0x0000029000000000| Untracked 
| 180|0x0000029002000000, 0x0000029002000000, 0x0000029004000000|  0%| F|  |TAMS 0x0000029002000000, 0x0000029002000000| Untracked 
| 181|0x0000029004000000, 0x0000029004000000, 0x0000029006000000|  0%| F|  |TAMS 0x0000029004000000, 0x0000029004000000| Untracked 
| 182|0x0000029006000000, 0x0000029006000000, 0x0000029008000000|  0%| F|  |TAMS 0x0000029006000000, 0x0000029006000000| Untracked 
| 183|0x0000029008000000, 0x0000029008000000, 0x000002900a000000|  0%| F|  |TAMS 0x0000029008000000, 0x0000029008000000| Untracked 
| 184|0x000002900a000000, 0x000002900a000000, 0x000002900c000000|  0%| F|  |TAMS 0x000002900a000000, 0x000002900a000000| Untracked 
| 185|0x000002900c000000, 0x000002900c000000, 0x000002900e000000|  0%| F|  |TAMS 0x000002900c000000, 0x000002900c000000| Untracked 
| 186|0x000002900e000000, 0x000002900e000000, 0x0000029010000000|  0%| F|  |TAMS 0x000002900e000000, 0x000002900e000000| Untracked 
| 187|0x0000029010000000, 0x0000029010000000, 0x0000029012000000|  0%| F|  |TAMS 0x0000029010000000, 0x0000029010000000| Untracked 
| 188|0x0000029012000000, 0x0000029012000000, 0x0000029014000000|  0%| F|  |TAMS 0x0000029012000000, 0x0000029012000000| Untracked 
| 189|0x0000029014000000, 0x0000029014000000, 0x0000029016000000|  0%| F|  |TAMS 0x0000029014000000, 0x0000029014000000| Untracked 
| 190|0x0000029016000000, 0x0000029016000000, 0x0000029018000000|  0%| F|  |TAMS 0x0000029016000000, 0x0000029016000000| Untracked 
| 191|0x0000029018000000, 0x0000029018000000, 0x000002901a000000|  0%| F|  |TAMS 0x0000029018000000, 0x0000029018000000| Untracked 
| 192|0x000002901a000000, 0x000002901a000000, 0x000002901c000000|  0%| F|  |TAMS 0x000002901a000000, 0x000002901a000000| Untracked 
| 193|0x000002901c000000, 0x000002901c000000, 0x000002901e000000|  0%| F|  |TAMS 0x000002901c000000, 0x000002901c000000| Untracked 
| 194|0x000002901e000000, 0x000002901e000000, 0x0000029020000000|  0%| F|  |TAMS 0x000002901e000000, 0x000002901e000000| Untracked 
| 195|0x0000029020000000, 0x0000029020000000, 0x0000029022000000|  0%| F|  |TAMS 0x0000029020000000, 0x0000029020000000| Untracked 
| 196|0x0000029022000000, 0x0000029022000000, 0x0000029024000000|  0%| F|  |TAMS 0x0000029022000000, 0x0000029022000000| Untracked 
| 197|0x0000029024000000, 0x0000029024000000, 0x0000029026000000|  0%| F|  |TAMS 0x0000029024000000, 0x0000029024000000| Untracked 
| 198|0x0000029026000000, 0x0000029026000000, 0x0000029028000000|  0%| F|  |TAMS 0x0000029026000000, 0x0000029026000000| Untracked 
| 199|0x0000029028000000, 0x0000029028000000, 0x000002902a000000|  0%| F|  |TAMS 0x0000029028000000, 0x0000029028000000| Untracked 
| 200|0x000002902a000000, 0x000002902a000000, 0x000002902c000000|  0%| F|  |TAMS 0x000002902a000000, 0x000002902a000000| Untracked 
| 201|0x000002902c000000, 0x000002902c000000, 0x000002902e000000|  0%| F|  |TAMS 0x000002902c000000, 0x000002902c000000| Untracked 
| 202|0x000002902e000000, 0x000002902e000000, 0x0000029030000000|  0%| F|  |TAMS 0x000002902e000000, 0x000002902e000000| Untracked 
| 203|0x0000029030000000, 0x0000029030000000, 0x0000029032000000|  0%| F|  |TAMS 0x0000029030000000, 0x0000029030000000| Untracked 
| 204|0x0000029032000000, 0x0000029032000000, 0x0000029034000000|  0%| F|  |TAMS 0x0000029032000000, 0x0000029032000000| Untracked 
| 205|0x0000029034000000, 0x0000029034000000, 0x0000029036000000|  0%| F|  |TAMS 0x0000029034000000, 0x0000029034000000| Untracked 
| 206|0x0000029036000000, 0x0000029036000000, 0x0000029038000000|  0%| F|  |TAMS 0x0000029036000000, 0x0000029036000000| Untracked 
| 207|0x0000029038000000, 0x0000029038000000, 0x000002903a000000|  0%| F|  |TAMS 0x0000029038000000, 0x0000029038000000| Untracked 
| 208|0x000002903a000000, 0x000002903a000000, 0x000002903c000000|  0%| F|  |TAMS 0x000002903a000000, 0x000002903a000000| Untracked 
| 209|0x000002903c000000, 0x000002903c000000, 0x000002903e000000|  0%| F|  |TAMS 0x000002903c000000, 0x000002903c000000| Untracked 
| 210|0x000002903e000000, 0x000002903e000000, 0x0000029040000000|  0%| F|  |TAMS 0x000002903e000000, 0x000002903e000000| Untracked 
| 211|0x0000029040000000, 0x0000029040000000, 0x0000029042000000|  0%| F|  |TAMS 0x0000029040000000, 0x0000029040000000| Untracked 
| 212|0x0000029042000000, 0x0000029042000000, 0x0000029044000000|  0%| F|  |TAMS 0x0000029042000000, 0x0000029042000000| Untracked 
| 213|0x0000029044000000, 0x0000029044000000, 0x0000029046000000|  0%| F|  |TAMS 0x0000029044000000, 0x0000029044000000| Untracked 
| 214|0x0000029046000000, 0x0000029046000000, 0x0000029048000000|  0%| F|  |TAMS 0x0000029046000000, 0x0000029046000000| Untracked 
| 215|0x0000029048000000, 0x0000029048000000, 0x000002904a000000|  0%| F|  |TAMS 0x0000029048000000, 0x0000029048000000| Untracked 
| 216|0x000002904a000000, 0x000002904a000000, 0x000002904c000000|  0%| F|  |TAMS 0x000002904a000000, 0x000002904a000000| Untracked 
| 217|0x000002904c000000, 0x000002904c000000, 0x000002904e000000|  0%| F|  |TAMS 0x000002904c000000, 0x000002904c000000| Untracked 
| 218|0x000002904e000000, 0x000002904e000000, 0x0000029050000000|  0%| F|  |TAMS 0x000002904e000000, 0x000002904e000000| Untracked 
| 219|0x0000029050000000, 0x0000029050000000, 0x0000029052000000|  0%| F|  |TAMS 0x0000029050000000, 0x0000029050000000| Untracked 
| 220|0x0000029052000000, 0x0000029052000000, 0x0000029054000000|  0%| F|  |TAMS 0x0000029052000000, 0x0000029052000000| Untracked 
| 221|0x0000029054000000, 0x0000029054000000, 0x0000029056000000|  0%| F|  |TAMS 0x0000029054000000, 0x0000029054000000| Untracked 
| 222|0x0000029056000000, 0x0000029056000000, 0x0000029058000000|  0%| F|  |TAMS 0x0000029056000000, 0x0000029056000000| Untracked 
| 223|0x0000029058000000, 0x0000029058000000, 0x000002905a000000|  0%| F|  |TAMS 0x0000029058000000, 0x0000029058000000| Untracked 
| 224|0x000002905a000000, 0x000002905a000000, 0x000002905c000000|  0%| F|  |TAMS 0x000002905a000000, 0x000002905a000000| Untracked 
| 225|0x000002905c000000, 0x000002905c000000, 0x000002905e000000|  0%| F|  |TAMS 0x000002905c000000, 0x000002905c000000| Untracked 
| 226|0x000002905e000000, 0x000002905e000000, 0x0000029060000000|  0%| F|  |TAMS 0x000002905e000000, 0x000002905e000000| Untracked 
| 227|0x0000029060000000, 0x0000029060000000, 0x0000029062000000|  0%| F|  |TAMS 0x0000029060000000, 0x0000029060000000| Untracked 
| 228|0x0000029062000000, 0x0000029062000000, 0x0000029064000000|  0%| F|  |TAMS 0x0000029062000000, 0x0000029062000000| Untracked 
| 229|0x0000029064000000, 0x0000029064000000, 0x0000029066000000|  0%| F|  |TAMS 0x0000029064000000, 0x0000029064000000| Untracked 
| 230|0x0000029066000000, 0x0000029066000000, 0x0000029068000000|  0%| F|  |TAMS 0x0000029066000000, 0x0000029066000000| Untracked 
| 231|0x0000029068000000, 0x0000029068000000, 0x000002906a000000|  0%| F|  |TAMS 0x0000029068000000, 0x0000029068000000| Untracked 
| 232|0x000002906a000000, 0x000002906a000000, 0x000002906c000000|  0%| F|  |TAMS 0x000002906a000000, 0x000002906a000000| Untracked 
| 233|0x000002906c000000, 0x000002906c000000, 0x000002906e000000|  0%| F|  |TAMS 0x000002906c000000, 0x000002906c000000| Untracked 
| 234|0x000002906e000000, 0x000002906e000000, 0x0000029070000000|  0%| F|  |TAMS 0x000002906e000000, 0x000002906e000000| Untracked 
| 235|0x0000029070000000, 0x0000029070000000, 0x0000029072000000|  0%| F|  |TAMS 0x0000029070000000, 0x0000029070000000| Untracked 
| 236|0x0000029072000000, 0x0000029072000000, 0x0000029074000000|  0%| F|  |TAMS 0x0000029072000000, 0x0000029072000000| Untracked 
| 237|0x0000029074000000, 0x0000029074000000, 0x0000029076000000|  0%| F|  |TAMS 0x0000029074000000, 0x0000029074000000| Untracked 
| 238|0x0000029076000000, 0x0000029076000000, 0x0000029078000000|  0%| F|  |TAMS 0x0000029076000000, 0x0000029076000000| Untracked 
| 239|0x0000029078000000, 0x0000029078000000, 0x000002907a000000|  0%| F|  |TAMS 0x0000029078000000, 0x0000029078000000| Untracked 
| 240|0x000002907a000000, 0x000002907a000000, 0x000002907c000000|  0%| F|  |TAMS 0x000002907a000000, 0x000002907a000000| Untracked 
| 241|0x000002907c000000, 0x000002907c000000, 0x000002907e000000|  0%| F|  |TAMS 0x000002907c000000, 0x000002907c000000| Untracked 
| 242|0x000002907e000000, 0x000002907e000000, 0x0000029080000000|  0%| F|  |TAMS 0x000002907e000000, 0x000002907e000000| Untracked 
| 243|0x0000029080000000, 0x0000029080000000, 0x0000029082000000|  0%| F|  |TAMS 0x0000029080000000, 0x0000029080000000| Untracked 
| 244|0x0000029082000000, 0x0000029082000000, 0x0000029084000000|  0%| F|  |TAMS 0x0000029082000000, 0x0000029082000000| Untracked 
| 245|0x0000029084000000, 0x0000029084000000, 0x0000029086000000|  0%| F|  |TAMS 0x0000029084000000, 0x0000029084000000| Untracked 
| 246|0x0000029086000000, 0x0000029086000000, 0x0000029088000000|  0%| F|  |TAMS 0x0000029086000000, 0x0000029086000000| Untracked 
| 247|0x0000029088000000, 0x0000029088000000, 0x000002908a000000|  0%| F|  |TAMS 0x0000029088000000, 0x0000029088000000| Untracked 
| 248|0x000002908a000000, 0x000002908a000000, 0x000002908c000000|  0%| F|  |TAMS 0x000002908a000000, 0x000002908a000000| Untracked 
| 249|0x000002908c000000, 0x000002908c000000, 0x000002908e000000|  0%| F|  |TAMS 0x000002908c000000, 0x000002908c000000| Untracked 
| 250|0x000002908e000000, 0x000002908e000000, 0x0000029090000000|  0%| F|  |TAMS 0x000002908e000000, 0x000002908e000000| Untracked 
| 251|0x0000029090000000, 0x0000029090000000, 0x0000029092000000|  0%| F|  |TAMS 0x0000029090000000, 0x0000029090000000| Untracked 
| 252|0x0000029092000000, 0x0000029092000000, 0x0000029094000000|  0%| F|  |TAMS 0x0000029092000000, 0x0000029092000000| Untracked 
| 253|0x0000029094000000, 0x0000029094000000, 0x0000029096000000|  0%| F|  |TAMS 0x0000029094000000, 0x0000029094000000| Untracked 
| 254|0x0000029096000000, 0x0000029096000000, 0x0000029098000000|  0%| F|  |TAMS 0x0000029096000000, 0x0000029096000000| Untracked 
| 255|0x0000029098000000, 0x0000029098000000, 0x000002909a000000|  0%| F|  |TAMS 0x0000029098000000, 0x0000029098000000| Untracked 
| 256|0x000002909a000000, 0x000002909a000000, 0x000002909c000000|  0%| F|  |TAMS 0x000002909a000000, 0x000002909a000000| Untracked 
| 257|0x000002909c000000, 0x000002909c000000, 0x000002909e000000|  0%| F|  |TAMS 0x000002909c000000, 0x000002909c000000| Untracked 
| 258|0x000002909e000000, 0x000002909e000000, 0x00000290a0000000|  0%| F|  |TAMS 0x000002909e000000, 0x000002909e000000| Untracked 
| 259|0x00000290a0000000, 0x00000290a0000000, 0x00000290a2000000|  0%| F|  |TAMS 0x00000290a0000000, 0x00000290a0000000| Untracked 
| 260|0x00000290a2000000, 0x00000290a2000000, 0x00000290a4000000|  0%| F|  |TAMS 0x00000290a2000000, 0x00000290a2000000| Untracked 
| 261|0x00000290a4000000, 0x00000290a4000000, 0x00000290a6000000|  0%| F|  |TAMS 0x00000290a4000000, 0x00000290a4000000| Untracked 
| 262|0x00000290a6000000, 0x00000290a6000000, 0x00000290a8000000|  0%| F|  |TAMS 0x00000290a6000000, 0x00000290a6000000| Untracked 
| 263|0x00000290a8000000, 0x00000290a8000000, 0x00000290aa000000|  0%| F|  |TAMS 0x00000290a8000000, 0x00000290a8000000| Untracked 
| 264|0x00000290aa000000, 0x00000290aa000000, 0x00000290ac000000|  0%| F|  |TAMS 0x00000290aa000000, 0x00000290aa000000| Untracked 
| 265|0x00000290ac000000, 0x00000290ac000000, 0x00000290ae000000|  0%| F|  |TAMS 0x00000290ac000000, 0x00000290ac000000| Untracked 
| 266|0x00000290ae000000, 0x00000290ae000000, 0x00000290b0000000|  0%| F|  |TAMS 0x00000290ae000000, 0x00000290ae000000| Untracked 
| 267|0x00000290b0000000, 0x00000290b0000000, 0x00000290b2000000|  0%| F|  |TAMS 0x00000290b0000000, 0x00000290b0000000| Untracked 
| 268|0x00000290b2000000, 0x00000290b2000000, 0x00000290b4000000|  0%| F|  |TAMS 0x00000290b2000000, 0x00000290b2000000| Untracked 
| 269|0x00000290b4000000, 0x00000290b4000000, 0x00000290b6000000|  0%| F|  |TAMS 0x00000290b4000000, 0x00000290b4000000| Untracked 
| 270|0x00000290b6000000, 0x00000290b6000000, 0x00000290b8000000|  0%| F|  |TAMS 0x00000290b6000000, 0x00000290b6000000| Untracked 
| 271|0x00000290b8000000, 0x00000290b8000000, 0x00000290ba000000|  0%| F|  |TAMS 0x00000290b8000000, 0x00000290b8000000| Untracked 
| 272|0x00000290ba000000, 0x00000290ba000000, 0x00000290bc000000|  0%| F|  |TAMS 0x00000290ba000000, 0x00000290ba000000| Untracked 
| 273|0x00000290bc000000, 0x00000290bc000000, 0x00000290be000000|  0%| F|  |TAMS 0x00000290bc000000, 0x00000290bc000000| Untracked 
| 274|0x00000290be000000, 0x00000290be000000, 0x00000290c0000000|  0%| F|  |TAMS 0x00000290be000000, 0x00000290be000000| Untracked 
| 275|0x00000290c0000000, 0x00000290c0000000, 0x00000290c2000000|  0%| F|  |TAMS 0x00000290c0000000, 0x00000290c0000000| Untracked 
| 276|0x00000290c2000000, 0x00000290c2000000, 0x00000290c4000000|  0%| F|  |TAMS 0x00000290c2000000, 0x00000290c2000000| Untracked 
| 277|0x00000290c4000000, 0x00000290c4000000, 0x00000290c6000000|  0%| F|  |TAMS 0x00000290c4000000, 0x00000290c4000000| Untracked 
| 278|0x00000290c6000000, 0x00000290c6000000, 0x00000290c8000000|  0%| F|  |TAMS 0x00000290c6000000, 0x00000290c6000000| Untracked 
| 279|0x00000290c8000000, 0x00000290c8000000, 0x00000290ca000000|  0%| F|  |TAMS 0x00000290c8000000, 0x00000290c8000000| Untracked 
| 280|0x00000290ca000000, 0x00000290ca000000, 0x00000290cc000000|  0%| F|  |TAMS 0x00000290ca000000, 0x00000290ca000000| Untracked 
| 281|0x00000290cc000000, 0x00000290cc000000, 0x00000290ce000000|  0%| F|  |TAMS 0x00000290cc000000, 0x00000290cc000000| Untracked 
| 282|0x00000290ce000000, 0x00000290ce000000, 0x00000290d0000000|  0%| F|  |TAMS 0x00000290ce000000, 0x00000290ce000000| Untracked 
| 283|0x00000290d0000000, 0x00000290d0000000, 0x00000290d2000000|  0%| F|  |TAMS 0x00000290d0000000, 0x00000290d0000000| Untracked 
| 284|0x00000290d2000000, 0x00000290d2000000, 0x00000290d4000000|  0%| F|  |TAMS 0x00000290d2000000, 0x00000290d2000000| Untracked 
| 285|0x00000290d4000000, 0x00000290d4000000, 0x00000290d6000000|  0%| F|  |TAMS 0x00000290d4000000, 0x00000290d4000000| Untracked 
| 286|0x00000290d6000000, 0x00000290d6000000, 0x00000290d8000000|  0%| F|  |TAMS 0x00000290d6000000, 0x00000290d6000000| Untracked 
| 287|0x00000290d8000000, 0x00000290d8000000, 0x00000290da000000|  0%| F|  |TAMS 0x00000290d8000000, 0x00000290d8000000| Untracked 
| 288|0x00000290da000000, 0x00000290da000000, 0x00000290dc000000|  0%| F|  |TAMS 0x00000290da000000, 0x00000290da000000| Untracked 
| 289|0x00000290dc000000, 0x00000290dc000000, 0x00000290de000000|  0%| F|  |TAMS 0x00000290dc000000, 0x00000290dc000000| Untracked 
| 290|0x00000290de000000, 0x00000290de000000, 0x00000290e0000000|  0%| F|  |TAMS 0x00000290de000000, 0x00000290de000000| Untracked 
| 291|0x00000290e0000000, 0x00000290e0000000, 0x00000290e2000000|  0%| F|  |TAMS 0x00000290e0000000, 0x00000290e0000000| Untracked 
| 292|0x00000290e2000000, 0x00000290e2000000, 0x00000290e4000000|  0%| F|  |TAMS 0x00000290e2000000, 0x00000290e2000000| Untracked 
| 293|0x00000290e4000000, 0x00000290e4000000, 0x00000290e6000000|  0%| F|  |TAMS 0x00000290e4000000, 0x00000290e4000000| Untracked 
| 294|0x00000290e6000000, 0x00000290e6000000, 0x00000290e8000000|  0%| F|  |TAMS 0x00000290e6000000, 0x00000290e6000000| Untracked 
| 295|0x00000290e8000000, 0x00000290e8000000, 0x00000290ea000000|  0%| F|  |TAMS 0x00000290e8000000, 0x00000290e8000000| Untracked 
| 296|0x00000290ea000000, 0x00000290ea000000, 0x00000290ec000000|  0%| F|  |TAMS 0x00000290ea000000, 0x00000290ea000000| Untracked 
| 297|0x00000290ec000000, 0x00000290ec000000, 0x00000290ee000000|  0%| F|  |TAMS 0x00000290ec000000, 0x00000290ec000000| Untracked 
| 298|0x00000290ee000000, 0x00000290ee000000, 0x00000290f0000000|  0%| F|  |TAMS 0x00000290ee000000, 0x00000290ee000000| Untracked 
| 299|0x00000290f0000000, 0x00000290f0000000, 0x00000290f2000000|  0%| F|  |TAMS 0x00000290f0000000, 0x00000290f0000000| Untracked 
| 300|0x00000290f2000000, 0x00000290f2000000, 0x00000290f4000000|  0%| F|  |TAMS 0x00000290f2000000, 0x00000290f2000000| Untracked 
| 301|0x00000290f4000000, 0x00000290f4000000, 0x00000290f6000000|  0%| F|  |TAMS 0x00000290f4000000, 0x00000290f4000000| Untracked 
| 302|0x00000290f6000000, 0x00000290f6000000, 0x00000290f8000000|  0%| F|  |TAMS 0x00000290f6000000, 0x00000290f6000000| Untracked 
| 303|0x00000290f8000000, 0x00000290f8000000, 0x00000290fa000000|  0%| F|  |TAMS 0x00000290f8000000, 0x00000290f8000000| Untracked 
| 304|0x00000290fa000000, 0x00000290fa000000, 0x00000290fc000000|  0%| F|  |TAMS 0x00000290fa000000, 0x00000290fa000000| Untracked 
| 305|0x00000290fc000000, 0x00000290fc000000, 0x00000290fe000000|  0%| F|  |TAMS 0x00000290fc000000, 0x00000290fc000000| Untracked 
| 306|0x00000290fe000000, 0x00000290fe000000, 0x0000029100000000|  0%| F|  |TAMS 0x00000290fe000000, 0x00000290fe000000| Untracked 
| 307|0x0000029100000000, 0x0000029100000000, 0x0000029102000000|  0%| F|  |TAMS 0x0000029100000000, 0x0000029100000000| Untracked 
| 308|0x0000029102000000, 0x0000029102000000, 0x0000029104000000|  0%| F|  |TAMS 0x0000029102000000, 0x0000029102000000| Untracked 
| 309|0x0000029104000000, 0x0000029104000000, 0x0000029106000000|  0%| F|  |TAMS 0x0000029104000000, 0x0000029104000000| Untracked 
| 310|0x0000029106000000, 0x0000029106000000, 0x0000029108000000|  0%| F|  |TAMS 0x0000029106000000, 0x0000029106000000| Untracked 
| 311|0x0000029108000000, 0x0000029108000000, 0x000002910a000000|  0%| F|  |TAMS 0x0000029108000000, 0x0000029108000000| Untracked 
| 312|0x000002910a000000, 0x000002910a000000, 0x000002910c000000|  0%| F|  |TAMS 0x000002910a000000, 0x000002910a000000| Untracked 
| 313|0x000002910c000000, 0x000002910c000000, 0x000002910e000000|  0%| F|  |TAMS 0x000002910c000000, 0x000002910c000000| Untracked 
| 314|0x000002910e000000, 0x000002910e000000, 0x0000029110000000|  0%| F|  |TAMS 0x000002910e000000, 0x000002910e000000| Untracked 
| 315|0x0000029110000000, 0x0000029110000000, 0x0000029112000000|  0%| F|  |TAMS 0x0000029110000000, 0x0000029110000000| Untracked 
| 316|0x0000029112000000, 0x0000029112000000, 0x0000029114000000|  0%| F|  |TAMS 0x0000029112000000, 0x0000029112000000| Untracked 
| 317|0x0000029114000000, 0x0000029114000000, 0x0000029116000000|  0%| F|  |TAMS 0x0000029114000000, 0x0000029114000000| Untracked 
| 318|0x0000029116000000, 0x0000029116000000, 0x0000029118000000|  0%| F|  |TAMS 0x0000029116000000, 0x0000029116000000| Untracked 
| 319|0x0000029118000000, 0x0000029118000000, 0x000002911a000000|  0%| F|  |TAMS 0x0000029118000000, 0x0000029118000000| Untracked 
| 320|0x000002911a000000, 0x000002911a000000, 0x000002911c000000|  0%| F|  |TAMS 0x000002911a000000, 0x000002911a000000| Untracked 
| 321|0x000002911c000000, 0x000002911c000000, 0x000002911e000000|  0%| F|  |TAMS 0x000002911c000000, 0x000002911c000000| Untracked 
| 322|0x000002911e000000, 0x000002911e000000, 0x0000029120000000|  0%| F|  |TAMS 0x000002911e000000, 0x000002911e000000| Untracked 
| 323|0x0000029120000000, 0x0000029120000000, 0x0000029122000000|  0%| F|  |TAMS 0x0000029120000000, 0x0000029120000000| Untracked 
| 324|0x0000029122000000, 0x0000029122000000, 0x0000029124000000|  0%| F|  |TAMS 0x0000029122000000, 0x0000029122000000| Untracked 
| 325|0x0000029124000000, 0x0000029124000000, 0x0000029126000000|  0%| F|  |TAMS 0x0000029124000000, 0x0000029124000000| Untracked 
| 326|0x0000029126000000, 0x0000029126000000, 0x0000029128000000|  0%| F|  |TAMS 0x0000029126000000, 0x0000029126000000| Untracked 
| 327|0x0000029128000000, 0x0000029128000000, 0x000002912a000000|  0%| F|  |TAMS 0x0000029128000000, 0x0000029128000000| Untracked 
| 328|0x000002912a000000, 0x000002912a000000, 0x000002912c000000|  0%| F|  |TAMS 0x000002912a000000, 0x000002912a000000| Untracked 
| 329|0x000002912c000000, 0x000002912c000000, 0x000002912e000000|  0%| F|  |TAMS 0x000002912c000000, 0x000002912c000000| Untracked 
| 330|0x000002912e000000, 0x000002912e000000, 0x0000029130000000|  0%| F|  |TAMS 0x000002912e000000, 0x000002912e000000| Untracked 
| 331|0x0000029130000000, 0x0000029130000000, 0x0000029132000000|  0%| F|  |TAMS 0x0000029130000000, 0x0000029130000000| Untracked 
| 332|0x0000029132000000, 0x0000029132000000, 0x0000029134000000|  0%| F|  |TAMS 0x0000029132000000, 0x0000029132000000| Untracked 
| 333|0x0000029134000000, 0x0000029134000000, 0x0000029136000000|  0%| F|  |TAMS 0x0000029134000000, 0x0000029134000000| Untracked 
| 334|0x0000029136000000, 0x0000029136000000, 0x0000029138000000|  0%| F|  |TAMS 0x0000029136000000, 0x0000029136000000| Untracked 
| 335|0x0000029138000000, 0x0000029138000000, 0x000002913a000000|  0%| F|  |TAMS 0x0000029138000000, 0x0000029138000000| Untracked 
| 336|0x000002913a000000, 0x000002913a000000, 0x000002913c000000|  0%| F|  |TAMS 0x000002913a000000, 0x000002913a000000| Untracked 
| 337|0x000002913c000000, 0x000002913c000000, 0x000002913e000000|  0%| F|  |TAMS 0x000002913c000000, 0x000002913c000000| Untracked 
| 338|0x000002913e000000, 0x000002913e000000, 0x0000029140000000|  0%| F|  |TAMS 0x000002913e000000, 0x000002913e000000| Untracked 
| 339|0x0000029140000000, 0x0000029140000000, 0x0000029142000000|  0%| F|  |TAMS 0x0000029140000000, 0x0000029140000000| Untracked 
| 340|0x0000029142000000, 0x0000029142000000, 0x0000029144000000|  0%| F|  |TAMS 0x0000029142000000, 0x0000029142000000| Untracked 
| 341|0x0000029144000000, 0x0000029144000000, 0x0000029146000000|  0%| F|  |TAMS 0x0000029144000000, 0x0000029144000000| Untracked 
| 342|0x0000029146000000, 0x0000029146000000, 0x0000029148000000|  0%| F|  |TAMS 0x0000029146000000, 0x0000029146000000| Untracked 
| 343|0x0000029148000000, 0x0000029148000000, 0x000002914a000000|  0%| F|  |TAMS 0x0000029148000000, 0x0000029148000000| Untracked 
| 344|0x000002914a000000, 0x000002914a000000, 0x000002914c000000|  0%| F|  |TAMS 0x000002914a000000, 0x000002914a000000| Untracked 
| 345|0x000002914c000000, 0x000002914c000000, 0x000002914e000000|  0%| F|  |TAMS 0x000002914c000000, 0x000002914c000000| Untracked 
| 346|0x000002914e000000, 0x000002914e000000, 0x0000029150000000|  0%| F|  |TAMS 0x000002914e000000, 0x000002914e000000| Untracked 
| 347|0x0000029150000000, 0x0000029150000000, 0x0000029152000000|  0%| F|  |TAMS 0x0000029150000000, 0x0000029150000000| Untracked 
| 348|0x0000029152000000, 0x0000029152000000, 0x0000029154000000|  0%| F|  |TAMS 0x0000029152000000, 0x0000029152000000| Untracked 
| 349|0x0000029154000000, 0x0000029154000000, 0x0000029156000000|  0%| F|  |TAMS 0x0000029154000000, 0x0000029154000000| Untracked 
| 350|0x0000029156000000, 0x0000029156000000, 0x0000029158000000|  0%| F|  |TAMS 0x0000029156000000, 0x0000029156000000| Untracked 
| 351|0x0000029158000000, 0x0000029158000000, 0x000002915a000000|  0%| F|  |TAMS 0x0000029158000000, 0x0000029158000000| Untracked 
| 352|0x000002915a000000, 0x000002915a000000, 0x000002915c000000|  0%| F|  |TAMS 0x000002915a000000, 0x000002915a000000| Untracked 
| 353|0x000002915c000000, 0x000002915c000000, 0x000002915e000000|  0%| F|  |TAMS 0x000002915c000000, 0x000002915c000000| Untracked 
| 354|0x000002915e000000, 0x000002915e000000, 0x0000029160000000|  0%| F|  |TAMS 0x000002915e000000, 0x000002915e000000| Untracked 
| 355|0x0000029160000000, 0x0000029160000000, 0x0000029162000000|  0%| F|  |TAMS 0x0000029160000000, 0x0000029160000000| Untracked 
| 356|0x0000029162000000, 0x0000029162000000, 0x0000029164000000|  0%| F|  |TAMS 0x0000029162000000, 0x0000029162000000| Untracked 
| 357|0x0000029164000000, 0x0000029164000000, 0x0000029166000000|  0%| F|  |TAMS 0x0000029164000000, 0x0000029164000000| Untracked 
| 358|0x0000029166000000, 0x0000029166000000, 0x0000029168000000|  0%| F|  |TAMS 0x0000029166000000, 0x0000029166000000| Untracked 
| 359|0x0000029168000000, 0x0000029168000000, 0x000002916a000000|  0%| F|  |TAMS 0x0000029168000000, 0x0000029168000000| Untracked 
| 360|0x000002916a000000, 0x000002916a000000, 0x000002916c000000|  0%| F|  |TAMS 0x000002916a000000, 0x000002916a000000| Untracked 
| 361|0x000002916c000000, 0x000002916c000000, 0x000002916e000000|  0%| F|  |TAMS 0x000002916c000000, 0x000002916c000000| Untracked 
| 362|0x000002916e000000, 0x000002916e000000, 0x0000029170000000|  0%| F|  |TAMS 0x000002916e000000, 0x000002916e000000| Untracked 
| 363|0x0000029170000000, 0x0000029170000000, 0x0000029172000000|  0%| F|  |TAMS 0x0000029170000000, 0x0000029170000000| Untracked 
| 364|0x0000029172000000, 0x0000029172000000, 0x0000029174000000|  0%| F|  |TAMS 0x0000029172000000, 0x0000029172000000| Untracked 
| 365|0x0000029174000000, 0x0000029174000000, 0x0000029176000000|  0%| F|  |TAMS 0x0000029174000000, 0x0000029174000000| Untracked 
| 366|0x0000029176000000, 0x0000029176000000, 0x0000029178000000|  0%| F|  |TAMS 0x0000029176000000, 0x0000029176000000| Untracked 
| 367|0x0000029178000000, 0x0000029178000000, 0x000002917a000000|  0%| F|  |TAMS 0x0000029178000000, 0x0000029178000000| Untracked 
| 368|0x000002917a000000, 0x000002917a000000, 0x000002917c000000|  0%| F|  |TAMS 0x000002917a000000, 0x000002917a000000| Untracked 
| 369|0x000002917c000000, 0x000002917c000000, 0x000002917e000000|  0%| F|  |TAMS 0x000002917c000000, 0x000002917c000000| Untracked 
| 370|0x000002917e000000, 0x000002917e000000, 0x0000029180000000|  0%| F|  |TAMS 0x000002917e000000, 0x000002917e000000| Untracked 
| 371|0x0000029180000000, 0x0000029180000000, 0x0000029182000000|  0%| F|  |TAMS 0x0000029180000000, 0x0000029180000000| Untracked 
| 372|0x0000029182000000, 0x0000029182000000, 0x0000029184000000|  0%| F|  |TAMS 0x0000029182000000, 0x0000029182000000| Untracked 
| 373|0x0000029184000000, 0x0000029184000000, 0x0000029186000000|  0%| F|  |TAMS 0x0000029184000000, 0x0000029184000000| Untracked 
| 374|0x0000029186000000, 0x0000029186000000, 0x0000029188000000|  0%| F|  |TAMS 0x0000029186000000, 0x0000029186000000| Untracked 
| 375|0x0000029188000000, 0x0000029188000000, 0x000002918a000000|  0%| F|  |TAMS 0x0000029188000000, 0x0000029188000000| Untracked 
| 376|0x000002918a000000, 0x000002918a000000, 0x000002918c000000|  0%| F|  |TAMS 0x000002918a000000, 0x000002918a000000| Untracked 
| 377|0x000002918c000000, 0x000002918c000000, 0x000002918e000000|  0%| F|  |TAMS 0x000002918c000000, 0x000002918c000000| Untracked 
| 378|0x000002918e000000, 0x000002918e000000, 0x0000029190000000|  0%| F|  |TAMS 0x000002918e000000, 0x000002918e000000| Untracked 
| 379|0x0000029190000000, 0x0000029190000000, 0x0000029192000000|  0%| F|  |TAMS 0x0000029190000000, 0x0000029190000000| Untracked 
| 380|0x0000029192000000, 0x0000029192000000, 0x0000029194000000|  0%| F|  |TAMS 0x0000029192000000, 0x0000029192000000| Untracked 
| 381|0x0000029194000000, 0x0000029194000000, 0x0000029196000000|  0%| F|  |TAMS 0x0000029194000000, 0x0000029194000000| Untracked 
| 382|0x0000029196000000, 0x0000029196000000, 0x0000029198000000|  0%| F|  |TAMS 0x0000029196000000, 0x0000029196000000| Untracked 
| 383|0x0000029198000000, 0x0000029198000000, 0x000002919a000000|  0%| F|  |TAMS 0x0000029198000000, 0x0000029198000000| Untracked 
| 384|0x000002919a000000, 0x000002919a000000, 0x000002919c000000|  0%| F|  |TAMS 0x000002919a000000, 0x000002919a000000| Untracked 
| 385|0x000002919c000000, 0x000002919c000000, 0x000002919e000000|  0%| F|  |TAMS 0x000002919c000000, 0x000002919c000000| Untracked 
| 386|0x000002919e000000, 0x000002919e000000, 0x00000291a0000000|  0%| F|  |TAMS 0x000002919e000000, 0x000002919e000000| Untracked 
| 387|0x00000291a0000000, 0x00000291a0000000, 0x00000291a2000000|  0%| F|  |TAMS 0x00000291a0000000, 0x00000291a0000000| Untracked 
| 388|0x00000291a2000000, 0x00000291a2000000, 0x00000291a4000000|  0%| F|  |TAMS 0x00000291a2000000, 0x00000291a2000000| Untracked 
| 389|0x00000291a4000000, 0x00000291a4000000, 0x00000291a6000000|  0%| F|  |TAMS 0x00000291a4000000, 0x00000291a4000000| Untracked 
| 390|0x00000291a6000000, 0x00000291a6000000, 0x00000291a8000000|  0%| F|  |TAMS 0x00000291a6000000, 0x00000291a6000000| Untracked 
| 391|0x00000291a8000000, 0x00000291a8000000, 0x00000291aa000000|  0%| F|  |TAMS 0x00000291a8000000, 0x00000291a8000000| Untracked 
| 392|0x00000291aa000000, 0x00000291aa000000, 0x00000291ac000000|  0%| F|  |TAMS 0x00000291aa000000, 0x00000291aa000000| Untracked 
| 393|0x00000291ac000000, 0x00000291ac000000, 0x00000291ae000000|  0%| F|  |TAMS 0x00000291ac000000, 0x00000291ac000000| Untracked 
| 394|0x00000291ae000000, 0x00000291ae000000, 0x00000291b0000000|  0%| F|  |TAMS 0x00000291ae000000, 0x00000291ae000000| Untracked 
| 395|0x00000291b0000000, 0x00000291b0000000, 0x00000291b2000000|  0%| F|  |TAMS 0x00000291b0000000, 0x00000291b0000000| Untracked 
| 396|0x00000291b2000000, 0x00000291b2000000, 0x00000291b4000000|  0%| F|  |TAMS 0x00000291b2000000, 0x00000291b2000000| Untracked 
| 397|0x00000291b4000000, 0x00000291b4000000, 0x00000291b6000000|  0%| F|  |TAMS 0x00000291b4000000, 0x00000291b4000000| Untracked 
| 398|0x00000291b6000000, 0x00000291b6000000, 0x00000291b8000000|  0%| F|  |TAMS 0x00000291b6000000, 0x00000291b6000000| Untracked 
| 399|0x00000291b8000000, 0x00000291b8000000, 0x00000291ba000000|  0%| F|  |TAMS 0x00000291b8000000, 0x00000291b8000000| Untracked 
| 400|0x00000291ba000000, 0x00000291ba000000, 0x00000291bc000000|  0%| F|  |TAMS 0x00000291ba000000, 0x00000291ba000000| Untracked 
| 401|0x00000291bc000000, 0x00000291bc000000, 0x00000291be000000|  0%| F|  |TAMS 0x00000291bc000000, 0x00000291bc000000| Untracked 
| 402|0x00000291be000000, 0x00000291be000000, 0x00000291c0000000|  0%| F|  |TAMS 0x00000291be000000, 0x00000291be000000| Untracked 
| 403|0x00000291c0000000, 0x00000291c0000000, 0x00000291c2000000|  0%| F|  |TAMS 0x00000291c0000000, 0x00000291c0000000| Untracked 
| 404|0x00000291c2000000, 0x00000291c2000000, 0x00000291c4000000|  0%| F|  |TAMS 0x00000291c2000000, 0x00000291c2000000| Untracked 
| 405|0x00000291c4000000, 0x00000291c4000000, 0x00000291c6000000|  0%| F|  |TAMS 0x00000291c4000000, 0x00000291c4000000| Untracked 
| 406|0x00000291c6000000, 0x00000291c6000000, 0x00000291c8000000|  0%| F|  |TAMS 0x00000291c6000000, 0x00000291c6000000| Untracked 
| 407|0x00000291c8000000, 0x00000291c8000000, 0x00000291ca000000|  0%| F|  |TAMS 0x00000291c8000000, 0x00000291c8000000| Untracked 
| 408|0x00000291ca000000, 0x00000291cc000000, 0x00000291cc000000|100%| S|CS|TAMS 0x00000291ca000000, 0x00000291ca000000| Complete 
| 409|0x00000291cc000000, 0x00000291cc000000, 0x00000291ce000000|  0%| F|  |TAMS 0x00000291cc000000, 0x00000291cc000000| Untracked 
| 410|0x00000291ce000000, 0x00000291ce000000, 0x00000291d0000000|  0%| F|  |TAMS 0x00000291ce000000, 0x00000291ce000000| Untracked 
| 411|0x00000291d0000000, 0x00000291d0000000, 0x00000291d2000000|  0%| F|  |TAMS 0x00000291d0000000, 0x00000291d0000000| Untracked 
| 412|0x00000291d2000000, 0x00000291d4000000, 0x00000291d4000000|100%| S|CS|TAMS 0x00000291d2000000, 0x00000291d2000000| Complete 
| 413|0x00000291d4000000, 0x00000291d6000000, 0x00000291d6000000|100%| S|CS|TAMS 0x00000291d4000000, 0x00000291d4000000| Complete 
| 414|0x00000291d6000000, 0x00000291d6000000, 0x00000291d8000000|  0%| F|  |TAMS 0x00000291d6000000, 0x00000291d6000000| Untracked 
| 415|0x00000291d8000000, 0x00000291d8000000, 0x00000291da000000|  0%| F|  |TAMS 0x00000291d8000000, 0x00000291d8000000| Untracked 
| 416|0x00000291da000000, 0x00000291da000000, 0x00000291dc000000|  0%| F|  |TAMS 0x00000291da000000, 0x00000291da000000| Untracked 
| 417|0x00000291dc000000, 0x00000291dc000000, 0x00000291de000000|  0%| F|  |TAMS 0x00000291dc000000, 0x00000291dc000000| Untracked 
| 418|0x00000291de000000, 0x00000291de000000, 0x00000291e0000000|  0%| F|  |TAMS 0x00000291de000000, 0x00000291de000000| Untracked 
| 419|0x00000291e0000000, 0x00000291e0000000, 0x00000291e2000000|  0%| F|  |TAMS 0x00000291e0000000, 0x00000291e0000000| Untracked 
| 420|0x00000291e2000000, 0x00000291e2000000, 0x00000291e4000000|  0%| F|  |TAMS 0x00000291e2000000, 0x00000291e2000000| Untracked 
| 421|0x00000291e4000000, 0x00000291e4000000, 0x00000291e6000000|  0%| F|  |TAMS 0x00000291e4000000, 0x00000291e4000000| Untracked 
| 422|0x00000291e6000000, 0x00000291e6000000, 0x00000291e8000000|  0%| F|  |TAMS 0x00000291e6000000, 0x00000291e6000000| Untracked 
| 423|0x00000291e8000000, 0x00000291e8000000, 0x00000291ea000000|  0%| F|  |TAMS 0x00000291e8000000, 0x00000291e8000000| Untracked 
| 424|0x00000291ea000000, 0x00000291ea000000, 0x00000291ec000000|  0%| F|  |TAMS 0x00000291ea000000, 0x00000291ea000000| Untracked 
| 425|0x00000291ec000000, 0x00000291ec000000, 0x00000291ee000000|  0%| F|  |TAMS 0x00000291ec000000, 0x00000291ec000000| Untracked 
| 426|0x00000291ee000000, 0x00000291ee000000, 0x00000291f0000000|  0%| F|  |TAMS 0x00000291ee000000, 0x00000291ee000000| Untracked 
| 427|0x00000291f0000000, 0x00000291f0000000, 0x00000291f2000000|  0%| F|  |TAMS 0x00000291f0000000, 0x00000291f0000000| Untracked 
| 428|0x00000291f2000000, 0x00000291f2000000, 0x00000291f4000000|  0%| F|  |TAMS 0x00000291f2000000, 0x00000291f2000000| Untracked 
| 429|0x00000291f4000000, 0x00000291f4000000, 0x00000291f6000000|  0%| F|  |TAMS 0x00000291f4000000, 0x00000291f4000000| Untracked 
| 430|0x00000291f6000000, 0x00000291f6000000, 0x00000291f8000000|  0%| F|  |TAMS 0x00000291f6000000, 0x00000291f6000000| Untracked 
| 431|0x00000291f8000000, 0x00000291f8000000, 0x00000291fa000000|  0%| F|  |TAMS 0x00000291f8000000, 0x00000291f8000000| Untracked 

Card table byte_map: [0x0000029e41d00000,0x0000029e49a00000] _byte_map_base: 0x0000029cfa830000

Marking Bits (Prev, Next): (CMBitMap*) 0x0000028e8749c010, (CMBitMap*) 0x0000028e8749c050
 Prev Bits: [0x0000029e51700000, 0x0000029e8ff00000)
 Next Bits: [0x0000029e8ff00000, 0x0000029ece700000)

Polling page: 0x0000028e86ba0000

Metaspace:

Usage:
  Non-class:      3.62 MB used.
      Class:    330.98 KB used.
       Both:      3.95 MB used.

Virtual space:
  Non-class space:       64.00 MB reserved,       3.69 MB (  6%) committed,  1 nodes.
      Class space:        1.00 GB reserved,     448.00 KB ( <1%) committed,  1 nodes.
             Both:        1.06 GB reserved,       4.12 MB ( <1%) committed. 

Chunk freelists:
   Non-Class:  11.95 MB
       Class:  15.61 MB
        Both:  27.56 MB

MaxMetaspaceSize: unlimited
CompressedClassSpaceSize: 1.00 GB
Initial GC threshold: 21.00 MB
Current GC threshold: 21.00 MB
CDS: off
MetaspaceReclaimPolicy: balanced
 - commit_granule_bytes: 65536.
 - commit_granule_words: 8192.
 - virtual_space_node_default_size: 8388608.
 - enlarge_chunks_in_place: 1.
 - new_chunks_are_fully_committed: 0.
 - uncommit_free_chunks: 1.
 - use_allocation_guard: 0.
 - handle_deallocations: 1.


Internal statistics:

num_allocs_failed_limit: 0.
num_arena_births: 4.
num_arena_deaths: 0.
num_vsnodes_births: 2.
num_vsnodes_deaths: 0.
num_space_committed: 66.
num_space_uncommitted: 0.
num_chunks_returned_to_freelist: 0.
num_chunks_taken_from_freelist: 12.
num_chunk_merges: 0.
num_chunk_splits: 6.
num_chunks_enlarged: 5.
num_inconsistent_stats: 0.

CodeHeap 'non-profiled nmethods': size=120000Kb used=43Kb max_used=43Kb free=119956Kb
 bounds [0x0000028e92570000, 0x0000028e927e0000, 0x0000028e99aa0000]
CodeHeap 'profiled nmethods': size=120000Kb used=191Kb max_used=191Kb free=119808Kb
 bounds [0x0000028e8aaa0000, 0x0000028e8ad10000, 0x0000028e91fd0000]
CodeHeap 'non-nmethods': size=5760Kb used=1047Kb max_used=1068Kb free=4712Kb
 bounds [0x0000028e91fd0000, 0x0000028e92240000, 0x0000028e92570000]
 total_blobs=446 nmethods=139 adapters=220
 compilation: enabled
              stopped_count=0, restarted_count=0
 full_count=0

Compilation events (20 events):
Event: 0.252 Thread 0x0000029ed14341d0  130       4       MazeStuff.Maze::isWall (41 bytes)
Event: 0.252 Thread 0x0000029ed14341d0 nmethod 130 0x0000028e92575e10 code [0x0000028e92575fa0, 0x0000028e925760f8]
Event: 0.253 Thread 0x0000029ed14341d0  131       4       IAStuff.TreeNode::isThisCoordFather (35 bytes)
Event: 0.253 Thread 0x0000029ed14341d0 nmethod 131 0x0000028e92576290 code [0x0000028e92576400, 0x0000028e925764b8]
Event: 0.254 Thread 0x0000029ed14341d0  132       4       java.util.LinkedList::linkLast (59 bytes)
Event: 0.256 Thread 0x0000029ed14341d0 nmethod 132 0x0000028e92576590 code [0x0000028e92576720, 0x0000028e925769d8]
Event: 0.259 Thread 0x0000029ed14341d0  133       4       IAStuff.TreeNode::<init> (10 bytes)
Event: 0.260 Thread 0x0000029ed14341d0 nmethod 133 0x0000028e92576a90 code [0x0000028e92576c00, 0x0000028e92576d18]
Event: 0.260 Thread 0x0000029ed14341d0  134       4       IAStuff.NodesLine::addToLine (10 bytes)
Event: 0.262 Thread 0x0000029ed14341d0 nmethod 134 0x0000028e92576d90 code [0x0000028e92576f20, 0x0000028e925771d8]
Event: 0.262 Thread 0x0000029ed14341d0  135       4       java.util.LinkedList::unlinkFirst (64 bytes)
Event: 0.263 Thread 0x0000029ed14341d0 nmethod 135 0x0000028e92577310 code [0x0000028e92577480, 0x0000028e92577718]
Event: 0.263 Thread 0x0000029ed14341d0  136       4       IAStuff.NodesLine::next (11 bytes)
Event: 0.265 Thread 0x0000029ed14341d0 nmethod 136 0x0000028e92577810 code [0x0000028e925779a0, 0x0000028e92577c78]
Event: 0.291 Thread 0x0000029ed149c7b0  137 % !   3       IAStuff.WidthSearch::algorithm @ 74 (465 bytes)
Event: 0.293 Thread 0x0000029ed149c7b0 nmethod 137% 0x0000028e8aac8810 code [0x0000028e8aac8cc0, 0x0000028e8aacb688]
Event: 0.294 Thread 0x0000029ed149c7b0  138   !   3       IAStuff.WidthSearch::algorithm (465 bytes)
Event: 0.295 Thread 0x0000029ed149c7b0 nmethod 138 0x0000028e8aacc490 code [0x0000028e8aacc920, 0x0000028e8aacf088]
Event: 0.299 Thread 0x0000029ed14341d0  139 % !   4       IAStuff.WidthSearch::algorithm @ 74 (465 bytes)
Event: 0.360 Thread 0x0000029ed14341d0 nmethod 139% 0x0000028e92577e10 code [0x0000028e92578060, 0x0000028e9257a018]

GC Heap History (20 events):
Event: 0.868 GC heap after
{Heap after GC invocations=7 (full 0):
 garbage-first heap   total 1572864K, used 208105K [0x0000028e9a000000, 0x0000029e3a000000)
  region size 32768K, 1 young (32768K), 1 survivors (32768K)
 Metaspace       used 4039K, committed 4224K, reserved 1114112K
  class space    used 330K, committed 448K, reserved 1048576K
}
Event: 0.890 GC heap before
{Heap before GC invocations=7 (full 0):
 garbage-first heap   total 1572864K, used 240873K [0x0000028e9a000000, 0x0000029e3a000000)
  region size 32768K, 2 young (65536K), 1 survivors (32768K)
 Metaspace       used 4039K, committed 4224K, reserved 1114112K
  class space    used 330K, committed 448K, reserved 1048576K
}
Event: 0.964 GC heap after
{Heap after GC invocations=8 (full 0):
 garbage-first heap   total 1572864K, used 243063K [0x0000028e9a000000, 0x0000029e3a000000)
  region size 32768K, 1 young (32768K), 1 survivors (32768K)
 Metaspace       used 4039K, committed 4224K, reserved 1114112K
  class space    used 330K, committed 448K, reserved 1048576K
}
Event: 1.053 GC heap before
{Heap before GC invocations=8 (full 0):
 garbage-first heap   total 1572864K, used 275831K [0x0000028e9a000000, 0x0000029e3a000000)
  region size 32768K, 2 young (65536K), 1 survivors (32768K)
 Metaspace       used 4039K, committed 4224K, reserved 1114112K
  class space    used 330K, committed 448K, reserved 1048576K
}
Event: 1.124 GC heap after
{Heap after GC invocations=9 (full 0):
 garbage-first heap   total 4718592K, used 279032K [0x0000028e9a000000, 0x0000029e3a000000)
  region size 32768K, 1 young (32768K), 1 survivors (32768K)
 Metaspace       used 4039K, committed 4224K, reserved 1114112K
  class space    used 330K, committed 448K, reserved 1048576K
}
Event: 1.541 GC heap before
{Heap before GC invocations=9 (full 0):
 garbage-first heap   total 4718592K, used 475640K [0x0000028e9a000000, 0x0000029e3a000000)
  region size 32768K, 7 young (229376K), 1 survivors (32768K)
 Metaspace       used 4039K, committed 4224K, reserved 1114112K
  class space    used 330K, committed 448K, reserved 1048576K
}
Event: 1.747 GC heap after
{Heap after GC invocations=10 (full 0):
 garbage-first heap   total 4718592K, used 462064K [0x0000028e9a000000, 0x0000029e3a000000)
  region size 32768K, 1 young (32768K), 1 survivors (32768K)
 Metaspace       used 4039K, committed 4224K, reserved 1114112K
  class space    used 330K, committed 448K, reserved 1048576K
}
Event: 1.947 GC heap before
{Heap before GC invocations=10 (full 0):
 garbage-first heap   total 4718592K, used 658672K [0x0000028e9a000000, 0x0000029e3a000000)
  region size 32768K, 7 young (229376K), 1 survivors (32768K)
 Metaspace       used 4039K, committed 4224K, reserved 1114112K
  class space    used 330K, committed 448K, reserved 1048576K
}
Event: 2.157 GC heap after
{Heap after GC invocations=11 (full 0):
 garbage-first heap   total 4718592K, used 669658K [0x0000028e9a000000, 0x0000029e3a000000)
  region size 32768K, 1 young (32768K), 1 survivors (32768K)
 Metaspace       used 4039K, committed 4224K, reserved 1114112K
  class space    used 330K, committed 448K, reserved 1048576K
}
Event: 2.265 GC heap before
{Heap before GC invocations=11 (full 0):
 garbage-first heap   total 4718592K, used 866266K [0x0000028e9a000000, 0x0000029e3a000000)
  region size 32768K, 7 young (229376K), 1 survivors (32768K)
 Metaspace       used 4039K, committed 4224K, reserved 1114112K
  class space    used 330K, committed 448K, reserved 1048576K
}
Event: 2.475 GC heap after
{Heap after GC invocations=12 (full 0):
 garbage-first heap   total 4718592K, used 881276K [0x0000028e9a000000, 0x0000029e3a000000)
  region size 32768K, 1 young (32768K), 1 survivors (32768K)
 Metaspace       used 4039K, committed 4224K, reserved 1114112K
  class space    used 330K, committed 448K, reserved 1048576K
}
Event: 2.581 GC heap before
{Heap before GC invocations=12 (full 0):
 garbage-first heap   total 4718592K, used 1077884K [0x0000028e9a000000, 0x0000029e3a000000)
  region size 32768K, 7 young (229376K), 1 survivors (32768K)
 Metaspace       used 4039K, committed 4224K, reserved 1114112K
  class space    used 330K, committed 448K, reserved 1048576K
}
Event: 3.503 GC heap after
{Heap after GC invocations=13 (full 0):
 garbage-first heap   total 14155776K, used 1096762K [0x0000028e9a000000, 0x0000029e3a000000)
  region size 32768K, 1 young (32768K), 1 survivors (32768K)
 Metaspace       used 4039K, committed 4224K, reserved 1114112K
  class space    used 330K, committed 448K, reserved 1048576K
}
Event: 5.174 GC heap before
{Heap before GC invocations=13 (full 0):
 garbage-first heap   total 14155776K, used 1752122K [0x0000028e9a000000, 0x0000029e3a000000)
  region size 32768K, 21 young (688128K), 1 survivors (32768K)
 Metaspace       used 4039K, committed 4224K, reserved 1114112K
  class space    used 330K, committed 448K, reserved 1048576K
}
Event: 5.888 GC heap after
{Heap after GC invocations=14 (full 0):
 garbage-first heap   total 14155776K, used 1773384K [0x0000028e9a000000, 0x0000029e3a000000)
  region size 32768K, 3 young (98304K), 3 survivors (98304K)
 Metaspace       used 4039K, committed 4224K, reserved 1114112K
  class space    used 330K, committed 448K, reserved 1048576K
}
Event: 6.905 GC heap before
{Heap before GC invocations=14 (full 0):
 garbage-first heap   total 14155776K, used 2363208K [0x0000028e9a000000, 0x0000029e3a000000)
  region size 32768K, 21 young (688128K), 3 survivors (98304K)
 Metaspace       used 4039K, committed 4224K, reserved 1114112K
  class space    used 330K, committed 448K, reserved 1048576K
}
Event: 7.470 GC heap after
{Heap after GC invocations=15 (full 0):
 garbage-first heap   total 14155776K, used 2421396K [0x0000028e9a000000, 0x0000029e3a000000)
  region size 32768K, 3 young (98304K), 3 survivors (98304K)
 Metaspace       used 4039K, committed 4224K, reserved 1114112K
  class space    used 330K, committed 448K, reserved 1048576K
}
Event: 7.711 GC heap before
{Heap before GC invocations=15 (full 0):
 garbage-first heap   total 14155776K, used 3011220K [0x0000028e9a000000, 0x0000029e3a000000)
  region size 32768K, 21 young (688128K), 3 survivors (98304K)
 Metaspace       used 4039K, committed 4224K, reserved 1114112K
  class space    used 330K, committed 448K, reserved 1048576K
}
Event: 8.404 GC heap after
{Heap after GC invocations=16 (full 0):
 garbage-first heap   total 14155776K, used 3058715K [0x0000028e9a000000, 0x0000029e3a000000)
  region size 32768K, 3 young (98304K), 3 survivors (98304K)
 Metaspace       used 4039K, committed 4224K, reserved 1114112K
  class space    used 330K, committed 448K, reserved 1048576K
}
Event: 8.640 GC heap before
{Heap before GC invocations=16 (full 0):
 garbage-first heap   total 14155776K, used 3648539K [0x0000028e9a000000, 0x0000029e3a000000)
  region size 32768K, 21 young (688128K), 3 survivors (98304K)
 Metaspace       used 4039K, committed 4224K, reserved 1114112K
  class space    used 330K, committed 448K, reserved 1048576K
}

Dll operation events (1 events):
Event: 0.019 Loaded shared library C:\Users\rober\.p2\pool\plugins\org.eclipse.justj.openjdk.hotspot.jre.full.win32.x86_64_17.0.8.v20230801-1951\jre\bin\java.dll

Deoptimization events (10 events):
Event: 0.233 Thread 0x0000028e873e14d0 DEOPT PACKING pc=0x0000028e8aabcd16 sp=0x000000ecc59ff070
Event: 0.233 Thread 0x0000028e873e14d0 DEOPT UNPACKING pc=0x0000028e92027143 sp=0x000000ecc59fe530 mode 0
Event: 0.233 Thread 0x0000028e873e14d0 DEOPT PACKING pc=0x0000028e8aabcd16 sp=0x000000ecc59ff070
Event: 0.233 Thread 0x0000028e873e14d0 DEOPT UNPACKING pc=0x0000028e92027143 sp=0x000000ecc59fe530 mode 0
Event: 0.234 Thread 0x0000028e873e14d0 DEOPT PACKING pc=0x0000028e8aabcd16 sp=0x000000ecc59ff070
Event: 0.234 Thread 0x0000028e873e14d0 DEOPT UNPACKING pc=0x0000028e92027143 sp=0x000000ecc59fe530 mode 0
Event: 0.237 Thread 0x0000028e873e14d0 DEOPT PACKING pc=0x0000028e8aabcd16 sp=0x000000ecc59ff070
Event: 0.237 Thread 0x0000028e873e14d0 DEOPT UNPACKING pc=0x0000028e92027143 sp=0x000000ecc59fe530 mode 0
Event: 0.361 Thread 0x0000029ed15d6d00 DEOPT PACKING pc=0x0000028e8aacae84 sp=0x000000ecc6cfef80
Event: 0.361 Thread 0x0000029ed15d6d00 DEOPT UNPACKING pc=0x0000028e92027143 sp=0x000000ecc6cfe4f0 mode 0

Classes unloaded (0 events):
No events

Classes redefined (0 events):
No events

Internal exceptions (0 events):
No events

VM Operations (20 events):
Event: 0.868 Executing VM operation: G1CollectForAllocation done
Event: 0.890 Executing VM operation: G1CollectForAllocation
Event: 0.964 Executing VM operation: G1CollectForAllocation done
Event: 1.052 Executing VM operation: G1CollectForAllocation
Event: 1.124 Executing VM operation: G1CollectForAllocation done
Event: 1.541 Executing VM operation: G1CollectForAllocation
Event: 1.747 Executing VM operation: G1CollectForAllocation done
Event: 1.947 Executing VM operation: G1CollectForAllocation
Event: 2.157 Executing VM operation: G1CollectForAllocation done
Event: 2.265 Executing VM operation: G1CollectForAllocation
Event: 2.475 Executing VM operation: G1CollectForAllocation done
Event: 2.581 Executing VM operation: G1CollectForAllocation
Event: 3.503 Executing VM operation: G1CollectForAllocation done
Event: 5.167 Executing VM operation: G1CollectForAllocation
Event: 5.900 Executing VM operation: G1CollectForAllocation done
Event: 6.905 Executing VM operation: G1CollectForAllocation
Event: 7.470 Executing VM operation: G1CollectForAllocation done
Event: 7.711 Executing VM operation: G1CollectForAllocation
Event: 8.404 Executing VM operation: G1CollectForAllocation done
Event: 8.640 Executing VM operation: G1CollectForAllocation

Events (20 events):
Event: 0.221 loading class jdk/internal/math/FDBigInteger
Event: 0.221 loading class jdk/internal/math/FDBigInteger done
Event: 0.238 loading class java/nio/CharBuffer
Event: 0.238 loading class java/lang/Readable
Event: 0.238 loading class java/lang/Readable done
Event: 0.238 loading class java/nio/CharBuffer done
Event: 0.238 loading class java/nio/HeapCharBuffer
Event: 0.239 loading class java/nio/HeapCharBuffer done
Event: 0.239 loading class java/nio/charset/CoderResult
Event: 0.239 loading class java/nio/charset/CoderResult done
Event: 0.240 loading class java/lang/InterruptedException
Event: 0.240 loading class java/lang/InterruptedException done
Event: 0.241 Thread 0x0000029ed15d6d00 Thread added: 0x0000029ed15d6d00
Event: 0.245 Thread 0x0000029ed15d91f0 Thread added: 0x0000029ed15d91f0
Event: 0.247 loading class java/util/LinkedList
Event: 0.247 loading class java/util/AbstractSequentialList
Event: 0.248 loading class java/util/AbstractSequentialList done
Event: 0.248 loading class java/util/LinkedList done
Event: 0.248 loading class java/util/LinkedList$Node
Event: 0.248 loading class java/util/LinkedList$Node done


Dynamic libraries:
0x00007ff633b40000 - 0x00007ff633b4e000 	C:\Users\rober\.p2\pool\plugins\org.eclipse.justj.openjdk.hotspot.jre.full.win32.x86_64_17.0.8.v20230801-1951\jre\bin\javaw.exe
0x00007ffae8150000 - 0x00007ffae8364000 	C:\WINDOWS\SYSTEM32\ntdll.dll
0x00007ffae7f10000 - 0x00007ffae7fd4000 	C:\WINDOWS\System32\KERNEL32.DLL
0x00007ffae5620000 - 0x00007ffae59c4000 	C:\WINDOWS\System32\KERNELBASE.dll
0x00007ffae59d0000 - 0x00007ffae5ae1000 	C:\WINDOWS\System32\ucrtbase.dll
0x00007ffadfb50000 - 0x00007ffadfb69000 	C:\Users\rober\.p2\pool\plugins\org.eclipse.justj.openjdk.hotspot.jre.full.win32.x86_64_17.0.8.v20230801-1951\jre\bin\VCRUNTIME140.dll
0x00007ffae2870000 - 0x00007ffae2887000 	C:\Users\rober\.p2\pool\plugins\org.eclipse.justj.openjdk.hotspot.jre.full.win32.x86_64_17.0.8.v20230801-1951\jre\bin\jli.dll
0x00007ffae6b00000 - 0x00007ffae6cae000 	C:\WINDOWS\System32\USER32.dll
0x00007ffae5dc0000 - 0x00007ffae5de6000 	C:\WINDOWS\System32\win32u.dll
0x00007ffae7710000 - 0x00007ffae7739000 	C:\WINDOWS\System32\GDI32.dll
0x00007ffae5500000 - 0x00007ffae5618000 	C:\WINDOWS\System32\gdi32full.dll
0x00007ffae5d20000 - 0x00007ffae5dba000 	C:\WINDOWS\System32\msvcp_win.dll
0x00007fface250000 - 0x00007fface4e3000 	C:\WINDOWS\WinSxS\amd64_microsoft.windows.common-controls_6595b64144ccf1df_6.0.22621.2215_none_270d72677387dfc3\COMCTL32.dll
0x00007ffae7fe0000 - 0x00007ffae8087000 	C:\WINDOWS\System32\msvcrt.dll
0x00007ffae7640000 - 0x00007ffae7671000 	C:\WINDOWS\System32\IMM32.DLL
0x00007ffae2860000 - 0x00007ffae286c000 	C:\Users\rober\.p2\pool\plugins\org.eclipse.justj.openjdk.hotspot.jre.full.win32.x86_64_17.0.8.v20230801-1951\jre\bin\vcruntime140_1.dll
0x00007ffad70d0000 - 0x00007ffad7161000 	C:\Users\rober\.p2\pool\plugins\org.eclipse.justj.openjdk.hotspot.jre.full.win32.x86_64_17.0.8.v20230801-1951\jre\bin\msvcp140.dll
0x00007ffaa8ea0000 - 0x00007ffaa9aec000 	C:\Users\rober\.p2\pool\plugins\org.eclipse.justj.openjdk.hotspot.jre.full.win32.x86_64_17.0.8.v20230801-1951\jre\bin\server\jvm.dll
0x00007ffae5f70000 - 0x00007ffae6020000 	C:\WINDOWS\System32\ADVAPI32.dll
0x00007ffae7a50000 - 0x00007ffae7af6000 	C:\WINDOWS\System32\sechost.dll
0x00007ffae7d10000 - 0x00007ffae7e27000 	C:\WINDOWS\System32\RPCRT4.dll
0x00007ffae43b0000 - 0x00007ffae43fd000 	C:\WINDOWS\SYSTEM32\POWRPROF.dll
0x00007ffadd720000 - 0x00007ffadd754000 	C:\WINDOWS\SYSTEM32\WINMM.dll
0x00007ffadb520000 - 0x00007ffadb52a000 	C:\WINDOWS\SYSTEM32\VERSION.dll
0x00007ffae0930000 - 0x00007ffae0939000 	C:\WINDOWS\SYSTEM32\WSOCK32.dll
0x00007ffae8090000 - 0x00007ffae8101000 	C:\WINDOWS\System32\WS2_32.dll
0x00007ffae4390000 - 0x00007ffae43a3000 	C:\WINDOWS\SYSTEM32\UMPDC.dll
0x00007ffae45b0000 - 0x00007ffae45c8000 	C:\WINDOWS\SYSTEM32\kernel.appcore.dll
0x00007ffae0230000 - 0x00007ffae023a000 	C:\Users\rober\.p2\pool\plugins\org.eclipse.justj.openjdk.hotspot.jre.full.win32.x86_64_17.0.8.v20230801-1951\jre\bin\jimage.dll
0x00007ffadd330000 - 0x00007ffadd55e000 	C:\WINDOWS\SYSTEM32\DBGHELP.DLL
0x00007ffae62f0000 - 0x00007ffae667a000 	C:\WINDOWS\System32\combase.dll
0x00007ffae7e30000 - 0x00007ffae7f07000 	C:\WINDOWS\System32\OLEAUT32.dll
0x00007ffacdd00000 - 0x00007ffacdd32000 	C:\WINDOWS\SYSTEM32\dbgcore.DLL
0x00007ffae5df0000 - 0x00007ffae5e6a000 	C:\WINDOWS\System32\bcryptPrimitives.dll
0x00007ffadf7c0000 - 0x00007ffadf7e5000 	C:\Users\rober\.p2\pool\plugins\org.eclipse.justj.openjdk.hotspot.jre.full.win32.x86_64_17.0.8.v20230801-1951\jre\bin\java.dll
0x00007ffadfc90000 - 0x00007ffadfca8000 	C:\Users\rober\.p2\pool\plugins\org.eclipse.justj.openjdk.hotspot.jre.full.win32.x86_64_17.0.8.v20230801-1951\jre\bin\zip.dll
0x00007ffae6cb0000 - 0x00007ffae74d3000 	C:\WINDOWS\System32\SHELL32.dll
0x00007ffae34a0000 - 0x00007ffae3d8a000 	C:\WINDOWS\SYSTEM32\windows.storage.dll
0x00007ffae3360000 - 0x00007ffae349e000 	C:\WINDOWS\SYSTEM32\wintypes.dll
0x00007ffae6020000 - 0x00007ffae6113000 	C:\WINDOWS\System32\SHCORE.dll
0x00007ffae7570000 - 0x00007ffae75ce000 	C:\WINDOWS\System32\shlwapi.dll
0x00007ffae5430000 - 0x00007ffae5456000 	C:\WINDOWS\SYSTEM32\profapi.dll

dbghelp: loaded successfully - version: 4.0.5 - missing functions: none
symbol engine: initialized successfully - sym options: 0x614 - pdb path: .;C:\Users\rober\.p2\pool\plugins\org.eclipse.justj.openjdk.hotspot.jre.full.win32.x86_64_17.0.8.v20230801-1951\jre\bin;C:\WINDOWS\SYSTEM32;C:\WINDOWS\WinSxS\amd64_microsoft.windows.common-controls_6595b64144ccf1df_6.0.22621.2215_none_270d72677387dfc3;C:\Users\rober\.p2\pool\plugins\org.eclipse.justj.openjdk.hotspot.jre.full.win32.x86_64_17.0.8.v20230801-1951\jre\bin\server

VM Arguments:
jvm_args: -Xms256M -Xmx20G -Xms512M -Xmx64000M -Dfile.encoding=UTF-8 -XX:+ShowCodeDetailsInExceptionMessages 
java_command: ia_practica_2.Principal
java_class_path (initial): C:\Users\rober\eclipse-workspace\ia_practica_2\bin
Launcher Type: SUN_STANDARD

[Global flags]
     intx CICompilerCount                          = 4                                         {product} {ergonomic}
     uint ConcGCThreads                            = 3                                         {product} {ergonomic}
     uint G1ConcRefinementThreads                  = 10                                        {product} {ergonomic}
   size_t G1HeapRegionSize                         = 33554432                                  {product} {ergonomic}
    uintx GCDrainStackTargetSize                   = 64                                        {product} {ergonomic}
   size_t InitialHeapSize                          = 536870912                                 {product} {command line}
   size_t MarkStackSize                            = 4194304                                   {product} {ergonomic}
   size_t MaxHeapSize                              = 67108864000                               {product} {command line}
   size_t MaxNewSize                               = 40265318400                               {product} {ergonomic}
   size_t MinHeapDeltaBytes                        = 33554432                                  {product} {ergonomic}
   size_t MinHeapSize                              = 536870912                                 {product} {command line}
    uintx NonNMethodCodeHeapSize                   = 5839372                                {pd product} {ergonomic}
    uintx NonProfiledCodeHeapSize                  = 122909434                              {pd product} {ergonomic}
    uintx ProfiledCodeHeapSize                     = 122909434                              {pd product} {ergonomic}
    uintx ReservedCodeCacheSize                    = 251658240                              {pd product} {ergonomic}
     bool SegmentedCodeCache                       = true                                      {product} {ergonomic}
     bool ShowCodeDetailsInExceptionMessages       = true                                   {manageable} {command line}
   size_t SoftMaxHeapSize                          = 67108864000                            {manageable} {ergonomic}
     bool UseCompressedClassPointers               = true                           {product lp64_product} {ergonomic}
     bool UseG1GC                                  = true                                      {product} {ergonomic}
     bool UseLargePagesIndividualAllocation        = false                                  {pd product} {ergonomic}

Logging:
Log output configuration:
 #0: stdout all=warning uptime,level,tags
 #1: stderr all=off uptime,level,tags

Environment Variables:
PATH=C:/Users/rober/.p2/pool/plugins/org.eclipse.justj.openjdk.hotspot.jre.full.win32.x86_64_17.0.8.v20230801-1951/jre/bin/server;C:/Users/rober/.p2/pool/plugins/org.eclipse.justj.openjdk.hotspot.jre.full.win32.x86_64_17.0.8.v20230801-1951/jre/bin;C:\Program Files (x86)\Common Files\Oracle\Java\javapath;C:\WINDOWS\system32;C:\WINDOWS;C:\WINDOWS\System32\Wbem;C:\WINDOWS\System32\WindowsPowerShell\v1.0\;C:\WINDOWS\System32\OpenSSH\;C:\Program Files (x86)\NVIDIA Corporation\PhysX\Common;C:\ProgramData\chocolatey\bin;C:\Program Files\PuTTY\;C:\Program Files\nodejs\;C:\Program Files\Git\cmd;C:\Program Files\dotnet\;C:\Python311\Scripts\;C:\Python311\;C:\Users\rober\AppData\Local\Programs\Python\Python311\Scripts\;C:\Users\rober\AppData\Local\Programs\Python\Python311\;C:\Users\rober\.cargo\bin;C:\Users\rober\AppData\Local\Microsoft\WindowsApps;C:\Users\rober\AppData\Local\Programs\Microsoft VS Code\bin;C:\Users\rober\AppData\Local\GitHubDesktop\bin;C:\Users\rober\AppData\Roaming\npm;C:\Program Files (x86)\SSH Communications Security\SSH Secure Shell;C:\WINDOWS\system32;
USERNAME=rober
OS=Windows_NT
PROCESSOR_IDENTIFIER=AMD64 Family 25 Model 80 Stepping 0, AuthenticAMD
TMP=C:\Users\rober\AppData\Local\Temp
TEMP=C:\Users\rober\AppData\Local\Temp



---------------  S Y S T E M  ---------------

OS:
 Windows 11 , 64 bit Build 22621 (10.0.22621.2215)
OS uptime: 0 days 3:52 hours

CPU: total 12 (initial active 12) (12 cores per cpu, 2 threads per core) family 25 model 80 stepping 0 microcode 0x0, cx8, cmov, fxsr, ht, mmx, 3dnowpref, sse, sse2, sse3, ssse3, sse4a, sse4.1, sse4.2, popcnt, lzcnt, tsc, tscinvbit, avx, avx2, aes, erms, clmul, bmi1, bmi2, adx, sha, fma, vzeroupper, clflush, clflushopt
Processor Information for all 12 processors :
  Max Mhz: 3901, Current Mhz: 3901, Mhz Limit: 3901

Memory: 4k page, system-wide physical 32562M (11887M free)
TotalPageFile size 95256M (AvailPageFile size 16057M)
current process WorkingSet (physical memory assigned to process): 4393M, peak: 4393M
current process commit charge ("private bytes"): 14452M, peak: 34548M

vm_info: OpenJDK 64-Bit Server VM (17.0.8+7) for windows-amd64 JRE (17.0.8+7), built on Jul 18 2023 21:02:32 by "admin" with MS VC++ 16.7 (VS2019)

END.
