#
# There is insufficient memory for the Java Runtime Environment to continue.
# Native memory allocation (mmap) failed to map 21072183296 bytes for G1 virtual space
# Possible reasons:
#   The system is out of physical RAM or swap space
# Possible solutions:
#   Reduce memory load on the system
#   Increase physical memory or swap space
#   Check if swap backing store is full
#   Decrease Java heap size (-Xmx/-Xms)
#   Decrease number of Java threads
#   Decrease Java thread stack sizes (-Xss)
#   Set larger code cache with -XX:ReservedCodeCacheSize=
# This output file may be truncated or incomplete.
#
#  Out of Memory Error (os_windows.cpp:3617), pid=8292, tid=9268
#
# JRE version: OpenJDK Runtime Environment Temurin-17.0.8+7 (17.0.8+7) (build 17.0.8+7)
# Java VM: OpenJDK 64-Bit Server VM Temurin-17.0.8+7 (17.0.8+7, mixed mode, tiered, compressed class ptrs, g1 gc, windows-amd64)
# No core dump will be written. Minidumps are not enabled by default on client versions of Windows
#

---------------  S U M M A R Y ------------

Command Line: -Xms256M -Xmx20G -Xms512M -Xmx64000M -Dfile.encoding=UTF-8 -XX:+ShowCodeDetailsInExceptionMessages ia_practica_2.Principal

Host: AMD Ryzen 5 5600G with Radeon Graphics         , 12 cores, 31G,  Windows 11 , 64 bit Build 22621 (10.0.22621.2215)
Time: Thu Sep 14 11:03:29 2023 Central Standard Time (Mexico) elapsed time: 7.650251 seconds (0d 0h 0m 7s)

---------------  T H R E A D  ---------------

Current thread (0x000001d96f169de0):  VMThread "VM Thread" [stack: 0x0000000ab4100000,0x0000000ab4200000] [id=9268]

Stack: [0x0000000ab4100000,0x0000000ab4200000]
Native frames: (J=compiled Java code, j=interpreted, Vv=VM code, C=native code)
V  [jvm.dll+0x678b0a]
V  [jvm.dll+0x835e84]
V  [jvm.dll+0x83762e]
V  [jvm.dll+0x837c93]
V  [jvm.dll+0x24746f]
V  [jvm.dll+0x675859]
V  [jvm.dll+0x66a0ea]
V  [jvm.dll+0x306c7b]
V  [jvm.dll+0x30e166]
V  [jvm.dll+0x35dd3e]
V  [jvm.dll+0x35df6f]
V  [jvm.dll+0x2ddb48]
V  [jvm.dll+0x2dbd0c]
V  [jvm.dll+0x2db2dc]
V  [jvm.dll+0x31f18b]
V  [jvm.dll+0x83c15b]
V  [jvm.dll+0x83ce94]
V  [jvm.dll+0x83d3ac]
V  [jvm.dll+0x83d784]
V  [jvm.dll+0x83d850]
V  [jvm.dll+0x7e64ca]
V  [jvm.dll+0x677955]
C  [ucrtbase.dll+0x29363]
C  [KERNEL32.DLL+0x1257d]
C  [ntdll.dll+0x5aa68]

VM_Operation (0x0000000ab4eff310): G1CollectForAllocation, mode: safepoint, requested by thread 0x000001d96f336430


---------------  P R O C E S S  ---------------

Threads class SMR info:
_java_thread_list=0x000001d96f316a60, length=14, elements={
0x000001d95b6828c0, 0x000001d96f170d60, 0x000001d96f172380, 0x000001d96f177cf0,
0x000001d96f1b5320, 0x000001d96f1baab0, 0x000001d96f1bbc10, 0x000001d96f1c1970,
0x000001d96f1c2bc0, 0x000001d96f1d5fa0, 0x000001d96f338cb0, 0x000001d96f337360,
0x000001d96f336430, 0x000001d96f3391c0
}

Java Threads: ( => current thread )
  0x000001d95b6828c0 JavaThread "main" [_thread_blocked, id=19888, stack(0x0000000ab3b00000,0x0000000ab3c00000)]
  0x000001d96f170d60 JavaThread "Reference Handler" daemon [_thread_blocked, id=20848, stack(0x0000000ab4200000,0x0000000ab4300000)]
  0x000001d96f172380 JavaThread "Finalizer" daemon [_thread_blocked, id=20328, stack(0x0000000ab4300000,0x0000000ab4400000)]
  0x000001d96f177cf0 JavaThread "Signal Dispatcher" daemon [_thread_blocked, id=18288, stack(0x0000000ab4400000,0x0000000ab4500000)]
  0x000001d96f1b5320 JavaThread "Attach Listener" daemon [_thread_blocked, id=2532, stack(0x0000000ab4500000,0x0000000ab4600000)]
  0x000001d96f1baab0 JavaThread "Service Thread" daemon [_thread_blocked, id=7120, stack(0x0000000ab4600000,0x0000000ab4700000)]
  0x000001d96f1bbc10 JavaThread "Monitor Deflation Thread" daemon [_thread_blocked, id=1360, stack(0x0000000ab4700000,0x0000000ab4800000)]
  0x000001d96f1c1970 JavaThread "C2 CompilerThread0" daemon [_thread_blocked, id=4568, stack(0x0000000ab4800000,0x0000000ab4900000)]
  0x000001d96f1c2bc0 JavaThread "C1 CompilerThread0" daemon [_thread_blocked, id=21444, stack(0x0000000ab4900000,0x0000000ab4a00000)]
  0x000001d96f1d5fa0 JavaThread "Sweeper thread" daemon [_thread_blocked, id=21112, stack(0x0000000ab4a00000,0x0000000ab4b00000)]
  0x000001d96f338cb0 JavaThread "Notification Thread" daemon [_thread_blocked, id=21412, stack(0x0000000ab4b00000,0x0000000ab4c00000)]
  0x000001d96f337360 JavaThread "Common-Cleaner" daemon [_thread_blocked, id=5852, stack(0x0000000ab4d00000,0x0000000ab4e00000)]
  0x000001d96f336430 JavaThread "Thread-0" [_thread_blocked, id=19556, stack(0x0000000ab4e00000,0x0000000ab4f00000)]
  0x000001d96f3391c0 JavaThread "Thread-1" [_thread_blocked, id=20376, stack(0x0000000ab4f00000,0x0000000ab5000000)]

Other Threads:
=>0x000001d96f169de0 VMThread "VM Thread" [stack: 0x0000000ab4100000,0x0000000ab4200000] [id=9268]
  0x000001d96f33d9f0 WatcherThread [stack: 0x0000000ab4c00000,0x0000000ab4d00000] [id=20512]
  0x000001d95b73cc00 GCTaskThread "GC Thread#0" [stack: 0x0000000ab3c00000,0x0000000ab3d00000] [id=20448]
  0x000001d96f4d7500 GCTaskThread "GC Thread#1" [stack: 0x0000000ab5000000,0x0000000ab5100000] [id=14884]
  0x000001d96f4d77c0 GCTaskThread "GC Thread#2" [stack: 0x0000000ab5100000,0x0000000ab5200000] [id=20628]
  0x000001d96f4bbe60 GCTaskThread "GC Thread#3" [stack: 0x0000000ab5200000,0x0000000ab5300000] [id=10052]
  0x000001d96f4bcd50 GCTaskThread "GC Thread#4" [stack: 0x0000000ab5300000,0x0000000ab5400000] [id=9696]
  0x000001d96f4bd420 GCTaskThread "GC Thread#5" [stack: 0x0000000ab5400000,0x0000000ab5500000] [id=22096]
  0x000001d96f4c5b00 GCTaskThread "GC Thread#6" [stack: 0x0000000ab5500000,0x0000000ab5600000] [id=11804]
  0x000001d96f4c6e70 GCTaskThread "GC Thread#7" [stack: 0x0000000ab5600000,0x0000000ab5700000] [id=17684]
  0x000001d96f4c7970 GCTaskThread "GC Thread#8" [stack: 0x0000000ab5700000,0x0000000ab5800000] [id=20520]
  0x000001d96f4c7c30 GCTaskThread "GC Thread#9" [stack: 0x0000000ab5800000,0x0000000ab5900000] [id=5568]
  0x000001d96e4b4bb0 ConcurrentGCThread "G1 Main Marker" [stack: 0x0000000ab3d00000,0x0000000ab3e00000] [id=5324]
  0x000001d95b73e6d0 ConcurrentGCThread "G1 Conc#0" [stack: 0x0000000ab3e00000,0x0000000ab3f00000] [id=21144]
  0x000001d96e520bd0 ConcurrentGCThread "G1 Refine#0" [stack: 0x0000000ab3f00000,0x0000000ab4000000] [id=1804]
  0x000001d96f53e8b0 ConcurrentGCThread "G1 Refine#1" [stack: 0x0000000ab5900000,0x0000000ab5a00000] [id=19464]
  0x000001d96f42d760 ConcurrentGCThread "G1 Refine#2" [stack: 0x0000000ab5a00000,0x0000000ab5b00000] [id=19340]
  0x000001d96f370840 ConcurrentGCThread "G1 Refine#3" [stack: 0x0000000ab5b00000,0x0000000ab5c00000] [id=5048]
  0x000001d96f691080 ConcurrentGCThread "G1 Refine#4" [stack: 0x0000000ab5c00000,0x0000000ab5d00000] [id=15968]
  0x000001d96f50b9a0 ConcurrentGCThread "G1 Refine#5" [stack: 0x0000000ab5d00000,0x0000000ab5e00000] [id=12424]
  0x000001d96f50c8c0 ConcurrentGCThread "G1 Refine#6" [stack: 0x0000000ab5e00000,0x0000000ab5f00000] [id=4024]
  0x000001d96f820fc0 ConcurrentGCThread "G1 Refine#7" [stack: 0x0000000ab5f00000,0x0000000ab6000000] [id=12808]
  0x000001d96f821ac0 ConcurrentGCThread "G1 Refine#8" [stack: 0x0000000ab6000000,0x0000000ab6100000] [id=12720]
  0x000001d96f7bca20 ConcurrentGCThread "G1 Refine#9" [stack: 0x0000000ab6100000,0x0000000ab6200000] [id=15160]
  0x000001d96e521600 ConcurrentGCThread "G1 Service" [stack: 0x0000000ab4000000,0x0000000ab4100000] [id=1208]

Threads with active compile tasks:

VM state: at safepoint (normal execution)

VM Mutex/Monitor currently owned by a thread:  ([mutex/lock_event])
[0x000001d95b67ee00] Threads_lock - owner thread: 0x000001d96f169de0
[0x000001d95b67ee90] Heap_lock - owner thread: 0x000001d96f336430

CDS archive(s) not mapped
Compressed class space mapped at: 0x0000000080000000-0x00000000c0000000, reserved size: 1073741824
Narrow klass base: 0x0000000000000000, Narrow klass shift: 0, Narrow klass range: 0xc0000000

GC Precious Log:
 CPUs: 12 total, 12 available
 Memory: 32562M
 Large Page Support: Disabled
 NUMA Support: Disabled
 Compressed Oops: Disabled
 Heap Region Size: 32M
 Heap Min Capacity: 512M
 Heap Initial Capacity: 512M
 Heap Max Capacity: 64000M
 Pre-touch: Disabled
 Parallel Workers: 10
 Concurrent Workers: 3
 Concurrent Refinement Workers: 10
 Periodic GC: Disabled

Heap:
 garbage-first heap   total 14155776K, used 3702784K [0x000001d970000000, 0x000001e910000000)
  region size 32768K, 3 young (98304K), 3 survivors (98304K)
 Metaspace       used 4039K, committed 4224K, reserved 1114112K
  class space    used 330K, committed 448K, reserved 1048576K

Heap Regions: E=young(eden), S=young(survivor), O=old, HS=humongous(starts), HC=humongous(continues), CS=collection set, F=free, OA=open archive, CA=closed archive, TAMS=top-at-mark-start (previous, next)
|   0|0x000001d970000000, 0x000001d972000000, 0x000001d972000000|100%| O|  |TAMS 0x000001d970000000, 0x000001d970000000| Untracked 
|   1|0x000001d972000000, 0x000001d974000000, 0x000001d974000000|100%| O|  |TAMS 0x000001d972000000, 0x000001d972000000| Untracked 
|   2|0x000001d974000000, 0x000001d976000000, 0x000001d976000000|100%| O|  |TAMS 0x000001d974000000, 0x000001d974000000| Untracked 
|   3|0x000001d976000000, 0x000001d978000000, 0x000001d978000000|100%| O|  |TAMS 0x000001d976000000, 0x000001d976000000| Untracked 
|   4|0x000001d978000000, 0x000001d97a000000, 0x000001d97a000000|100%| O|  |TAMS 0x000001d978000000, 0x000001d978000000| Untracked 
|   5|0x000001d97a000000, 0x000001d97c000000, 0x000001d97c000000|100%| O|  |TAMS 0x000001d97a000000, 0x000001d97a000000| Untracked 
|   6|0x000001d97c000000, 0x000001d97e000000, 0x000001d97e000000|100%| O|  |TAMS 0x000001d97c000000, 0x000001d97c000000| Untracked 
|   7|0x000001d97e000000, 0x000001d980000000, 0x000001d980000000|100%| O|  |TAMS 0x000001d97e000000, 0x000001d97e000000| Untracked 
|   8|0x000001d980000000, 0x000001d982000000, 0x000001d982000000|100%| O|  |TAMS 0x000001d980000000, 0x000001d980000000| Untracked 
|   9|0x000001d982000000, 0x000001d984000000, 0x000001d984000000|100%| O|  |TAMS 0x000001d982000000, 0x000001d982000000| Untracked 
|  10|0x000001d984000000, 0x000001d986000000, 0x000001d986000000|100%| O|  |TAMS 0x000001d984000000, 0x000001d984000000| Untracked 
|  11|0x000001d986000000, 0x000001d988000000, 0x000001d988000000|100%| O|  |TAMS 0x000001d986000000, 0x000001d986000000| Untracked 
|  12|0x000001d988000000, 0x000001d98a000000, 0x000001d98a000000|100%| O|  |TAMS 0x000001d988000000, 0x000001d988000000| Untracked 
|  13|0x000001d98a000000, 0x000001d98c000000, 0x000001d98c000000|100%| O|  |TAMS 0x000001d98a000000, 0x000001d98a000000| Untracked 
|  14|0x000001d98c000000, 0x000001d98e000000, 0x000001d98e000000|100%| O|  |TAMS 0x000001d98c000000, 0x000001d98c000000| Untracked 
|  15|0x000001d98e000000, 0x000001d990000000, 0x000001d990000000|100%| O|  |TAMS 0x000001d98e000000, 0x000001d98e000000| Untracked 
|  16|0x000001d990000000, 0x000001d992000000, 0x000001d992000000|100%| O|  |TAMS 0x000001d990000000, 0x000001d990000000| Untracked 
|  17|0x000001d992000000, 0x000001d994000000, 0x000001d994000000|100%| O|  |TAMS 0x000001d992000000, 0x000001d992000000| Untracked 
|  18|0x000001d994000000, 0x000001d996000000, 0x000001d996000000|100%| O|  |TAMS 0x000001d994000000, 0x000001d994000000| Untracked 
|  19|0x000001d996000000, 0x000001d998000000, 0x000001d998000000|100%| O|  |TAMS 0x000001d996000000, 0x000001d996000000| Untracked 
|  20|0x000001d998000000, 0x000001d99a000000, 0x000001d99a000000|100%| O|  |TAMS 0x000001d998000000, 0x000001d998000000| Untracked 
|  21|0x000001d99a000000, 0x000001d99c000000, 0x000001d99c000000|100%| O|  |TAMS 0x000001d99a000000, 0x000001d99a000000| Untracked 
|  22|0x000001d99c000000, 0x000001d99e000000, 0x000001d99e000000|100%| O|  |TAMS 0x000001d99c000000, 0x000001d99c000000| Untracked 
|  23|0x000001d99e000000, 0x000001d9a0000000, 0x000001d9a0000000|100%| O|  |TAMS 0x000001d99e000000, 0x000001d99e000000| Untracked 
|  24|0x000001d9a0000000, 0x000001d9a2000000, 0x000001d9a2000000|100%| O|  |TAMS 0x000001d9a0000000, 0x000001d9a0000000| Untracked 
|  25|0x000001d9a2000000, 0x000001d9a4000000, 0x000001d9a4000000|100%| O|  |TAMS 0x000001d9a2000000, 0x000001d9a2000000| Untracked 
|  26|0x000001d9a4000000, 0x000001d9a6000000, 0x000001d9a6000000|100%| O|  |TAMS 0x000001d9a4000000, 0x000001d9a4000000| Untracked 
|  27|0x000001d9a6000000, 0x000001d9a8000000, 0x000001d9a8000000|100%| O|  |TAMS 0x000001d9a6000000, 0x000001d9a6000000| Untracked 
|  28|0x000001d9a8000000, 0x000001d9aa000000, 0x000001d9aa000000|100%| O|  |TAMS 0x000001d9a8000000, 0x000001d9a8000000| Untracked 
|  29|0x000001d9aa000000, 0x000001d9ac000000, 0x000001d9ac000000|100%| O|  |TAMS 0x000001d9aa000000, 0x000001d9aa000000| Untracked 
|  30|0x000001d9ac000000, 0x000001d9ae000000, 0x000001d9ae000000|100%| O|  |TAMS 0x000001d9ac000000, 0x000001d9ac000000| Untracked 
|  31|0x000001d9ae000000, 0x000001d9b0000000, 0x000001d9b0000000|100%| O|  |TAMS 0x000001d9ae000000, 0x000001d9ae000000| Untracked 
|  32|0x000001d9b0000000, 0x000001d9b2000000, 0x000001d9b2000000|100%| O|  |TAMS 0x000001d9b0000000, 0x000001d9b0000000| Untracked 
|  33|0x000001d9b2000000, 0x000001d9b4000000, 0x000001d9b4000000|100%| O|  |TAMS 0x000001d9b2000000, 0x000001d9b2000000| Untracked 
|  34|0x000001d9b4000000, 0x000001d9b6000000, 0x000001d9b6000000|100%| O|  |TAMS 0x000001d9b4000000, 0x000001d9b4000000| Untracked 
|  35|0x000001d9b6000000, 0x000001d9b8000000, 0x000001d9b8000000|100%| O|  |TAMS 0x000001d9b6000000, 0x000001d9b6000000| Untracked 
|  36|0x000001d9b8000000, 0x000001d9ba000000, 0x000001d9ba000000|100%| O|  |TAMS 0x000001d9b8000000, 0x000001d9b8000000| Untracked 
|  37|0x000001d9ba000000, 0x000001d9bc000000, 0x000001d9bc000000|100%| O|  |TAMS 0x000001d9ba000000, 0x000001d9ba000000| Untracked 
|  38|0x000001d9bc000000, 0x000001d9be000000, 0x000001d9be000000|100%| O|  |TAMS 0x000001d9bc000000, 0x000001d9bc000000| Untracked 
|  39|0x000001d9be000000, 0x000001d9c0000000, 0x000001d9c0000000|100%| O|  |TAMS 0x000001d9be000000, 0x000001d9be000000| Untracked 
|  40|0x000001d9c0000000, 0x000001d9c2000000, 0x000001d9c2000000|100%| O|  |TAMS 0x000001d9c0000000, 0x000001d9c0000000| Untracked 
|  41|0x000001d9c2000000, 0x000001d9c4000000, 0x000001d9c4000000|100%| O|  |TAMS 0x000001d9c2000000, 0x000001d9c2000000| Untracked 
|  42|0x000001d9c4000000, 0x000001d9c6000000, 0x000001d9c6000000|100%| O|  |TAMS 0x000001d9c4000000, 0x000001d9c4000000| Untracked 
|  43|0x000001d9c6000000, 0x000001d9c8000000, 0x000001d9c8000000|100%| O|  |TAMS 0x000001d9c6000000, 0x000001d9c6000000| Untracked 
|  44|0x000001d9c8000000, 0x000001d9ca000000, 0x000001d9ca000000|100%| O|  |TAMS 0x000001d9c8000000, 0x000001d9c8000000| Untracked 
|  45|0x000001d9ca000000, 0x000001d9cc000000, 0x000001d9cc000000|100%| O|  |TAMS 0x000001d9ca000000, 0x000001d9ca000000| Untracked 
|  46|0x000001d9cc000000, 0x000001d9ce000000, 0x000001d9ce000000|100%| O|  |TAMS 0x000001d9cc000000, 0x000001d9cc000000| Untracked 
|  47|0x000001d9ce000000, 0x000001d9d0000000, 0x000001d9d0000000|100%| O|  |TAMS 0x000001d9ce000000, 0x000001d9ce000000| Untracked 
|  48|0x000001d9d0000000, 0x000001d9d2000000, 0x000001d9d2000000|100%| O|  |TAMS 0x000001d9d0000000, 0x000001d9d0000000| Untracked 
|  49|0x000001d9d2000000, 0x000001d9d4000000, 0x000001d9d4000000|100%| O|  |TAMS 0x000001d9d2000000, 0x000001d9d2000000| Untracked 
|  50|0x000001d9d4000000, 0x000001d9d6000000, 0x000001d9d6000000|100%| O|  |TAMS 0x000001d9d4000000, 0x000001d9d4000000| Untracked 
|  51|0x000001d9d6000000, 0x000001d9d8000000, 0x000001d9d8000000|100%| O|  |TAMS 0x000001d9d6000000, 0x000001d9d6000000| Untracked 
|  52|0x000001d9d8000000, 0x000001d9da000000, 0x000001d9da000000|100%| O|  |TAMS 0x000001d9d8000000, 0x000001d9d8000000| Untracked 
|  53|0x000001d9da000000, 0x000001d9dc000000, 0x000001d9dc000000|100%| O|  |TAMS 0x000001d9da000000, 0x000001d9da000000| Untracked 
|  54|0x000001d9dc000000, 0x000001d9de000000, 0x000001d9de000000|100%| O|  |TAMS 0x000001d9dc000000, 0x000001d9dc000000| Untracked 
|  55|0x000001d9de000000, 0x000001d9e0000000, 0x000001d9e0000000|100%| O|  |TAMS 0x000001d9de000000, 0x000001d9de000000| Untracked 
|  56|0x000001d9e0000000, 0x000001d9e2000000, 0x000001d9e2000000|100%| O|  |TAMS 0x000001d9e0000000, 0x000001d9e0000000| Untracked 
|  57|0x000001d9e2000000, 0x000001d9e4000000, 0x000001d9e4000000|100%| O|  |TAMS 0x000001d9e2000000, 0x000001d9e2000000| Untracked 
|  58|0x000001d9e4000000, 0x000001d9e6000000, 0x000001d9e6000000|100%| O|  |TAMS 0x000001d9e4000000, 0x000001d9e4000000| Untracked 
|  59|0x000001d9e6000000, 0x000001d9e8000000, 0x000001d9e8000000|100%| O|  |TAMS 0x000001d9e6000000, 0x000001d9e6000000| Untracked 
|  60|0x000001d9e8000000, 0x000001d9ea000000, 0x000001d9ea000000|100%| O|  |TAMS 0x000001d9e8000000, 0x000001d9e8000000| Untracked 
|  61|0x000001d9ea000000, 0x000001d9ec000000, 0x000001d9ec000000|100%| O|  |TAMS 0x000001d9ea000000, 0x000001d9ea000000| Untracked 
|  62|0x000001d9ec000000, 0x000001d9ee000000, 0x000001d9ee000000|100%| O|  |TAMS 0x000001d9ec000000, 0x000001d9ec000000| Untracked 
|  63|0x000001d9ee000000, 0x000001d9f0000000, 0x000001d9f0000000|100%| O|  |TAMS 0x000001d9ee000000, 0x000001d9ee000000| Untracked 
|  64|0x000001d9f0000000, 0x000001d9f2000000, 0x000001d9f2000000|100%| O|  |TAMS 0x000001d9f0000000, 0x000001d9f0000000| Untracked 
|  65|0x000001d9f2000000, 0x000001d9f4000000, 0x000001d9f4000000|100%| O|  |TAMS 0x000001d9f2000000, 0x000001d9f2000000| Untracked 
|  66|0x000001d9f4000000, 0x000001d9f6000000, 0x000001d9f6000000|100%| O|  |TAMS 0x000001d9f4000000, 0x000001d9f4000000| Untracked 
|  67|0x000001d9f6000000, 0x000001d9f8000000, 0x000001d9f8000000|100%| O|  |TAMS 0x000001d9f6000000, 0x000001d9f6000000| Untracked 
|  68|0x000001d9f8000000, 0x000001d9fa000000, 0x000001d9fa000000|100%| O|  |TAMS 0x000001d9f8000000, 0x000001d9f8000000| Untracked 
|  69|0x000001d9fa000000, 0x000001d9fc000000, 0x000001d9fc000000|100%| O|  |TAMS 0x000001d9fa000000, 0x000001d9fa000000| Untracked 
|  70|0x000001d9fc000000, 0x000001d9fe000000, 0x000001d9fe000000|100%| O|  |TAMS 0x000001d9fc000000, 0x000001d9fc000000| Untracked 
|  71|0x000001d9fe000000, 0x000001da00000000, 0x000001da00000000|100%| O|  |TAMS 0x000001d9fe000000, 0x000001d9fe000000| Untracked 
|  72|0x000001da00000000, 0x000001da02000000, 0x000001da02000000|100%| O|  |TAMS 0x000001da00000000, 0x000001da00000000| Untracked 
|  73|0x000001da02000000, 0x000001da04000000, 0x000001da04000000|100%| O|  |TAMS 0x000001da02000000, 0x000001da02000000| Untracked 
|  74|0x000001da04000000, 0x000001da06000000, 0x000001da06000000|100%| O|  |TAMS 0x000001da04000000, 0x000001da04000000| Untracked 
|  75|0x000001da06000000, 0x000001da08000000, 0x000001da08000000|100%| O|  |TAMS 0x000001da06000000, 0x000001da06000000| Untracked 
|  76|0x000001da08000000, 0x000001da0a000000, 0x000001da0a000000|100%| O|  |TAMS 0x000001da08000000, 0x000001da08000000| Untracked 
|  77|0x000001da0a000000, 0x000001da0c000000, 0x000001da0c000000|100%| O|  |TAMS 0x000001da0a000000, 0x000001da0a000000| Untracked 
|  78|0x000001da0c000000, 0x000001da0e000000, 0x000001da0e000000|100%| O|  |TAMS 0x000001da0c000000, 0x000001da0c000000| Untracked 
|  79|0x000001da0e000000, 0x000001da10000000, 0x000001da10000000|100%| O|  |TAMS 0x000001da0e000000, 0x000001da0e000000| Untracked 
|  80|0x000001da10000000, 0x000001da12000000, 0x000001da12000000|100%| O|  |TAMS 0x000001da10000000, 0x000001da10000000| Untracked 
|  81|0x000001da12000000, 0x000001da14000000, 0x000001da14000000|100%| O|  |TAMS 0x000001da12000000, 0x000001da12000000| Untracked 
|  82|0x000001da14000000, 0x000001da16000000, 0x000001da16000000|100%| O|  |TAMS 0x000001da14000000, 0x000001da14000000| Untracked 
|  83|0x000001da16000000, 0x000001da18000000, 0x000001da18000000|100%| O|  |TAMS 0x000001da16000000, 0x000001da16000000| Untracked 
|  84|0x000001da18000000, 0x000001da1a000000, 0x000001da1a000000|100%| O|  |TAMS 0x000001da18000000, 0x000001da18000000| Untracked 
|  85|0x000001da1a000000, 0x000001da1c000000, 0x000001da1c000000|100%| O|  |TAMS 0x000001da1a000000, 0x000001da1a000000| Untracked 
|  86|0x000001da1c000000, 0x000001da1e000000, 0x000001da1e000000|100%| O|  |TAMS 0x000001da1c000000, 0x000001da1c000000| Untracked 
|  87|0x000001da1e000000, 0x000001da20000000, 0x000001da20000000|100%| O|  |TAMS 0x000001da1e000000, 0x000001da1e000000| Untracked 
|  88|0x000001da20000000, 0x000001da22000000, 0x000001da22000000|100%| O|  |TAMS 0x000001da20000000, 0x000001da20000000| Untracked 
|  89|0x000001da22000000, 0x000001da24000000, 0x000001da24000000|100%| O|  |TAMS 0x000001da22000000, 0x000001da22000000| Untracked 
|  90|0x000001da24000000, 0x000001da26000000, 0x000001da26000000|100%| O|  |TAMS 0x000001da24000000, 0x000001da24000000| Untracked 
|  91|0x000001da26000000, 0x000001da28000000, 0x000001da28000000|100%| O|  |TAMS 0x000001da26000000, 0x000001da26000000| Untracked 
|  92|0x000001da28000000, 0x000001da2a000000, 0x000001da2a000000|100%| O|  |TAMS 0x000001da28000000, 0x000001da28000000| Untracked 
|  93|0x000001da2a000000, 0x000001da2c000000, 0x000001da2c000000|100%| O|  |TAMS 0x000001da2a000000, 0x000001da2a000000| Untracked 
|  94|0x000001da2c000000, 0x000001da2e000000, 0x000001da2e000000|100%| O|  |TAMS 0x000001da2c000000, 0x000001da2c000000| Untracked 
|  95|0x000001da2e000000, 0x000001da30000000, 0x000001da30000000|100%| O|  |TAMS 0x000001da2e000000, 0x000001da2e000000| Untracked 
|  96|0x000001da30000000, 0x000001da32000000, 0x000001da32000000|100%| O|  |TAMS 0x000001da30000000, 0x000001da30000000| Untracked 
|  97|0x000001da32000000, 0x000001da34000000, 0x000001da34000000|100%| O|  |TAMS 0x000001da32000000, 0x000001da32000000| Untracked 
|  98|0x000001da34000000, 0x000001da36000000, 0x000001da36000000|100%| O|  |TAMS 0x000001da34000000, 0x000001da34000000| Untracked 
|  99|0x000001da36000000, 0x000001da38000000, 0x000001da38000000|100%| O|  |TAMS 0x000001da36000000, 0x000001da36000000| Untracked 
| 100|0x000001da38000000, 0x000001da3a000000, 0x000001da3a000000|100%| O|  |TAMS 0x000001da38000000, 0x000001da38000000| Untracked 
| 101|0x000001da3a000000, 0x000001da3c000000, 0x000001da3c000000|100%| O|  |TAMS 0x000001da3a000000, 0x000001da3a000000| Untracked 
| 102|0x000001da3c000000, 0x000001da3e000000, 0x000001da3e000000|100%| O|  |TAMS 0x000001da3c000000, 0x000001da3c000000| Untracked 
| 103|0x000001da3e000000, 0x000001da40000000, 0x000001da40000000|100%| O|  |TAMS 0x000001da3e000000, 0x000001da3e000000| Untracked 
| 104|0x000001da40000000, 0x000001da42000000, 0x000001da42000000|100%| O|  |TAMS 0x000001da40000000, 0x000001da40000000| Untracked 
| 105|0x000001da42000000, 0x000001da44000000, 0x000001da44000000|100%| O|  |TAMS 0x000001da42000000, 0x000001da42000000| Untracked 
| 106|0x000001da44000000, 0x000001da46000000, 0x000001da46000000|100%| O|  |TAMS 0x000001da44000000, 0x000001da44000000| Untracked 
| 107|0x000001da46000000, 0x000001da48000000, 0x000001da48000000|100%| O|  |TAMS 0x000001da46000000, 0x000001da46000000| Untracked 
| 108|0x000001da48000000, 0x000001da4a000000, 0x000001da4a000000|100%| O|  |TAMS 0x000001da48000000, 0x000001da48000000| Untracked 
| 109|0x000001da4a000000, 0x000001da4c000000, 0x000001da4c000000|100%| O|  |TAMS 0x000001da4a000000, 0x000001da4a000000| Untracked 
| 110|0x000001da4c000000, 0x000001da4c000000, 0x000001da4e000000|  0%| F|  |TAMS 0x000001da4c000000, 0x000001da4c000000| Untracked 
| 111|0x000001da4e000000, 0x000001da4e000000, 0x000001da50000000|  0%| F|  |TAMS 0x000001da4e000000, 0x000001da4e000000| Untracked 
| 112|0x000001da50000000, 0x000001da50000000, 0x000001da52000000|  0%| F|  |TAMS 0x000001da50000000, 0x000001da50000000| Untracked 
| 113|0x000001da52000000, 0x000001da52000000, 0x000001da54000000|  0%| F|  |TAMS 0x000001da52000000, 0x000001da52000000| Untracked 
| 114|0x000001da54000000, 0x000001da54000000, 0x000001da56000000|  0%| F|  |TAMS 0x000001da54000000, 0x000001da54000000| Untracked 
| 115|0x000001da56000000, 0x000001da56000000, 0x000001da58000000|  0%| F|  |TAMS 0x000001da56000000, 0x000001da56000000| Untracked 
| 116|0x000001da58000000, 0x000001da58000000, 0x000001da5a000000|  0%| F|  |TAMS 0x000001da58000000, 0x000001da58000000| Untracked 
| 117|0x000001da5a000000, 0x000001da5a000000, 0x000001da5c000000|  0%| F|  |TAMS 0x000001da5a000000, 0x000001da5a000000| Untracked 
| 118|0x000001da5c000000, 0x000001da5c000000, 0x000001da5e000000|  0%| F|  |TAMS 0x000001da5c000000, 0x000001da5c000000| Untracked 
| 119|0x000001da5e000000, 0x000001da5e000000, 0x000001da60000000|  0%| F|  |TAMS 0x000001da5e000000, 0x000001da5e000000| Untracked 
| 120|0x000001da60000000, 0x000001da60000000, 0x000001da62000000|  0%| F|  |TAMS 0x000001da60000000, 0x000001da60000000| Untracked 
| 121|0x000001da62000000, 0x000001da62000000, 0x000001da64000000|  0%| F|  |TAMS 0x000001da62000000, 0x000001da62000000| Untracked 
| 122|0x000001da64000000, 0x000001da64000000, 0x000001da66000000|  0%| F|  |TAMS 0x000001da64000000, 0x000001da64000000| Untracked 
| 123|0x000001da66000000, 0x000001da66000000, 0x000001da68000000|  0%| F|  |TAMS 0x000001da66000000, 0x000001da66000000| Untracked 
| 124|0x000001da68000000, 0x000001da68000000, 0x000001da6a000000|  0%| F|  |TAMS 0x000001da68000000, 0x000001da68000000| Untracked 
| 125|0x000001da6a000000, 0x000001da6a000000, 0x000001da6c000000|  0%| F|  |TAMS 0x000001da6a000000, 0x000001da6a000000| Untracked 
| 126|0x000001da6c000000, 0x000001da6c000000, 0x000001da6e000000|  0%| F|  |TAMS 0x000001da6c000000, 0x000001da6c000000| Untracked 
| 127|0x000001da6e000000, 0x000001da6e000000, 0x000001da70000000|  0%| F|  |TAMS 0x000001da6e000000, 0x000001da6e000000| Untracked 
| 128|0x000001da70000000, 0x000001da70000000, 0x000001da72000000|  0%| F|  |TAMS 0x000001da70000000, 0x000001da70000000| Untracked 
| 129|0x000001da72000000, 0x000001da72000000, 0x000001da74000000|  0%| F|  |TAMS 0x000001da72000000, 0x000001da72000000| Untracked 
| 130|0x000001da74000000, 0x000001da74000000, 0x000001da76000000|  0%| F|  |TAMS 0x000001da74000000, 0x000001da74000000| Untracked 
| 131|0x000001da76000000, 0x000001da76000000, 0x000001da78000000|  0%| F|  |TAMS 0x000001da76000000, 0x000001da76000000| Untracked 
| 132|0x000001da78000000, 0x000001da78000000, 0x000001da7a000000|  0%| F|  |TAMS 0x000001da78000000, 0x000001da78000000| Untracked 
| 133|0x000001da7a000000, 0x000001da7a000000, 0x000001da7c000000|  0%| F|  |TAMS 0x000001da7a000000, 0x000001da7a000000| Untracked 
| 134|0x000001da7c000000, 0x000001da7c000000, 0x000001da7e000000|  0%| F|  |TAMS 0x000001da7c000000, 0x000001da7c000000| Untracked 
| 135|0x000001da7e000000, 0x000001da7e000000, 0x000001da80000000|  0%| F|  |TAMS 0x000001da7e000000, 0x000001da7e000000| Untracked 
| 136|0x000001da80000000, 0x000001da80000000, 0x000001da82000000|  0%| F|  |TAMS 0x000001da80000000, 0x000001da80000000| Untracked 
| 137|0x000001da82000000, 0x000001da82000000, 0x000001da84000000|  0%| F|  |TAMS 0x000001da82000000, 0x000001da82000000| Untracked 
| 138|0x000001da84000000, 0x000001da84000000, 0x000001da86000000|  0%| F|  |TAMS 0x000001da84000000, 0x000001da84000000| Untracked 
| 139|0x000001da86000000, 0x000001da86000000, 0x000001da88000000|  0%| F|  |TAMS 0x000001da86000000, 0x000001da86000000| Untracked 
| 140|0x000001da88000000, 0x000001da88000000, 0x000001da8a000000|  0%| F|  |TAMS 0x000001da88000000, 0x000001da88000000| Untracked 
| 141|0x000001da8a000000, 0x000001da8a000000, 0x000001da8c000000|  0%| F|  |TAMS 0x000001da8a000000, 0x000001da8a000000| Untracked 
| 142|0x000001da8c000000, 0x000001da8c000000, 0x000001da8e000000|  0%| F|  |TAMS 0x000001da8c000000, 0x000001da8c000000| Untracked 
| 143|0x000001da8e000000, 0x000001da8e000000, 0x000001da90000000|  0%| F|  |TAMS 0x000001da8e000000, 0x000001da8e000000| Untracked 
| 144|0x000001da90000000, 0x000001da90000000, 0x000001da92000000|  0%| F|  |TAMS 0x000001da90000000, 0x000001da90000000| Untracked 
| 145|0x000001da92000000, 0x000001da92000000, 0x000001da94000000|  0%| F|  |TAMS 0x000001da92000000, 0x000001da92000000| Untracked 
| 146|0x000001da94000000, 0x000001da94000000, 0x000001da96000000|  0%| F|  |TAMS 0x000001da94000000, 0x000001da94000000| Untracked 
| 147|0x000001da96000000, 0x000001da96000000, 0x000001da98000000|  0%| F|  |TAMS 0x000001da96000000, 0x000001da96000000| Untracked 
| 148|0x000001da98000000, 0x000001da98000000, 0x000001da9a000000|  0%| F|  |TAMS 0x000001da98000000, 0x000001da98000000| Untracked 
| 149|0x000001da9a000000, 0x000001da9a000000, 0x000001da9c000000|  0%| F|  |TAMS 0x000001da9a000000, 0x000001da9a000000| Untracked 
| 150|0x000001da9c000000, 0x000001da9c000000, 0x000001da9e000000|  0%| F|  |TAMS 0x000001da9c000000, 0x000001da9c000000| Untracked 
| 151|0x000001da9e000000, 0x000001da9e000000, 0x000001daa0000000|  0%| F|  |TAMS 0x000001da9e000000, 0x000001da9e000000| Untracked 
| 152|0x000001daa0000000, 0x000001daa0000000, 0x000001daa2000000|  0%| F|  |TAMS 0x000001daa0000000, 0x000001daa0000000| Untracked 
| 153|0x000001daa2000000, 0x000001daa2000000, 0x000001daa4000000|  0%| F|  |TAMS 0x000001daa2000000, 0x000001daa2000000| Untracked 
| 154|0x000001daa4000000, 0x000001daa4000000, 0x000001daa6000000|  0%| F|  |TAMS 0x000001daa4000000, 0x000001daa4000000| Untracked 
| 155|0x000001daa6000000, 0x000001daa6000000, 0x000001daa8000000|  0%| F|  |TAMS 0x000001daa6000000, 0x000001daa6000000| Untracked 
| 156|0x000001daa8000000, 0x000001daa8000000, 0x000001daaa000000|  0%| F|  |TAMS 0x000001daa8000000, 0x000001daa8000000| Untracked 
| 157|0x000001daaa000000, 0x000001daaa000000, 0x000001daac000000|  0%| F|  |TAMS 0x000001daaa000000, 0x000001daaa000000| Untracked 
| 158|0x000001daac000000, 0x000001daac000000, 0x000001daae000000|  0%| F|  |TAMS 0x000001daac000000, 0x000001daac000000| Untracked 
| 159|0x000001daae000000, 0x000001daae000000, 0x000001dab0000000|  0%| F|  |TAMS 0x000001daae000000, 0x000001daae000000| Untracked 
| 160|0x000001dab0000000, 0x000001dab0000000, 0x000001dab2000000|  0%| F|  |TAMS 0x000001dab0000000, 0x000001dab0000000| Untracked 
| 161|0x000001dab2000000, 0x000001dab2000000, 0x000001dab4000000|  0%| F|  |TAMS 0x000001dab2000000, 0x000001dab2000000| Untracked 
| 162|0x000001dab4000000, 0x000001dab4000000, 0x000001dab6000000|  0%| F|  |TAMS 0x000001dab4000000, 0x000001dab4000000| Untracked 
| 163|0x000001dab6000000, 0x000001dab6000000, 0x000001dab8000000|  0%| F|  |TAMS 0x000001dab6000000, 0x000001dab6000000| Untracked 
| 164|0x000001dab8000000, 0x000001dab8000000, 0x000001daba000000|  0%| F|  |TAMS 0x000001dab8000000, 0x000001dab8000000| Untracked 
| 165|0x000001daba000000, 0x000001daba000000, 0x000001dabc000000|  0%| F|  |TAMS 0x000001daba000000, 0x000001daba000000| Untracked 
| 166|0x000001dabc000000, 0x000001dabc000000, 0x000001dabe000000|  0%| F|  |TAMS 0x000001dabc000000, 0x000001dabc000000| Untracked 
| 167|0x000001dabe000000, 0x000001dabe000000, 0x000001dac0000000|  0%| F|  |TAMS 0x000001dabe000000, 0x000001dabe000000| Untracked 
| 168|0x000001dac0000000, 0x000001dac0000000, 0x000001dac2000000|  0%| F|  |TAMS 0x000001dac0000000, 0x000001dac0000000| Untracked 
| 169|0x000001dac2000000, 0x000001dac2000000, 0x000001dac4000000|  0%| F|  |TAMS 0x000001dac2000000, 0x000001dac2000000| Untracked 
| 170|0x000001dac4000000, 0x000001dac4000000, 0x000001dac6000000|  0%| F|  |TAMS 0x000001dac4000000, 0x000001dac4000000| Untracked 
| 171|0x000001dac6000000, 0x000001dac6000000, 0x000001dac8000000|  0%| F|  |TAMS 0x000001dac6000000, 0x000001dac6000000| Untracked 
| 172|0x000001dac8000000, 0x000001dac8000000, 0x000001daca000000|  0%| F|  |TAMS 0x000001dac8000000, 0x000001dac8000000| Untracked 
| 173|0x000001daca000000, 0x000001daca000000, 0x000001dacc000000|  0%| F|  |TAMS 0x000001daca000000, 0x000001daca000000| Untracked 
| 174|0x000001dacc000000, 0x000001dacc000000, 0x000001dace000000|  0%| F|  |TAMS 0x000001dacc000000, 0x000001dacc000000| Untracked 
| 175|0x000001dace000000, 0x000001dace000000, 0x000001dad0000000|  0%| F|  |TAMS 0x000001dace000000, 0x000001dace000000| Untracked 
| 176|0x000001dad0000000, 0x000001dad0000000, 0x000001dad2000000|  0%| F|  |TAMS 0x000001dad0000000, 0x000001dad0000000| Untracked 
| 177|0x000001dad2000000, 0x000001dad2000000, 0x000001dad4000000|  0%| F|  |TAMS 0x000001dad2000000, 0x000001dad2000000| Untracked 
| 178|0x000001dad4000000, 0x000001dad4000000, 0x000001dad6000000|  0%| F|  |TAMS 0x000001dad4000000, 0x000001dad4000000| Untracked 
| 179|0x000001dad6000000, 0x000001dad6000000, 0x000001dad8000000|  0%| F|  |TAMS 0x000001dad6000000, 0x000001dad6000000| Untracked 
| 180|0x000001dad8000000, 0x000001dad8000000, 0x000001dada000000|  0%| F|  |TAMS 0x000001dad8000000, 0x000001dad8000000| Untracked 
| 181|0x000001dada000000, 0x000001dada000000, 0x000001dadc000000|  0%| F|  |TAMS 0x000001dada000000, 0x000001dada000000| Untracked 
| 182|0x000001dadc000000, 0x000001dadc000000, 0x000001dade000000|  0%| F|  |TAMS 0x000001dadc000000, 0x000001dadc000000| Untracked 
| 183|0x000001dade000000, 0x000001dade000000, 0x000001dae0000000|  0%| F|  |TAMS 0x000001dade000000, 0x000001dade000000| Untracked 
| 184|0x000001dae0000000, 0x000001dae0000000, 0x000001dae2000000|  0%| F|  |TAMS 0x000001dae0000000, 0x000001dae0000000| Untracked 
| 185|0x000001dae2000000, 0x000001dae2000000, 0x000001dae4000000|  0%| F|  |TAMS 0x000001dae2000000, 0x000001dae2000000| Untracked 
| 186|0x000001dae4000000, 0x000001dae4000000, 0x000001dae6000000|  0%| F|  |TAMS 0x000001dae4000000, 0x000001dae4000000| Untracked 
| 187|0x000001dae6000000, 0x000001dae6000000, 0x000001dae8000000|  0%| F|  |TAMS 0x000001dae6000000, 0x000001dae6000000| Untracked 
| 188|0x000001dae8000000, 0x000001dae8000000, 0x000001daea000000|  0%| F|  |TAMS 0x000001dae8000000, 0x000001dae8000000| Untracked 
| 189|0x000001daea000000, 0x000001daea000000, 0x000001daec000000|  0%| F|  |TAMS 0x000001daea000000, 0x000001daea000000| Untracked 
| 190|0x000001daec000000, 0x000001daec000000, 0x000001daee000000|  0%| F|  |TAMS 0x000001daec000000, 0x000001daec000000| Untracked 
| 191|0x000001daee000000, 0x000001daee000000, 0x000001daf0000000|  0%| F|  |TAMS 0x000001daee000000, 0x000001daee000000| Untracked 
| 192|0x000001daf0000000, 0x000001daf0000000, 0x000001daf2000000|  0%| F|  |TAMS 0x000001daf0000000, 0x000001daf0000000| Untracked 
| 193|0x000001daf2000000, 0x000001daf2000000, 0x000001daf4000000|  0%| F|  |TAMS 0x000001daf2000000, 0x000001daf2000000| Untracked 
| 194|0x000001daf4000000, 0x000001daf4000000, 0x000001daf6000000|  0%| F|  |TAMS 0x000001daf4000000, 0x000001daf4000000| Untracked 
| 195|0x000001daf6000000, 0x000001daf6000000, 0x000001daf8000000|  0%| F|  |TAMS 0x000001daf6000000, 0x000001daf6000000| Untracked 
| 196|0x000001daf8000000, 0x000001daf8000000, 0x000001dafa000000|  0%| F|  |TAMS 0x000001daf8000000, 0x000001daf8000000| Untracked 
| 197|0x000001dafa000000, 0x000001dafa000000, 0x000001dafc000000|  0%| F|  |TAMS 0x000001dafa000000, 0x000001dafa000000| Untracked 
| 198|0x000001dafc000000, 0x000001dafc000000, 0x000001dafe000000|  0%| F|  |TAMS 0x000001dafc000000, 0x000001dafc000000| Untracked 
| 199|0x000001dafe000000, 0x000001dafe000000, 0x000001db00000000|  0%| F|  |TAMS 0x000001dafe000000, 0x000001dafe000000| Untracked 
| 200|0x000001db00000000, 0x000001db00000000, 0x000001db02000000|  0%| F|  |TAMS 0x000001db00000000, 0x000001db00000000| Untracked 
| 201|0x000001db02000000, 0x000001db02000000, 0x000001db04000000|  0%| F|  |TAMS 0x000001db02000000, 0x000001db02000000| Untracked 
| 202|0x000001db04000000, 0x000001db04000000, 0x000001db06000000|  0%| F|  |TAMS 0x000001db04000000, 0x000001db04000000| Untracked 
| 203|0x000001db06000000, 0x000001db06000000, 0x000001db08000000|  0%| F|  |TAMS 0x000001db06000000, 0x000001db06000000| Untracked 
| 204|0x000001db08000000, 0x000001db08000000, 0x000001db0a000000|  0%| F|  |TAMS 0x000001db08000000, 0x000001db08000000| Untracked 
| 205|0x000001db0a000000, 0x000001db0a000000, 0x000001db0c000000|  0%| F|  |TAMS 0x000001db0a000000, 0x000001db0a000000| Untracked 
| 206|0x000001db0c000000, 0x000001db0c000000, 0x000001db0e000000|  0%| F|  |TAMS 0x000001db0c000000, 0x000001db0c000000| Untracked 
| 207|0x000001db0e000000, 0x000001db0e000000, 0x000001db10000000|  0%| F|  |TAMS 0x000001db0e000000, 0x000001db0e000000| Untracked 
| 208|0x000001db10000000, 0x000001db10000000, 0x000001db12000000|  0%| F|  |TAMS 0x000001db10000000, 0x000001db10000000| Untracked 
| 209|0x000001db12000000, 0x000001db12000000, 0x000001db14000000|  0%| F|  |TAMS 0x000001db12000000, 0x000001db12000000| Untracked 
| 210|0x000001db14000000, 0x000001db14000000, 0x000001db16000000|  0%| F|  |TAMS 0x000001db14000000, 0x000001db14000000| Untracked 
| 211|0x000001db16000000, 0x000001db16000000, 0x000001db18000000|  0%| F|  |TAMS 0x000001db16000000, 0x000001db16000000| Untracked 
| 212|0x000001db18000000, 0x000001db18000000, 0x000001db1a000000|  0%| F|  |TAMS 0x000001db18000000, 0x000001db18000000| Untracked 
| 213|0x000001db1a000000, 0x000001db1a000000, 0x000001db1c000000|  0%| F|  |TAMS 0x000001db1a000000, 0x000001db1a000000| Untracked 
| 214|0x000001db1c000000, 0x000001db1c000000, 0x000001db1e000000|  0%| F|  |TAMS 0x000001db1c000000, 0x000001db1c000000| Untracked 
| 215|0x000001db1e000000, 0x000001db1e000000, 0x000001db20000000|  0%| F|  |TAMS 0x000001db1e000000, 0x000001db1e000000| Untracked 
| 216|0x000001db20000000, 0x000001db20000000, 0x000001db22000000|  0%| F|  |TAMS 0x000001db20000000, 0x000001db20000000| Untracked 
| 217|0x000001db22000000, 0x000001db22000000, 0x000001db24000000|  0%| F|  |TAMS 0x000001db22000000, 0x000001db22000000| Untracked 
| 218|0x000001db24000000, 0x000001db24000000, 0x000001db26000000|  0%| F|  |TAMS 0x000001db24000000, 0x000001db24000000| Untracked 
| 219|0x000001db26000000, 0x000001db26000000, 0x000001db28000000|  0%| F|  |TAMS 0x000001db26000000, 0x000001db26000000| Untracked 
| 220|0x000001db28000000, 0x000001db28000000, 0x000001db2a000000|  0%| F|  |TAMS 0x000001db28000000, 0x000001db28000000| Untracked 
| 221|0x000001db2a000000, 0x000001db2a000000, 0x000001db2c000000|  0%| F|  |TAMS 0x000001db2a000000, 0x000001db2a000000| Untracked 
| 222|0x000001db2c000000, 0x000001db2c000000, 0x000001db2e000000|  0%| F|  |TAMS 0x000001db2c000000, 0x000001db2c000000| Untracked 
| 223|0x000001db2e000000, 0x000001db2e000000, 0x000001db30000000|  0%| F|  |TAMS 0x000001db2e000000, 0x000001db2e000000| Untracked 
| 224|0x000001db30000000, 0x000001db30000000, 0x000001db32000000|  0%| F|  |TAMS 0x000001db30000000, 0x000001db30000000| Untracked 
| 225|0x000001db32000000, 0x000001db32000000, 0x000001db34000000|  0%| F|  |TAMS 0x000001db32000000, 0x000001db32000000| Untracked 
| 226|0x000001db34000000, 0x000001db34000000, 0x000001db36000000|  0%| F|  |TAMS 0x000001db34000000, 0x000001db34000000| Untracked 
| 227|0x000001db36000000, 0x000001db36000000, 0x000001db38000000|  0%| F|  |TAMS 0x000001db36000000, 0x000001db36000000| Untracked 
| 228|0x000001db38000000, 0x000001db38000000, 0x000001db3a000000|  0%| F|  |TAMS 0x000001db38000000, 0x000001db38000000| Untracked 
| 229|0x000001db3a000000, 0x000001db3a000000, 0x000001db3c000000|  0%| F|  |TAMS 0x000001db3a000000, 0x000001db3a000000| Untracked 
| 230|0x000001db3c000000, 0x000001db3c000000, 0x000001db3e000000|  0%| F|  |TAMS 0x000001db3c000000, 0x000001db3c000000| Untracked 
| 231|0x000001db3e000000, 0x000001db3e000000, 0x000001db40000000|  0%| F|  |TAMS 0x000001db3e000000, 0x000001db3e000000| Untracked 
| 232|0x000001db40000000, 0x000001db40000000, 0x000001db42000000|  0%| F|  |TAMS 0x000001db40000000, 0x000001db40000000| Untracked 
| 233|0x000001db42000000, 0x000001db42000000, 0x000001db44000000|  0%| F|  |TAMS 0x000001db42000000, 0x000001db42000000| Untracked 
| 234|0x000001db44000000, 0x000001db44000000, 0x000001db46000000|  0%| F|  |TAMS 0x000001db44000000, 0x000001db44000000| Untracked 
| 235|0x000001db46000000, 0x000001db46000000, 0x000001db48000000|  0%| F|  |TAMS 0x000001db46000000, 0x000001db46000000| Untracked 
| 236|0x000001db48000000, 0x000001db48000000, 0x000001db4a000000|  0%| F|  |TAMS 0x000001db48000000, 0x000001db48000000| Untracked 
| 237|0x000001db4a000000, 0x000001db4a000000, 0x000001db4c000000|  0%| F|  |TAMS 0x000001db4a000000, 0x000001db4a000000| Untracked 
| 238|0x000001db4c000000, 0x000001db4c000000, 0x000001db4e000000|  0%| F|  |TAMS 0x000001db4c000000, 0x000001db4c000000| Untracked 
| 239|0x000001db4e000000, 0x000001db4e000000, 0x000001db50000000|  0%| F|  |TAMS 0x000001db4e000000, 0x000001db4e000000| Untracked 
| 240|0x000001db50000000, 0x000001db50000000, 0x000001db52000000|  0%| F|  |TAMS 0x000001db50000000, 0x000001db50000000| Untracked 
| 241|0x000001db52000000, 0x000001db52000000, 0x000001db54000000|  0%| F|  |TAMS 0x000001db52000000, 0x000001db52000000| Untracked 
| 242|0x000001db54000000, 0x000001db54000000, 0x000001db56000000|  0%| F|  |TAMS 0x000001db54000000, 0x000001db54000000| Untracked 
| 243|0x000001db56000000, 0x000001db56000000, 0x000001db58000000|  0%| F|  |TAMS 0x000001db56000000, 0x000001db56000000| Untracked 
| 244|0x000001db58000000, 0x000001db58000000, 0x000001db5a000000|  0%| F|  |TAMS 0x000001db58000000, 0x000001db58000000| Untracked 
| 245|0x000001db5a000000, 0x000001db5a000000, 0x000001db5c000000|  0%| F|  |TAMS 0x000001db5a000000, 0x000001db5a000000| Untracked 
| 246|0x000001db5c000000, 0x000001db5c000000, 0x000001db5e000000|  0%| F|  |TAMS 0x000001db5c000000, 0x000001db5c000000| Untracked 
| 247|0x000001db5e000000, 0x000001db5e000000, 0x000001db60000000|  0%| F|  |TAMS 0x000001db5e000000, 0x000001db5e000000| Untracked 
| 248|0x000001db60000000, 0x000001db60000000, 0x000001db62000000|  0%| F|  |TAMS 0x000001db60000000, 0x000001db60000000| Untracked 
| 249|0x000001db62000000, 0x000001db62000000, 0x000001db64000000|  0%| F|  |TAMS 0x000001db62000000, 0x000001db62000000| Untracked 
| 250|0x000001db64000000, 0x000001db64000000, 0x000001db66000000|  0%| F|  |TAMS 0x000001db64000000, 0x000001db64000000| Untracked 
| 251|0x000001db66000000, 0x000001db66000000, 0x000001db68000000|  0%| F|  |TAMS 0x000001db66000000, 0x000001db66000000| Untracked 
| 252|0x000001db68000000, 0x000001db68000000, 0x000001db6a000000|  0%| F|  |TAMS 0x000001db68000000, 0x000001db68000000| Untracked 
| 253|0x000001db6a000000, 0x000001db6a000000, 0x000001db6c000000|  0%| F|  |TAMS 0x000001db6a000000, 0x000001db6a000000| Untracked 
| 254|0x000001db6c000000, 0x000001db6c000000, 0x000001db6e000000|  0%| F|  |TAMS 0x000001db6c000000, 0x000001db6c000000| Untracked 
| 255|0x000001db6e000000, 0x000001db6e000000, 0x000001db70000000|  0%| F|  |TAMS 0x000001db6e000000, 0x000001db6e000000| Untracked 
| 256|0x000001db70000000, 0x000001db70000000, 0x000001db72000000|  0%| F|  |TAMS 0x000001db70000000, 0x000001db70000000| Untracked 
| 257|0x000001db72000000, 0x000001db72000000, 0x000001db74000000|  0%| F|  |TAMS 0x000001db72000000, 0x000001db72000000| Untracked 
| 258|0x000001db74000000, 0x000001db74000000, 0x000001db76000000|  0%| F|  |TAMS 0x000001db74000000, 0x000001db74000000| Untracked 
| 259|0x000001db76000000, 0x000001db76000000, 0x000001db78000000|  0%| F|  |TAMS 0x000001db76000000, 0x000001db76000000| Untracked 
| 260|0x000001db78000000, 0x000001db78000000, 0x000001db7a000000|  0%| F|  |TAMS 0x000001db78000000, 0x000001db78000000| Untracked 
| 261|0x000001db7a000000, 0x000001db7a000000, 0x000001db7c000000|  0%| F|  |TAMS 0x000001db7a000000, 0x000001db7a000000| Untracked 
| 262|0x000001db7c000000, 0x000001db7c000000, 0x000001db7e000000|  0%| F|  |TAMS 0x000001db7c000000, 0x000001db7c000000| Untracked 
| 263|0x000001db7e000000, 0x000001db7e000000, 0x000001db80000000|  0%| F|  |TAMS 0x000001db7e000000, 0x000001db7e000000| Untracked 
| 264|0x000001db80000000, 0x000001db80000000, 0x000001db82000000|  0%| F|  |TAMS 0x000001db80000000, 0x000001db80000000| Untracked 
| 265|0x000001db82000000, 0x000001db82000000, 0x000001db84000000|  0%| F|  |TAMS 0x000001db82000000, 0x000001db82000000| Untracked 
| 266|0x000001db84000000, 0x000001db84000000, 0x000001db86000000|  0%| F|  |TAMS 0x000001db84000000, 0x000001db84000000| Untracked 
| 267|0x000001db86000000, 0x000001db86000000, 0x000001db88000000|  0%| F|  |TAMS 0x000001db86000000, 0x000001db86000000| Untracked 
| 268|0x000001db88000000, 0x000001db88000000, 0x000001db8a000000|  0%| F|  |TAMS 0x000001db88000000, 0x000001db88000000| Untracked 
| 269|0x000001db8a000000, 0x000001db8a000000, 0x000001db8c000000|  0%| F|  |TAMS 0x000001db8a000000, 0x000001db8a000000| Untracked 
| 270|0x000001db8c000000, 0x000001db8c000000, 0x000001db8e000000|  0%| F|  |TAMS 0x000001db8c000000, 0x000001db8c000000| Untracked 
| 271|0x000001db8e000000, 0x000001db8e000000, 0x000001db90000000|  0%| F|  |TAMS 0x000001db8e000000, 0x000001db8e000000| Untracked 
| 272|0x000001db90000000, 0x000001db90000000, 0x000001db92000000|  0%| F|  |TAMS 0x000001db90000000, 0x000001db90000000| Untracked 
| 273|0x000001db92000000, 0x000001db92000000, 0x000001db94000000|  0%| F|  |TAMS 0x000001db92000000, 0x000001db92000000| Untracked 
| 274|0x000001db94000000, 0x000001db94000000, 0x000001db96000000|  0%| F|  |TAMS 0x000001db94000000, 0x000001db94000000| Untracked 
| 275|0x000001db96000000, 0x000001db96000000, 0x000001db98000000|  0%| F|  |TAMS 0x000001db96000000, 0x000001db96000000| Untracked 
| 276|0x000001db98000000, 0x000001db98000000, 0x000001db9a000000|  0%| F|  |TAMS 0x000001db98000000, 0x000001db98000000| Untracked 
| 277|0x000001db9a000000, 0x000001db9a000000, 0x000001db9c000000|  0%| F|  |TAMS 0x000001db9a000000, 0x000001db9a000000| Untracked 
| 278|0x000001db9c000000, 0x000001db9c000000, 0x000001db9e000000|  0%| F|  |TAMS 0x000001db9c000000, 0x000001db9c000000| Untracked 
| 279|0x000001db9e000000, 0x000001db9e000000, 0x000001dba0000000|  0%| F|  |TAMS 0x000001db9e000000, 0x000001db9e000000| Untracked 
| 280|0x000001dba0000000, 0x000001dba0000000, 0x000001dba2000000|  0%| F|  |TAMS 0x000001dba0000000, 0x000001dba0000000| Untracked 
| 281|0x000001dba2000000, 0x000001dba2000000, 0x000001dba4000000|  0%| F|  |TAMS 0x000001dba2000000, 0x000001dba2000000| Untracked 
| 282|0x000001dba4000000, 0x000001dba4000000, 0x000001dba6000000|  0%| F|  |TAMS 0x000001dba4000000, 0x000001dba4000000| Untracked 
| 283|0x000001dba6000000, 0x000001dba6000000, 0x000001dba8000000|  0%| F|  |TAMS 0x000001dba6000000, 0x000001dba6000000| Untracked 
| 284|0x000001dba8000000, 0x000001dba8000000, 0x000001dbaa000000|  0%| F|  |TAMS 0x000001dba8000000, 0x000001dba8000000| Untracked 
| 285|0x000001dbaa000000, 0x000001dbaa000000, 0x000001dbac000000|  0%| F|  |TAMS 0x000001dbaa000000, 0x000001dbaa000000| Untracked 
| 286|0x000001dbac000000, 0x000001dbac000000, 0x000001dbae000000|  0%| F|  |TAMS 0x000001dbac000000, 0x000001dbac000000| Untracked 
| 287|0x000001dbae000000, 0x000001dbae000000, 0x000001dbb0000000|  0%| F|  |TAMS 0x000001dbae000000, 0x000001dbae000000| Untracked 
| 288|0x000001dbb0000000, 0x000001dbb0000000, 0x000001dbb2000000|  0%| F|  |TAMS 0x000001dbb0000000, 0x000001dbb0000000| Untracked 
| 289|0x000001dbb2000000, 0x000001dbb2000000, 0x000001dbb4000000|  0%| F|  |TAMS 0x000001dbb2000000, 0x000001dbb2000000| Untracked 
| 290|0x000001dbb4000000, 0x000001dbb4000000, 0x000001dbb6000000|  0%| F|  |TAMS 0x000001dbb4000000, 0x000001dbb4000000| Untracked 
| 291|0x000001dbb6000000, 0x000001dbb6000000, 0x000001dbb8000000|  0%| F|  |TAMS 0x000001dbb6000000, 0x000001dbb6000000| Untracked 
| 292|0x000001dbb8000000, 0x000001dbb8000000, 0x000001dbba000000|  0%| F|  |TAMS 0x000001dbb8000000, 0x000001dbb8000000| Untracked 
| 293|0x000001dbba000000, 0x000001dbba000000, 0x000001dbbc000000|  0%| F|  |TAMS 0x000001dbba000000, 0x000001dbba000000| Untracked 
| 294|0x000001dbbc000000, 0x000001dbbc000000, 0x000001dbbe000000|  0%| F|  |TAMS 0x000001dbbc000000, 0x000001dbbc000000| Untracked 
| 295|0x000001dbbe000000, 0x000001dbbe000000, 0x000001dbc0000000|  0%| F|  |TAMS 0x000001dbbe000000, 0x000001dbbe000000| Untracked 
| 296|0x000001dbc0000000, 0x000001dbc0000000, 0x000001dbc2000000|  0%| F|  |TAMS 0x000001dbc0000000, 0x000001dbc0000000| Untracked 
| 297|0x000001dbc2000000, 0x000001dbc2000000, 0x000001dbc4000000|  0%| F|  |TAMS 0x000001dbc2000000, 0x000001dbc2000000| Untracked 
| 298|0x000001dbc4000000, 0x000001dbc4000000, 0x000001dbc6000000|  0%| F|  |TAMS 0x000001dbc4000000, 0x000001dbc4000000| Untracked 
| 299|0x000001dbc6000000, 0x000001dbc6000000, 0x000001dbc8000000|  0%| F|  |TAMS 0x000001dbc6000000, 0x000001dbc6000000| Untracked 
| 300|0x000001dbc8000000, 0x000001dbc8000000, 0x000001dbca000000|  0%| F|  |TAMS 0x000001dbc8000000, 0x000001dbc8000000| Untracked 
| 301|0x000001dbca000000, 0x000001dbca000000, 0x000001dbcc000000|  0%| F|  |TAMS 0x000001dbca000000, 0x000001dbca000000| Untracked 
| 302|0x000001dbcc000000, 0x000001dbcc000000, 0x000001dbce000000|  0%| F|  |TAMS 0x000001dbcc000000, 0x000001dbcc000000| Untracked 
| 303|0x000001dbce000000, 0x000001dbce000000, 0x000001dbd0000000|  0%| F|  |TAMS 0x000001dbce000000, 0x000001dbce000000| Untracked 
| 304|0x000001dbd0000000, 0x000001dbd0000000, 0x000001dbd2000000|  0%| F|  |TAMS 0x000001dbd0000000, 0x000001dbd0000000| Untracked 
| 305|0x000001dbd2000000, 0x000001dbd2000000, 0x000001dbd4000000|  0%| F|  |TAMS 0x000001dbd2000000, 0x000001dbd2000000| Untracked 
| 306|0x000001dbd4000000, 0x000001dbd4000000, 0x000001dbd6000000|  0%| F|  |TAMS 0x000001dbd4000000, 0x000001dbd4000000| Untracked 
| 307|0x000001dbd6000000, 0x000001dbd6000000, 0x000001dbd8000000|  0%| F|  |TAMS 0x000001dbd6000000, 0x000001dbd6000000| Untracked 
| 308|0x000001dbd8000000, 0x000001dbd8000000, 0x000001dbda000000|  0%| F|  |TAMS 0x000001dbd8000000, 0x000001dbd8000000| Untracked 
| 309|0x000001dbda000000, 0x000001dbda000000, 0x000001dbdc000000|  0%| F|  |TAMS 0x000001dbda000000, 0x000001dbda000000| Untracked 
| 310|0x000001dbdc000000, 0x000001dbdc000000, 0x000001dbde000000|  0%| F|  |TAMS 0x000001dbdc000000, 0x000001dbdc000000| Untracked 
| 311|0x000001dbde000000, 0x000001dbde000000, 0x000001dbe0000000|  0%| F|  |TAMS 0x000001dbde000000, 0x000001dbde000000| Untracked 
| 312|0x000001dbe0000000, 0x000001dbe0000000, 0x000001dbe2000000|  0%| F|  |TAMS 0x000001dbe0000000, 0x000001dbe0000000| Untracked 
| 313|0x000001dbe2000000, 0x000001dbe2000000, 0x000001dbe4000000|  0%| F|  |TAMS 0x000001dbe2000000, 0x000001dbe2000000| Untracked 
| 314|0x000001dbe4000000, 0x000001dbe4000000, 0x000001dbe6000000|  0%| F|  |TAMS 0x000001dbe4000000, 0x000001dbe4000000| Untracked 
| 315|0x000001dbe6000000, 0x000001dbe6000000, 0x000001dbe8000000|  0%| F|  |TAMS 0x000001dbe6000000, 0x000001dbe6000000| Untracked 
| 316|0x000001dbe8000000, 0x000001dbe8000000, 0x000001dbea000000|  0%| F|  |TAMS 0x000001dbe8000000, 0x000001dbe8000000| Untracked 
| 317|0x000001dbea000000, 0x000001dbea000000, 0x000001dbec000000|  0%| F|  |TAMS 0x000001dbea000000, 0x000001dbea000000| Untracked 
| 318|0x000001dbec000000, 0x000001dbec000000, 0x000001dbee000000|  0%| F|  |TAMS 0x000001dbec000000, 0x000001dbec000000| Untracked 
| 319|0x000001dbee000000, 0x000001dbee000000, 0x000001dbf0000000|  0%| F|  |TAMS 0x000001dbee000000, 0x000001dbee000000| Untracked 
| 320|0x000001dbf0000000, 0x000001dbf0000000, 0x000001dbf2000000|  0%| F|  |TAMS 0x000001dbf0000000, 0x000001dbf0000000| Untracked 
| 321|0x000001dbf2000000, 0x000001dbf2000000, 0x000001dbf4000000|  0%| F|  |TAMS 0x000001dbf2000000, 0x000001dbf2000000| Untracked 
| 322|0x000001dbf4000000, 0x000001dbf4000000, 0x000001dbf6000000|  0%| F|  |TAMS 0x000001dbf4000000, 0x000001dbf4000000| Untracked 
| 323|0x000001dbf6000000, 0x000001dbf6000000, 0x000001dbf8000000|  0%| F|  |TAMS 0x000001dbf6000000, 0x000001dbf6000000| Untracked 
| 324|0x000001dbf8000000, 0x000001dbf8000000, 0x000001dbfa000000|  0%| F|  |TAMS 0x000001dbf8000000, 0x000001dbf8000000| Untracked 
| 325|0x000001dbfa000000, 0x000001dbfa000000, 0x000001dbfc000000|  0%| F|  |TAMS 0x000001dbfa000000, 0x000001dbfa000000| Untracked 
| 326|0x000001dbfc000000, 0x000001dbfc000000, 0x000001dbfe000000|  0%| F|  |TAMS 0x000001dbfc000000, 0x000001dbfc000000| Untracked 
| 327|0x000001dbfe000000, 0x000001dbfe000000, 0x000001dc00000000|  0%| F|  |TAMS 0x000001dbfe000000, 0x000001dbfe000000| Untracked 
| 328|0x000001dc00000000, 0x000001dc00000000, 0x000001dc02000000|  0%| F|  |TAMS 0x000001dc00000000, 0x000001dc00000000| Untracked 
| 329|0x000001dc02000000, 0x000001dc02000000, 0x000001dc04000000|  0%| F|  |TAMS 0x000001dc02000000, 0x000001dc02000000| Untracked 
| 330|0x000001dc04000000, 0x000001dc04000000, 0x000001dc06000000|  0%| F|  |TAMS 0x000001dc04000000, 0x000001dc04000000| Untracked 
| 331|0x000001dc06000000, 0x000001dc06000000, 0x000001dc08000000|  0%| F|  |TAMS 0x000001dc06000000, 0x000001dc06000000| Untracked 
| 332|0x000001dc08000000, 0x000001dc08000000, 0x000001dc0a000000|  0%| F|  |TAMS 0x000001dc08000000, 0x000001dc08000000| Untracked 
| 333|0x000001dc0a000000, 0x000001dc0a000000, 0x000001dc0c000000|  0%| F|  |TAMS 0x000001dc0a000000, 0x000001dc0a000000| Untracked 
| 334|0x000001dc0c000000, 0x000001dc0c000000, 0x000001dc0e000000|  0%| F|  |TAMS 0x000001dc0c000000, 0x000001dc0c000000| Untracked 
| 335|0x000001dc0e000000, 0x000001dc0e000000, 0x000001dc10000000|  0%| F|  |TAMS 0x000001dc0e000000, 0x000001dc0e000000| Untracked 
| 336|0x000001dc10000000, 0x000001dc10000000, 0x000001dc12000000|  0%| F|  |TAMS 0x000001dc10000000, 0x000001dc10000000| Untracked 
| 337|0x000001dc12000000, 0x000001dc12000000, 0x000001dc14000000|  0%| F|  |TAMS 0x000001dc12000000, 0x000001dc12000000| Untracked 
| 338|0x000001dc14000000, 0x000001dc14000000, 0x000001dc16000000|  0%| F|  |TAMS 0x000001dc14000000, 0x000001dc14000000| Untracked 
| 339|0x000001dc16000000, 0x000001dc16000000, 0x000001dc18000000|  0%| F|  |TAMS 0x000001dc16000000, 0x000001dc16000000| Untracked 
| 340|0x000001dc18000000, 0x000001dc18000000, 0x000001dc1a000000|  0%| F|  |TAMS 0x000001dc18000000, 0x000001dc18000000| Untracked 
| 341|0x000001dc1a000000, 0x000001dc1a000000, 0x000001dc1c000000|  0%| F|  |TAMS 0x000001dc1a000000, 0x000001dc1a000000| Untracked 
| 342|0x000001dc1c000000, 0x000001dc1c000000, 0x000001dc1e000000|  0%| F|  |TAMS 0x000001dc1c000000, 0x000001dc1c000000| Untracked 
| 343|0x000001dc1e000000, 0x000001dc1e000000, 0x000001dc20000000|  0%| F|  |TAMS 0x000001dc1e000000, 0x000001dc1e000000| Untracked 
| 344|0x000001dc20000000, 0x000001dc20000000, 0x000001dc22000000|  0%| F|  |TAMS 0x000001dc20000000, 0x000001dc20000000| Untracked 
| 345|0x000001dc22000000, 0x000001dc22000000, 0x000001dc24000000|  0%| F|  |TAMS 0x000001dc22000000, 0x000001dc22000000| Untracked 
| 346|0x000001dc24000000, 0x000001dc24000000, 0x000001dc26000000|  0%| F|  |TAMS 0x000001dc24000000, 0x000001dc24000000| Untracked 
| 347|0x000001dc26000000, 0x000001dc26000000, 0x000001dc28000000|  0%| F|  |TAMS 0x000001dc26000000, 0x000001dc26000000| Untracked 
| 348|0x000001dc28000000, 0x000001dc28000000, 0x000001dc2a000000|  0%| F|  |TAMS 0x000001dc28000000, 0x000001dc28000000| Untracked 
| 349|0x000001dc2a000000, 0x000001dc2a000000, 0x000001dc2c000000|  0%| F|  |TAMS 0x000001dc2a000000, 0x000001dc2a000000| Untracked 
| 350|0x000001dc2c000000, 0x000001dc2c000000, 0x000001dc2e000000|  0%| F|  |TAMS 0x000001dc2c000000, 0x000001dc2c000000| Untracked 
| 351|0x000001dc2e000000, 0x000001dc2e000000, 0x000001dc30000000|  0%| F|  |TAMS 0x000001dc2e000000, 0x000001dc2e000000| Untracked 
| 352|0x000001dc30000000, 0x000001dc30000000, 0x000001dc32000000|  0%| F|  |TAMS 0x000001dc30000000, 0x000001dc30000000| Untracked 
| 353|0x000001dc32000000, 0x000001dc32000000, 0x000001dc34000000|  0%| F|  |TAMS 0x000001dc32000000, 0x000001dc32000000| Untracked 
| 354|0x000001dc34000000, 0x000001dc34000000, 0x000001dc36000000|  0%| F|  |TAMS 0x000001dc34000000, 0x000001dc34000000| Untracked 
| 355|0x000001dc36000000, 0x000001dc36000000, 0x000001dc38000000|  0%| F|  |TAMS 0x000001dc36000000, 0x000001dc36000000| Untracked 
| 356|0x000001dc38000000, 0x000001dc38000000, 0x000001dc3a000000|  0%| F|  |TAMS 0x000001dc38000000, 0x000001dc38000000| Untracked 
| 357|0x000001dc3a000000, 0x000001dc3a000000, 0x000001dc3c000000|  0%| F|  |TAMS 0x000001dc3a000000, 0x000001dc3a000000| Untracked 
| 358|0x000001dc3c000000, 0x000001dc3c000000, 0x000001dc3e000000|  0%| F|  |TAMS 0x000001dc3c000000, 0x000001dc3c000000| Untracked 
| 359|0x000001dc3e000000, 0x000001dc3e000000, 0x000001dc40000000|  0%| F|  |TAMS 0x000001dc3e000000, 0x000001dc3e000000| Untracked 
| 360|0x000001dc40000000, 0x000001dc40000000, 0x000001dc42000000|  0%| F|  |TAMS 0x000001dc40000000, 0x000001dc40000000| Untracked 
| 361|0x000001dc42000000, 0x000001dc42000000, 0x000001dc44000000|  0%| F|  |TAMS 0x000001dc42000000, 0x000001dc42000000| Untracked 
| 362|0x000001dc44000000, 0x000001dc44000000, 0x000001dc46000000|  0%| F|  |TAMS 0x000001dc44000000, 0x000001dc44000000| Untracked 
| 363|0x000001dc46000000, 0x000001dc46000000, 0x000001dc48000000|  0%| F|  |TAMS 0x000001dc46000000, 0x000001dc46000000| Untracked 
| 364|0x000001dc48000000, 0x000001dc48000000, 0x000001dc4a000000|  0%| F|  |TAMS 0x000001dc48000000, 0x000001dc48000000| Untracked 
| 365|0x000001dc4a000000, 0x000001dc4a000000, 0x000001dc4c000000|  0%| F|  |TAMS 0x000001dc4a000000, 0x000001dc4a000000| Untracked 
| 366|0x000001dc4c000000, 0x000001dc4c000000, 0x000001dc4e000000|  0%| F|  |TAMS 0x000001dc4c000000, 0x000001dc4c000000| Untracked 
| 367|0x000001dc4e000000, 0x000001dc4e000000, 0x000001dc50000000|  0%| F|  |TAMS 0x000001dc4e000000, 0x000001dc4e000000| Untracked 
| 368|0x000001dc50000000, 0x000001dc50000000, 0x000001dc52000000|  0%| F|  |TAMS 0x000001dc50000000, 0x000001dc50000000| Untracked 
| 369|0x000001dc52000000, 0x000001dc52000000, 0x000001dc54000000|  0%| F|  |TAMS 0x000001dc52000000, 0x000001dc52000000| Untracked 
| 370|0x000001dc54000000, 0x000001dc54000000, 0x000001dc56000000|  0%| F|  |TAMS 0x000001dc54000000, 0x000001dc54000000| Untracked 
| 371|0x000001dc56000000, 0x000001dc56000000, 0x000001dc58000000|  0%| F|  |TAMS 0x000001dc56000000, 0x000001dc56000000| Untracked 
| 372|0x000001dc58000000, 0x000001dc58000000, 0x000001dc5a000000|  0%| F|  |TAMS 0x000001dc58000000, 0x000001dc58000000| Untracked 
| 373|0x000001dc5a000000, 0x000001dc5a000000, 0x000001dc5c000000|  0%| F|  |TAMS 0x000001dc5a000000, 0x000001dc5a000000| Untracked 
| 374|0x000001dc5c000000, 0x000001dc5c000000, 0x000001dc5e000000|  0%| F|  |TAMS 0x000001dc5c000000, 0x000001dc5c000000| Untracked 
| 375|0x000001dc5e000000, 0x000001dc5e000000, 0x000001dc60000000|  0%| F|  |TAMS 0x000001dc5e000000, 0x000001dc5e000000| Untracked 
| 376|0x000001dc60000000, 0x000001dc60000000, 0x000001dc62000000|  0%| F|  |TAMS 0x000001dc60000000, 0x000001dc60000000| Untracked 
| 377|0x000001dc62000000, 0x000001dc62000000, 0x000001dc64000000|  0%| F|  |TAMS 0x000001dc62000000, 0x000001dc62000000| Untracked 
| 378|0x000001dc64000000, 0x000001dc64000000, 0x000001dc66000000|  0%| F|  |TAMS 0x000001dc64000000, 0x000001dc64000000| Untracked 
| 379|0x000001dc66000000, 0x000001dc66000000, 0x000001dc68000000|  0%| F|  |TAMS 0x000001dc66000000, 0x000001dc66000000| Untracked 
| 380|0x000001dc68000000, 0x000001dc68000000, 0x000001dc6a000000|  0%| F|  |TAMS 0x000001dc68000000, 0x000001dc68000000| Untracked 
| 381|0x000001dc6a000000, 0x000001dc6a000000, 0x000001dc6c000000|  0%| F|  |TAMS 0x000001dc6a000000, 0x000001dc6a000000| Untracked 
| 382|0x000001dc6c000000, 0x000001dc6c000000, 0x000001dc6e000000|  0%| F|  |TAMS 0x000001dc6c000000, 0x000001dc6c000000| Untracked 
| 383|0x000001dc6e000000, 0x000001dc6e000000, 0x000001dc70000000|  0%| F|  |TAMS 0x000001dc6e000000, 0x000001dc6e000000| Untracked 
| 384|0x000001dc70000000, 0x000001dc70000000, 0x000001dc72000000|  0%| F|  |TAMS 0x000001dc70000000, 0x000001dc70000000| Untracked 
| 385|0x000001dc72000000, 0x000001dc72000000, 0x000001dc74000000|  0%| F|  |TAMS 0x000001dc72000000, 0x000001dc72000000| Untracked 
| 386|0x000001dc74000000, 0x000001dc74000000, 0x000001dc76000000|  0%| F|  |TAMS 0x000001dc74000000, 0x000001dc74000000| Untracked 
| 387|0x000001dc76000000, 0x000001dc76000000, 0x000001dc78000000|  0%| F|  |TAMS 0x000001dc76000000, 0x000001dc76000000| Untracked 
| 388|0x000001dc78000000, 0x000001dc78000000, 0x000001dc7a000000|  0%| F|  |TAMS 0x000001dc78000000, 0x000001dc78000000| Untracked 
| 389|0x000001dc7a000000, 0x000001dc7a000000, 0x000001dc7c000000|  0%| F|  |TAMS 0x000001dc7a000000, 0x000001dc7a000000| Untracked 
| 390|0x000001dc7c000000, 0x000001dc7c000000, 0x000001dc7e000000|  0%| F|  |TAMS 0x000001dc7c000000, 0x000001dc7c000000| Untracked 
| 391|0x000001dc7e000000, 0x000001dc7e000000, 0x000001dc80000000|  0%| F|  |TAMS 0x000001dc7e000000, 0x000001dc7e000000| Untracked 
| 392|0x000001dc80000000, 0x000001dc80000000, 0x000001dc82000000|  0%| F|  |TAMS 0x000001dc80000000, 0x000001dc80000000| Untracked 
| 393|0x000001dc82000000, 0x000001dc82000000, 0x000001dc84000000|  0%| F|  |TAMS 0x000001dc82000000, 0x000001dc82000000| Untracked 
| 394|0x000001dc84000000, 0x000001dc84000000, 0x000001dc86000000|  0%| F|  |TAMS 0x000001dc84000000, 0x000001dc84000000| Untracked 
| 395|0x000001dc86000000, 0x000001dc86000000, 0x000001dc88000000|  0%| F|  |TAMS 0x000001dc86000000, 0x000001dc86000000| Untracked 
| 396|0x000001dc88000000, 0x000001dc88000000, 0x000001dc8a000000|  0%| F|  |TAMS 0x000001dc88000000, 0x000001dc88000000| Untracked 
| 397|0x000001dc8a000000, 0x000001dc8a000000, 0x000001dc8c000000|  0%| F|  |TAMS 0x000001dc8a000000, 0x000001dc8a000000| Untracked 
| 398|0x000001dc8c000000, 0x000001dc8c000000, 0x000001dc8e000000|  0%| F|  |TAMS 0x000001dc8c000000, 0x000001dc8c000000| Untracked 
| 399|0x000001dc8e000000, 0x000001dc8e000000, 0x000001dc90000000|  0%| F|  |TAMS 0x000001dc8e000000, 0x000001dc8e000000| Untracked 
| 400|0x000001dc90000000, 0x000001dc90000000, 0x000001dc92000000|  0%| F|  |TAMS 0x000001dc90000000, 0x000001dc90000000| Untracked 
| 401|0x000001dc92000000, 0x000001dc92000000, 0x000001dc94000000|  0%| F|  |TAMS 0x000001dc92000000, 0x000001dc92000000| Untracked 
| 402|0x000001dc94000000, 0x000001dc94000000, 0x000001dc96000000|  0%| F|  |TAMS 0x000001dc94000000, 0x000001dc94000000| Untracked 
| 403|0x000001dc96000000, 0x000001dc96000000, 0x000001dc98000000|  0%| F|  |TAMS 0x000001dc96000000, 0x000001dc96000000| Untracked 
| 404|0x000001dc98000000, 0x000001dc98000000, 0x000001dc9a000000|  0%| F|  |TAMS 0x000001dc98000000, 0x000001dc98000000| Untracked 
| 405|0x000001dc9a000000, 0x000001dc9a000000, 0x000001dc9c000000|  0%| F|  |TAMS 0x000001dc9a000000, 0x000001dc9a000000| Untracked 
| 406|0x000001dc9c000000, 0x000001dc9c000000, 0x000001dc9e000000|  0%| F|  |TAMS 0x000001dc9c000000, 0x000001dc9c000000| Untracked 
| 407|0x000001dc9e000000, 0x000001dc9e000000, 0x000001dca0000000|  0%| F|  |TAMS 0x000001dc9e000000, 0x000001dc9e000000| Untracked 
| 408|0x000001dca0000000, 0x000001dca2000000, 0x000001dca2000000|100%| S|CS|TAMS 0x000001dca0000000, 0x000001dca0000000| Complete 
| 409|0x000001dca2000000, 0x000001dca2000000, 0x000001dca4000000|  0%| F|  |TAMS 0x000001dca2000000, 0x000001dca2000000| Untracked 
| 410|0x000001dca4000000, 0x000001dca4000000, 0x000001dca6000000|  0%| F|  |TAMS 0x000001dca4000000, 0x000001dca4000000| Untracked 
| 411|0x000001dca6000000, 0x000001dca6000000, 0x000001dca8000000|  0%| F|  |TAMS 0x000001dca6000000, 0x000001dca6000000| Untracked 
| 412|0x000001dca8000000, 0x000001dcaa000000, 0x000001dcaa000000|100%| S|CS|TAMS 0x000001dca8000000, 0x000001dca8000000| Complete 
| 413|0x000001dcaa000000, 0x000001dcac000000, 0x000001dcac000000|100%| S|CS|TAMS 0x000001dcaa000000, 0x000001dcaa000000| Complete 
| 414|0x000001dcac000000, 0x000001dcac000000, 0x000001dcae000000|  0%| F|  |TAMS 0x000001dcac000000, 0x000001dcac000000| Untracked 
| 415|0x000001dcae000000, 0x000001dcae000000, 0x000001dcb0000000|  0%| F|  |TAMS 0x000001dcae000000, 0x000001dcae000000| Untracked 
| 416|0x000001dcb0000000, 0x000001dcb0000000, 0x000001dcb2000000|  0%| F|  |TAMS 0x000001dcb0000000, 0x000001dcb0000000| Untracked 
| 417|0x000001dcb2000000, 0x000001dcb2000000, 0x000001dcb4000000|  0%| F|  |TAMS 0x000001dcb2000000, 0x000001dcb2000000| Untracked 
| 418|0x000001dcb4000000, 0x000001dcb4000000, 0x000001dcb6000000|  0%| F|  |TAMS 0x000001dcb4000000, 0x000001dcb4000000| Untracked 
| 419|0x000001dcb6000000, 0x000001dcb6000000, 0x000001dcb8000000|  0%| F|  |TAMS 0x000001dcb6000000, 0x000001dcb6000000| Untracked 
| 420|0x000001dcb8000000, 0x000001dcb8000000, 0x000001dcba000000|  0%| F|  |TAMS 0x000001dcb8000000, 0x000001dcb8000000| Untracked 
| 421|0x000001dcba000000, 0x000001dcba000000, 0x000001dcbc000000|  0%| F|  |TAMS 0x000001dcba000000, 0x000001dcba000000| Untracked 
| 422|0x000001dcbc000000, 0x000001dcbc000000, 0x000001dcbe000000|  0%| F|  |TAMS 0x000001dcbc000000, 0x000001dcbc000000| Untracked 
| 423|0x000001dcbe000000, 0x000001dcbe000000, 0x000001dcc0000000|  0%| F|  |TAMS 0x000001dcbe000000, 0x000001dcbe000000| Untracked 
| 424|0x000001dcc0000000, 0x000001dcc0000000, 0x000001dcc2000000|  0%| F|  |TAMS 0x000001dcc0000000, 0x000001dcc0000000| Untracked 
| 425|0x000001dcc2000000, 0x000001dcc2000000, 0x000001dcc4000000|  0%| F|  |TAMS 0x000001dcc2000000, 0x000001dcc2000000| Untracked 
| 426|0x000001dcc4000000, 0x000001dcc4000000, 0x000001dcc6000000|  0%| F|  |TAMS 0x000001dcc4000000, 0x000001dcc4000000| Untracked 
| 427|0x000001dcc6000000, 0x000001dcc6000000, 0x000001dcc8000000|  0%| F|  |TAMS 0x000001dcc6000000, 0x000001dcc6000000| Untracked 
| 428|0x000001dcc8000000, 0x000001dcc8000000, 0x000001dcca000000|  0%| F|  |TAMS 0x000001dcc8000000, 0x000001dcc8000000| Untracked 
| 429|0x000001dcca000000, 0x000001dcca000000, 0x000001dccc000000|  0%| F|  |TAMS 0x000001dcca000000, 0x000001dcca000000| Untracked 
| 430|0x000001dccc000000, 0x000001dccc000000, 0x000001dcce000000|  0%| F|  |TAMS 0x000001dccc000000, 0x000001dccc000000| Untracked 
| 431|0x000001dcce000000, 0x000001dcce000000, 0x000001dcd0000000|  0%| F|  |TAMS 0x000001dcce000000, 0x000001dcce000000| Untracked 

Card table byte_map: [0x000001d907d00000,0x000001d90fa00000] _byte_map_base: 0x000001d81b180000

Marking Bits (Prev, Next): (CMBitMap*) 0x000001d95b73d220, (CMBitMap*) 0x000001d95b73d260
 Prev Bits: [0x000001d917700000, 0x000001d955f00000)
 Next Bits: [0x000001e910000000, 0x000001e94e800000)

Polling page: 0x000001d95ae40000

Metaspace:

Usage:
  Non-class:      3.62 MB used.
      Class:    330.98 KB used.
       Both:      3.94 MB used.

Virtual space:
  Non-class space:       64.00 MB reserved,       3.69 MB (  6%) committed,  1 nodes.
      Class space:        1.00 GB reserved,     448.00 KB ( <1%) committed,  1 nodes.
             Both:        1.06 GB reserved,       4.12 MB ( <1%) committed. 

Chunk freelists:
   Non-Class:  11.95 MB
       Class:  15.61 MB
        Both:  27.56 MB

MaxMetaspaceSize: unlimited
CompressedClassSpaceSize: 1.00 GB
Initial GC threshold: 21.00 MB
Current GC threshold: 21.00 MB
CDS: off
MetaspaceReclaimPolicy: balanced
 - commit_granule_bytes: 65536.
 - commit_granule_words: 8192.
 - virtual_space_node_default_size: 8388608.
 - enlarge_chunks_in_place: 1.
 - new_chunks_are_fully_committed: 0.
 - uncommit_free_chunks: 1.
 - use_allocation_guard: 0.
 - handle_deallocations: 1.


Internal statistics:

num_allocs_failed_limit: 0.
num_arena_births: 4.
num_arena_deaths: 0.
num_vsnodes_births: 2.
num_vsnodes_deaths: 0.
num_space_committed: 66.
num_space_uncommitted: 0.
num_chunks_returned_to_freelist: 0.
num_chunks_taken_from_freelist: 12.
num_chunk_merges: 0.
num_chunk_splits: 6.
num_chunks_enlarged: 5.
num_inconsistent_stats: 0.

CodeHeap 'non-profiled nmethods': size=120000Kb used=40Kb max_used=40Kb free=119959Kb
 bounds [0x000001d966810000, 0x000001d966a80000, 0x000001d96dd40000]
CodeHeap 'profiled nmethods': size=120000Kb used=193Kb max_used=193Kb free=119806Kb
 bounds [0x000001d95ed40000, 0x000001d95efb0000, 0x000001d966270000]
CodeHeap 'non-nmethods': size=5760Kb used=1047Kb max_used=1069Kb free=4712Kb
 bounds [0x000001d966270000, 0x000001d9664e0000, 0x000001d966810000]
 total_blobs=447 nmethods=140 adapters=220
 compilation: enabled
              stopped_count=0, restarted_count=0
 full_count=0

Compilation events (20 events):
Event: 0.091 Thread 0x000001d96f1c2bc0 nmethod 128 0x000001d95ed68a10 code [0x000001d95ed68bc0, 0x000001d95ed68e58]
Event: 0.092 Thread 0x000001d96f1c1970 nmethod 131 0x000001d966815390 code [0x000001d966815520, 0x000001d966815678]
Event: 0.092 Thread 0x000001d96f1c1970  132       4       IAStuff.TreeNode::isThisCoordFather (35 bytes)
Event: 0.092 Thread 0x000001d96f1c1970 nmethod 132 0x000001d966815810 code [0x000001d966815980, 0x000001d966815a38]
Event: 0.092 Thread 0x000001d96f1c1970  133       4       IAStuff.TreeNode::<init> (10 bytes)
Event: 0.092 Thread 0x000001d96f1c1970 nmethod 133 0x000001d966815b10 code [0x000001d966815c80, 0x000001d966815d98]
Event: 0.093 Thread 0x000001d96f1c1970  134       4       IAStuff.NodesLine::addToLine (10 bytes)
Event: 0.094 Thread 0x000001d96f1c1970 nmethod 134 0x000001d966815e10 code [0x000001d966815fa0, 0x000001d966816258]
Event: 0.094 Thread 0x000001d96f1c1970  135       4       java.util.LinkedList::linkLast (59 bytes)
Event: 0.095 Thread 0x000001d96f1c1970 nmethod 135 0x000001d966816390 code [0x000001d966816520, 0x000001d9668167d8]
Event: 0.095 Thread 0x000001d96f1c1970  136       4       IAStuff.NodesLine::next (11 bytes)
Event: 0.096 Thread 0x000001d96f1c1970 nmethod 136 0x000001d966816890 code [0x000001d966816a20, 0x000001d966816cf8]
Event: 0.096 Thread 0x000001d96f1c1970  137       4       java.util.LinkedList::unlinkFirst (64 bytes)
Event: 0.097 Thread 0x000001d96f1c1970 nmethod 137 0x000001d966816e90 code [0x000001d966817000, 0x000001d966817298]
Event: 0.116 Thread 0x000001d96f1c2bc0  138 % !   3       IAStuff.WidthSearch::algorithm @ 74 (465 bytes)
Event: 0.117 Thread 0x000001d96f1c2bc0 nmethod 138% 0x000001d95ed68f90 code [0x000001d95ed69440, 0x000001d95ed6be08]
Event: 0.117 Thread 0x000001d96f1c2bc0  139   !   3       IAStuff.WidthSearch::algorithm (465 bytes)
Event: 0.119 Thread 0x000001d96f1c2bc0 nmethod 139 0x000001d95ed6cc10 code [0x000001d95ed6d0a0, 0x000001d95ed6f868]
Event: 0.122 Thread 0x000001d96f1c1970  140 % !   4       IAStuff.WidthSearch::algorithm @ 74 (465 bytes)
Event: 0.183 Thread 0x000001d96f1c1970 nmethod 140% 0x000001d966817390 code [0x000001d9668175e0, 0x000001d966819638]

GC Heap History (20 events):
Event: 0.579 GC heap after
{Heap after GC invocations=7 (full 0):
 garbage-first heap   total 1572864K, used 213436K [0x000001d970000000, 0x000001e910000000)
  region size 32768K, 1 young (32768K), 1 survivors (32768K)
 Metaspace       used 4039K, committed 4224K, reserved 1114112K
  class space    used 330K, committed 448K, reserved 1048576K
}
Event: 0.598 GC heap before
{Heap before GC invocations=7 (full 0):
 garbage-first heap   total 1572864K, used 246204K [0x000001d970000000, 0x000001e910000000)
  region size 32768K, 2 young (65536K), 1 survivors (32768K)
 Metaspace       used 4039K, committed 4224K, reserved 1114112K
  class space    used 330K, committed 448K, reserved 1048576K
}
Event: 0.663 GC heap after
{Heap after GC invocations=8 (full 0):
 garbage-first heap   total 1572864K, used 249252K [0x000001d970000000, 0x000001e910000000)
  region size 32768K, 1 young (32768K), 1 survivors (32768K)
 Metaspace       used 4039K, committed 4224K, reserved 1114112K
  class space    used 330K, committed 448K, reserved 1048576K
}
Event: 0.676 GC heap before
{Heap before GC invocations=8 (full 0):
 garbage-first heap   total 1572864K, used 282020K [0x000001d970000000, 0x000001e910000000)
  region size 32768K, 2 young (65536K), 1 survivors (32768K)
 Metaspace       used 4039K, committed 4224K, reserved 1114112K
  class space    used 330K, committed 448K, reserved 1048576K
}
Event: 0.752 GC heap after
{Heap after GC invocations=9 (full 0):
 garbage-first heap   total 4718592K, used 285511K [0x000001d970000000, 0x000001e910000000)
  region size 32768K, 1 young (32768K), 1 survivors (32768K)
 Metaspace       used 4039K, committed 4224K, reserved 1114112K
  class space    used 330K, committed 448K, reserved 1048576K
}
Event: 1.025 GC heap before
{Heap before GC invocations=9 (full 0):
 garbage-first heap   total 4718592K, used 482119K [0x000001d970000000, 0x000001e910000000)
  region size 32768K, 7 young (229376K), 1 survivors (32768K)
 Metaspace       used 4039K, committed 4224K, reserved 1114112K
  class space    used 330K, committed 448K, reserved 1048576K
}
Event: 1.240 GC heap after
{Heap after GC invocations=10 (full 0):
 garbage-first heap   total 4718592K, used 476257K [0x000001d970000000, 0x000001e910000000)
  region size 32768K, 1 young (32768K), 1 survivors (32768K)
 Metaspace       used 4039K, committed 4224K, reserved 1114112K
  class space    used 330K, committed 448K, reserved 1048576K
}
Event: 1.695 GC heap before
{Heap before GC invocations=10 (full 0):
 garbage-first heap   total 4718592K, used 672865K [0x000001d970000000, 0x000001e910000000)
  region size 32768K, 7 young (229376K), 1 survivors (32768K)
 Metaspace       used 4039K, committed 4224K, reserved 1114112K
  class space    used 330K, committed 448K, reserved 1048576K
}
Event: 1.883 GC heap after
{Heap after GC invocations=11 (full 0):
 garbage-first heap   total 4718592K, used 685192K [0x000001d970000000, 0x000001e910000000)
  region size 32768K, 1 young (32768K), 1 survivors (32768K)
 Metaspace       used 4039K, committed 4224K, reserved 1114112K
  class space    used 330K, committed 448K, reserved 1048576K
}
Event: 2.143 GC heap before
{Heap before GC invocations=11 (full 0):
 garbage-first heap   total 4718592K, used 881800K [0x000001d970000000, 0x000001e910000000)
  region size 32768K, 7 young (229376K), 1 survivors (32768K)
 Metaspace       used 4039K, committed 4224K, reserved 1114112K
  class space    used 330K, committed 448K, reserved 1048576K
}
Event: 2.325 GC heap after
{Heap after GC invocations=12 (full 0):
 garbage-first heap   total 4718592K, used 899514K [0x000001d970000000, 0x000001e910000000)
  region size 32768K, 1 young (32768K), 1 survivors (32768K)
 Metaspace       used 4039K, committed 4224K, reserved 1114112K
  class space    used 330K, committed 448K, reserved 1048576K
}
Event: 2.528 GC heap before
{Heap before GC invocations=12 (full 0):
 garbage-first heap   total 4718592K, used 1096122K [0x000001d970000000, 0x000001e910000000)
  region size 32768K, 7 young (229376K), 1 survivors (32768K)
 Metaspace       used 4039K, committed 4224K, reserved 1114112K
  class space    used 330K, committed 448K, reserved 1048576K
}
Event: 3.264 GC heap after
{Heap after GC invocations=13 (full 0):
 garbage-first heap   total 14155776K, used 1112321K [0x000001d970000000, 0x000001e910000000)
  region size 32768K, 1 young (32768K), 1 survivors (32768K)
 Metaspace       used 4039K, committed 4224K, reserved 1114112K
  class space    used 330K, committed 448K, reserved 1048576K
}
Event: 3.837 GC heap before
{Heap before GC invocations=13 (full 0):
 garbage-first heap   total 14155776K, used 1767681K [0x000001d970000000, 0x000001e910000000)
  region size 32768K, 21 young (688128K), 1 survivors (32768K)
 Metaspace       used 4039K, committed 4224K, reserved 1114112K
  class space    used 330K, committed 448K, reserved 1048576K
}
Event: 4.480 GC heap after
{Heap after GC invocations=14 (full 0):
 garbage-first heap   total 14155776K, used 1785139K [0x000001d970000000, 0x000001e910000000)
  region size 32768K, 3 young (98304K), 3 survivors (98304K)
 Metaspace       used 4039K, committed 4224K, reserved 1114112K
  class space    used 330K, committed 448K, reserved 1048576K
}
Event: 4.965 GC heap before
{Heap before GC invocations=14 (full 0):
 garbage-first heap   total 14155776K, used 2374963K [0x000001d970000000, 0x000001e910000000)
  region size 32768K, 21 young (688128K), 3 survivors (98304K)
 Metaspace       used 4039K, committed 4224K, reserved 1114112K
  class space    used 330K, committed 448K, reserved 1048576K
}
Event: 5.550 GC heap after
{Heap after GC invocations=15 (full 0):
 garbage-first heap   total 14155776K, used 2424832K [0x000001d970000000, 0x000001e910000000)
  region size 32768K, 3 young (98304K), 3 survivors (98304K)
 Metaspace       used 4039K, committed 4224K, reserved 1114112K
  class space    used 330K, committed 448K, reserved 1048576K
}
Event: 5.894 GC heap before
{Heap before GC invocations=15 (full 0):
 garbage-first heap   total 14155776K, used 3014656K [0x000001d970000000, 0x000001e910000000)
  region size 32768K, 21 young (688128K), 3 survivors (98304K)
 Metaspace       used 4039K, committed 4224K, reserved 1114112K
  class space    used 330K, committed 448K, reserved 1048576K
}
Event: 6.583 GC heap after
{Heap after GC invocations=16 (full 0):
 garbage-first heap   total 14155776K, used 3058725K [0x000001d970000000, 0x000001e910000000)
  region size 32768K, 3 young (98304K), 3 survivors (98304K)
 Metaspace       used 4039K, committed 4224K, reserved 1114112K
  class space    used 330K, committed 448K, reserved 1048576K
}
Event: 7.061 GC heap before
{Heap before GC invocations=16 (full 0):
 garbage-first heap   total 14155776K, used 3648549K [0x000001d970000000, 0x000001e910000000)
  region size 32768K, 21 young (688128K), 3 survivors (98304K)
 Metaspace       used 4039K, committed 4224K, reserved 1114112K
  class space    used 330K, committed 448K, reserved 1048576K
}

Dll operation events (1 events):
Event: 0.007 Loaded shared library C:\Users\rober\.p2\pool\plugins\org.eclipse.justj.openjdk.hotspot.jre.full.win32.x86_64_17.0.8.v20230801-1951\jre\bin\java.dll

Deoptimization events (2 events):
Event: 0.183 Thread 0x000001d96f336430 DEOPT PACKING pc=0x000001d95ed6b604 sp=0x0000000ab4eff550
Event: 0.183 Thread 0x000001d96f336430 DEOPT UNPACKING pc=0x000001d9662c7143 sp=0x0000000ab4efeac0 mode 0

Classes unloaded (0 events):
No events

Classes redefined (0 events):
No events

Internal exceptions (0 events):
No events

VM Operations (20 events):
Event: 0.579 Executing VM operation: G1CollectForAllocation done
Event: 0.598 Executing VM operation: G1CollectForAllocation
Event: 0.663 Executing VM operation: G1CollectForAllocation done
Event: 0.676 Executing VM operation: G1CollectForAllocation
Event: 0.752 Executing VM operation: G1CollectForAllocation done
Event: 1.025 Executing VM operation: G1CollectForAllocation
Event: 1.240 Executing VM operation: G1CollectForAllocation done
Event: 1.695 Executing VM operation: G1CollectForAllocation
Event: 1.883 Executing VM operation: G1CollectForAllocation done
Event: 2.143 Executing VM operation: G1CollectForAllocation
Event: 2.326 Executing VM operation: G1CollectForAllocation done
Event: 2.528 Executing VM operation: G1CollectForAllocation
Event: 3.264 Executing VM operation: G1CollectForAllocation done
Event: 3.836 Executing VM operation: G1CollectForAllocation
Event: 4.480 Executing VM operation: G1CollectForAllocation done
Event: 4.965 Executing VM operation: G1CollectForAllocation
Event: 5.550 Executing VM operation: G1CollectForAllocation done
Event: 5.894 Executing VM operation: G1CollectForAllocation
Event: 6.583 Executing VM operation: G1CollectForAllocation done
Event: 7.056 Executing VM operation: G1CollectForAllocation

Events (20 events):
Event: 0.082 loading class jdk/internal/math/FDBigInteger
Event: 0.082 loading class jdk/internal/math/FDBigInteger done
Event: 0.086 loading class java/nio/CharBuffer
Event: 0.086 loading class java/lang/Readable
Event: 0.086 loading class java/lang/Readable done
Event: 0.086 loading class java/nio/CharBuffer done
Event: 0.086 loading class java/nio/HeapCharBuffer
Event: 0.086 loading class java/nio/HeapCharBuffer done
Event: 0.087 loading class java/nio/charset/CoderResult
Event: 0.087 loading class java/nio/charset/CoderResult done
Event: 0.087 loading class java/lang/InterruptedException
Event: 0.087 loading class java/lang/InterruptedException done
Event: 0.088 Thread 0x000001d96f336430 Thread added: 0x000001d96f336430
Event: 0.088 Thread 0x000001d96f3391c0 Thread added: 0x000001d96f3391c0
Event: 0.090 loading class java/util/LinkedList
Event: 0.090 loading class java/util/AbstractSequentialList
Event: 0.090 loading class java/util/AbstractSequentialList done
Event: 0.090 loading class java/util/LinkedList done
Event: 0.090 loading class java/util/LinkedList$Node
Event: 0.090 loading class java/util/LinkedList$Node done


Dynamic libraries:
0x00007ff633b40000 - 0x00007ff633b4e000 	C:\Users\rober\.p2\pool\plugins\org.eclipse.justj.openjdk.hotspot.jre.full.win32.x86_64_17.0.8.v20230801-1951\jre\bin\javaw.exe
0x00007ffae8150000 - 0x00007ffae8364000 	C:\WINDOWS\SYSTEM32\ntdll.dll
0x00007ffae7f10000 - 0x00007ffae7fd4000 	C:\WINDOWS\System32\KERNEL32.DLL
0x00007ffae5620000 - 0x00007ffae59c4000 	C:\WINDOWS\System32\KERNELBASE.dll
0x00007ffae59d0000 - 0x00007ffae5ae1000 	C:\WINDOWS\System32\ucrtbase.dll
0x00007ffae2870000 - 0x00007ffae2887000 	C:\Users\rober\.p2\pool\plugins\org.eclipse.justj.openjdk.hotspot.jre.full.win32.x86_64_17.0.8.v20230801-1951\jre\bin\jli.dll
0x00007ffadfb50000 - 0x00007ffadfb69000 	C:\Users\rober\.p2\pool\plugins\org.eclipse.justj.openjdk.hotspot.jre.full.win32.x86_64_17.0.8.v20230801-1951\jre\bin\VCRUNTIME140.dll
0x00007ffae6b00000 - 0x00007ffae6cae000 	C:\WINDOWS\System32\USER32.dll
0x00007fface250000 - 0x00007fface4e3000 	C:\WINDOWS\WinSxS\amd64_microsoft.windows.common-controls_6595b64144ccf1df_6.0.22621.2215_none_270d72677387dfc3\COMCTL32.dll
0x00007ffae5dc0000 - 0x00007ffae5de6000 	C:\WINDOWS\System32\win32u.dll
0x00007ffae7710000 - 0x00007ffae7739000 	C:\WINDOWS\System32\GDI32.dll
0x00007ffae7fe0000 - 0x00007ffae8087000 	C:\WINDOWS\System32\msvcrt.dll
0x00007ffae5500000 - 0x00007ffae5618000 	C:\WINDOWS\System32\gdi32full.dll
0x00007ffae5d20000 - 0x00007ffae5dba000 	C:\WINDOWS\System32\msvcp_win.dll
0x00007ffae7640000 - 0x00007ffae7671000 	C:\WINDOWS\System32\IMM32.DLL
0x00007ffae2860000 - 0x00007ffae286c000 	C:\Users\rober\.p2\pool\plugins\org.eclipse.justj.openjdk.hotspot.jre.full.win32.x86_64_17.0.8.v20230801-1951\jre\bin\vcruntime140_1.dll
0x00007ffad70d0000 - 0x00007ffad7161000 	C:\Users\rober\.p2\pool\plugins\org.eclipse.justj.openjdk.hotspot.jre.full.win32.x86_64_17.0.8.v20230801-1951\jre\bin\msvcp140.dll
0x00007ffaa8ea0000 - 0x00007ffaa9aec000 	C:\Users\rober\.p2\pool\plugins\org.eclipse.justj.openjdk.hotspot.jre.full.win32.x86_64_17.0.8.v20230801-1951\jre\bin\server\jvm.dll
0x00007ffae5f70000 - 0x00007ffae6020000 	C:\WINDOWS\System32\ADVAPI32.dll
0x00007ffae7a50000 - 0x00007ffae7af6000 	C:\WINDOWS\System32\sechost.dll
0x00007ffae7d10000 - 0x00007ffae7e27000 	C:\WINDOWS\System32\RPCRT4.dll
0x00007ffae43b0000 - 0x00007ffae43fd000 	C:\WINDOWS\SYSTEM32\POWRPROF.dll
0x00007ffae0930000 - 0x00007ffae0939000 	C:\WINDOWS\SYSTEM32\WSOCK32.dll
0x00007ffadd720000 - 0x00007ffadd754000 	C:\WINDOWS\SYSTEM32\WINMM.dll
0x00007ffae8090000 - 0x00007ffae8101000 	C:\WINDOWS\System32\WS2_32.dll
0x00007ffadb520000 - 0x00007ffadb52a000 	C:\WINDOWS\SYSTEM32\VERSION.dll
0x00007ffae4390000 - 0x00007ffae43a3000 	C:\WINDOWS\SYSTEM32\UMPDC.dll
0x00007ffae45b0000 - 0x00007ffae45c8000 	C:\WINDOWS\SYSTEM32\kernel.appcore.dll
0x00007ffae0230000 - 0x00007ffae023a000 	C:\Users\rober\.p2\pool\plugins\org.eclipse.justj.openjdk.hotspot.jre.full.win32.x86_64_17.0.8.v20230801-1951\jre\bin\jimage.dll
0x00007ffadd330000 - 0x00007ffadd55e000 	C:\WINDOWS\SYSTEM32\DBGHELP.DLL
0x00007ffae62f0000 - 0x00007ffae667a000 	C:\WINDOWS\System32\combase.dll
0x00007ffae7e30000 - 0x00007ffae7f07000 	C:\WINDOWS\System32\OLEAUT32.dll
0x00007ffacdd00000 - 0x00007ffacdd32000 	C:\WINDOWS\SYSTEM32\dbgcore.DLL
0x00007ffae5df0000 - 0x00007ffae5e6a000 	C:\WINDOWS\System32\bcryptPrimitives.dll
0x00007ffadf7c0000 - 0x00007ffadf7e5000 	C:\Users\rober\.p2\pool\plugins\org.eclipse.justj.openjdk.hotspot.jre.full.win32.x86_64_17.0.8.v20230801-1951\jre\bin\java.dll
0x00007ffadfc90000 - 0x00007ffadfca8000 	C:\Users\rober\.p2\pool\plugins\org.eclipse.justj.openjdk.hotspot.jre.full.win32.x86_64_17.0.8.v20230801-1951\jre\bin\zip.dll
0x00007ffae6cb0000 - 0x00007ffae74d3000 	C:\WINDOWS\System32\SHELL32.dll
0x00007ffae34a0000 - 0x00007ffae3d8a000 	C:\WINDOWS\SYSTEM32\windows.storage.dll
0x00007ffae3360000 - 0x00007ffae349e000 	C:\WINDOWS\SYSTEM32\wintypes.dll
0x00007ffae6020000 - 0x00007ffae6113000 	C:\WINDOWS\System32\SHCORE.dll
0x00007ffae7570000 - 0x00007ffae75ce000 	C:\WINDOWS\System32\shlwapi.dll
0x00007ffae5430000 - 0x00007ffae5456000 	C:\WINDOWS\SYSTEM32\profapi.dll

dbghelp: loaded successfully - version: 4.0.5 - missing functions: none
symbol engine: initialized successfully - sym options: 0x614 - pdb path: .;C:\Users\rober\.p2\pool\plugins\org.eclipse.justj.openjdk.hotspot.jre.full.win32.x86_64_17.0.8.v20230801-1951\jre\bin;C:\WINDOWS\SYSTEM32;C:\WINDOWS\WinSxS\amd64_microsoft.windows.common-controls_6595b64144ccf1df_6.0.22621.2215_none_270d72677387dfc3;C:\Users\rober\.p2\pool\plugins\org.eclipse.justj.openjdk.hotspot.jre.full.win32.x86_64_17.0.8.v20230801-1951\jre\bin\server

VM Arguments:
jvm_args: -Xms256M -Xmx20G -Xms512M -Xmx64000M -Dfile.encoding=UTF-8 -XX:+ShowCodeDetailsInExceptionMessages 
java_command: ia_practica_2.Principal
java_class_path (initial): C:\Users\rober\eclipse-workspace\ia_practica_2\bin
Launcher Type: SUN_STANDARD

[Global flags]
     intx CICompilerCount                          = 4                                         {product} {ergonomic}
     uint ConcGCThreads                            = 3                                         {product} {ergonomic}
     uint G1ConcRefinementThreads                  = 10                                        {product} {ergonomic}
   size_t G1HeapRegionSize                         = 33554432                                  {product} {ergonomic}
    uintx GCDrainStackTargetSize                   = 64                                        {product} {ergonomic}
   size_t InitialHeapSize                          = 536870912                                 {product} {command line}
   size_t MarkStackSize                            = 4194304                                   {product} {ergonomic}
   size_t MaxHeapSize                              = 67108864000                               {product} {command line}
   size_t MaxNewSize                               = 40265318400                               {product} {ergonomic}
   size_t MinHeapDeltaBytes                        = 33554432                                  {product} {ergonomic}
   size_t MinHeapSize                              = 536870912                                 {product} {command line}
    uintx NonNMethodCodeHeapSize                   = 5839372                                {pd product} {ergonomic}
    uintx NonProfiledCodeHeapSize                  = 122909434                              {pd product} {ergonomic}
    uintx ProfiledCodeHeapSize                     = 122909434                              {pd product} {ergonomic}
    uintx ReservedCodeCacheSize                    = 251658240                              {pd product} {ergonomic}
     bool SegmentedCodeCache                       = true                                      {product} {ergonomic}
     bool ShowCodeDetailsInExceptionMessages       = true                                   {manageable} {command line}
   size_t SoftMaxHeapSize                          = 67108864000                            {manageable} {ergonomic}
     bool UseCompressedClassPointers               = true                           {product lp64_product} {ergonomic}
     bool UseG1GC                                  = true                                      {product} {ergonomic}
     bool UseLargePagesIndividualAllocation        = false                                  {pd product} {ergonomic}

Logging:
Log output configuration:
 #0: stdout all=warning uptime,level,tags
 #1: stderr all=off uptime,level,tags

Environment Variables:
PATH=C:/Users/rober/.p2/pool/plugins/org.eclipse.justj.openjdk.hotspot.jre.full.win32.x86_64_17.0.8.v20230801-1951/jre/bin/server;C:/Users/rober/.p2/pool/plugins/org.eclipse.justj.openjdk.hotspot.jre.full.win32.x86_64_17.0.8.v20230801-1951/jre/bin;C:\Program Files (x86)\Common Files\Oracle\Java\javapath;C:\WINDOWS\system32;C:\WINDOWS;C:\WINDOWS\System32\Wbem;C:\WINDOWS\System32\WindowsPowerShell\v1.0\;C:\WINDOWS\System32\OpenSSH\;C:\Program Files (x86)\NVIDIA Corporation\PhysX\Common;C:\ProgramData\chocolatey\bin;C:\Program Files\PuTTY\;C:\Program Files\nodejs\;C:\Program Files\Git\cmd;C:\Program Files\dotnet\;C:\Python311\Scripts\;C:\Python311\;C:\Users\rober\AppData\Local\Programs\Python\Python311\Scripts\;C:\Users\rober\AppData\Local\Programs\Python\Python311\;C:\Users\rober\.cargo\bin;C:\Users\rober\AppData\Local\Microsoft\WindowsApps;C:\Users\rober\AppData\Local\Programs\Microsoft VS Code\bin;C:\Users\rober\AppData\Local\GitHubDesktop\bin;C:\Users\rober\AppData\Roaming\npm;C:\Program Files (x86)\SSH Communications Security\SSH Secure Shell;C:\WINDOWS\system32;
USERNAME=rober
OS=Windows_NT
PROCESSOR_IDENTIFIER=AMD64 Family 25 Model 80 Stepping 0, AuthenticAMD
TMP=C:\Users\rober\AppData\Local\Temp
TEMP=C:\Users\rober\AppData\Local\Temp



---------------  S Y S T E M  ---------------

OS:
 Windows 11 , 64 bit Build 22621 (10.0.22621.2215)
OS uptime: 0 days 3:52 hours

CPU: total 12 (initial active 12) (12 cores per cpu, 2 threads per core) family 25 model 80 stepping 0 microcode 0x0, cx8, cmov, fxsr, ht, mmx, 3dnowpref, sse, sse2, sse3, ssse3, sse4a, sse4.1, sse4.2, popcnt, lzcnt, tsc, tscinvbit, avx, avx2, aes, erms, clmul, bmi1, bmi2, adx, sha, fma, vzeroupper, clflush, clflushopt
Processor Information for all 12 processors :
  Max Mhz: 3901, Current Mhz: 3901, Mhz Limit: 3901

Memory: 4k page, system-wide physical 32562M (10818M free)
TotalPageFile size 89266M (AvailPageFile size 7956M)
current process WorkingSet (physical memory assigned to process): 4408M, peak: 4408M
current process commit charge ("private bytes"): 14452M, peak: 34547M

vm_info: OpenJDK 64-Bit Server VM (17.0.8+7) for windows-amd64 JRE (17.0.8+7), built on Jul 18 2023 21:02:32 by "admin" with MS VC++ 16.7 (VS2019)

END.
